[2.180s] Invoking command in '/home/zhr/robot_arm/build/sim_motor_controller': PYTHONPATH=/home/zhr/robot_arm/build/sim_motor_controller/prefix_override:/usr/lib/python3/dist-packages/colcon_core/task/python/colcon_distutils_commands:/home/zhr/robot_arm/install/sim_motor_controller/lib/python3.10/site-packages:${PYTHONPATH} /usr/bin/python3 -W ignore:setup.py install is deprecated -W ignore:easy_install command is deprecated setup.py develop --editable --build-directory /home/zhr/robot_arm/build/sim_motor_controller/build --no-deps symlink_data --force
[2.709s] running develop
[3.019s] running egg_info
[3.019s] writing src/sim_motor_controller.egg-info/PKG-INFO
[3.019s] writing dependency_links to src/sim_motor_controller.egg-info/dependency_links.txt
[3.020s] writing entry points to src/sim_motor_controller.egg-info/entry_points.txt
[3.020s] writing requirements to src/sim_motor_controller.egg-info/requires.txt
[3.020s] writing top-level names to src/sim_motor_controller.egg-info/top_level.txt
[3.212s] reading manifest file 'src/sim_motor_controller.egg-info/SOURCES.txt'
[3.355s] writing manifest file 'src/sim_motor_controller.egg-info/SOURCES.txt'
[3.359s] running build_ext
[3.359s] Creating /home/zhr/robot_arm/install/sim_motor_controller/lib/python3.10/site-packages/sim-motor-controller.egg-link (link to src)
[3.361s] Installing sim_motor_controller_node script to /home/zhr/robot_arm/install/sim_motor_controller/lib/sim_motor_controller
[3.372s] 
[3.372s] Installed /home/zhr/robot_arm/build/sim_motor_controller/src
[3.373s] running symlink_data
[3.373s] symbolically linking /home/zhr/robot_arm/build/sim_motor_controller/resource/sim_motor_controller -> /home/zhr/robot_arm/install/sim_motor_controller/share/ament_index/resource_index/packages
[3.373s] symbolically linking /home/zhr/robot_arm/build/sim_motor_controller/package.xml -> /home/zhr/robot_arm/install/sim_motor_controller/share/sim_motor_controller
[3.373s] symbolically linking /home/zhr/robot_arm/build/sim_motor_controller/README.md -> /home/zhr/robot_arm/install/sim_motor_controller/share/sim_motor_controller
[3.373s] symbolically linking /home/zhr/robot_arm/build/sim_motor_controller/config/sim_controllers.yaml -> /home/zhr/robot_arm/install/sim_motor_controller/share/sim_motor_controller/config
[3.374s] symbolically linking /home/zhr/robot_arm/build/sim_motor_controller/config/sim_motor_controller.yaml -> /home/zhr/robot_arm/install/sim_motor_controller/share/sim_motor_controller/config
[3.374s] symbolically linking /home/zhr/robot_arm/build/sim_motor_controller/launch/sim_motor_controller.launch.py -> /home/zhr/robot_arm/install/sim_motor_controller/share/sim_motor_controller/launch
[3.424s] Invoked command in '/home/zhr/robot_arm/build/sim_motor_controller' returned '0': PYTHONPATH=/home/zhr/robot_arm/build/sim_motor_controller/prefix_override:/usr/lib/python3/dist-packages/colcon_core/task/python/colcon_distutils_commands:/home/zhr/robot_arm/install/sim_motor_controller/lib/python3.10/site-packages:${PYTHONPATH} /usr/bin/python3 -W ignore:setup.py install is deprecated -W ignore:easy_install command is deprecated setup.py develop --editable --build-directory /home/zhr/robot_arm/build/sim_motor_controller/build --no-deps symlink_data --force
