running egg_info
creating ../../build/sim_motor_controller/sim_motor_controller.egg-info
writing ../../build/sim_motor_controller/sim_motor_controller.egg-info/PKG-INFO
writing dependency_links to ../../build/sim_motor_controller/sim_motor_controller.egg-info/dependency_links.txt
writing entry points to ../../build/sim_motor_controller/sim_motor_controller.egg-info/entry_points.txt
writing requirements to ../../build/sim_motor_controller/sim_motor_controller.egg-info/requires.txt
writing top-level names to ../../build/sim_motor_controller/sim_motor_controller.egg-info/top_level.txt
writing manifest file '../../build/sim_motor_controller/sim_motor_controller.egg-info/SOURCES.txt'
reading manifest file '../../build/sim_motor_controller/sim_motor_controller.egg-info/SOURCES.txt'
writing manifest file '../../build/sim_motor_controller/sim_motor_controller.egg-info/SOURCES.txt'
running build
running build_py
creating /home/zhr/robot_arm/build/sim_motor_controller/build
creating /home/zhr/robot_arm/build/sim_motor_controller/build/lib
creating /home/zhr/robot_arm/build/sim_motor_controller/build/lib/sim_motor_controller
copying src/sim_motor_controller/sim_motor_controller_node.py -> /home/zhr/robot_arm/build/sim_motor_controller/build/lib/sim_motor_controller
copying src/sim_motor_controller/__init__.py -> /home/zhr/robot_arm/build/sim_motor_controller/build/lib/sim_motor_controller
running install
running install_lib
creating /home/zhr/robot_arm/install/sim_motor_controller/lib/python3.10/site-packages/sim_motor_controller
copying /home/zhr/robot_arm/build/sim_motor_controller/build/lib/sim_motor_controller/sim_motor_controller_node.py -> /home/zhr/robot_arm/install/sim_motor_controller/lib/python3.10/site-packages/sim_motor_controller
copying /home/zhr/robot_arm/build/sim_motor_controller/build/lib/sim_motor_controller/__init__.py -> /home/zhr/robot_arm/install/sim_motor_controller/lib/python3.10/site-packages/sim_motor_controller
byte-compiling /home/zhr/robot_arm/install/sim_motor_controller/lib/python3.10/site-packages/sim_motor_controller/sim_motor_controller_node.py to sim_motor_controller_node.cpython-310.pyc
byte-compiling /home/zhr/robot_arm/install/sim_motor_controller/lib/python3.10/site-packages/sim_motor_controller/__init__.py to __init__.cpython-310.pyc
running install_data
running install_egg_info
Copying ../../build/sim_motor_controller/sim_motor_controller.egg-info to /home/zhr/robot_arm/install/sim_motor_controller/lib/python3.10/site-packages/sim_motor_controller-0.1.0-py3.10.egg-info
running install_scripts
Installing sim_motor_controller_node script to /home/zhr/robot_arm/install/sim_motor_controller/lib/sim_motor_controller
writing list of installed files to '/home/zhr/robot_arm/build/sim_motor_controller/install.log'
