[0.984s] Invoking command in '/home/zhr/robot_arm/src/sim_motor_controller': PYTHONPATH=/home/zhr/robot_arm/build/sim_motor_controller/prefix_override:/usr/lib/python3/dist-packages/colcon_core/task/python/colcon_distutils_commands:/home/zhr/robot_arm/install/sim_motor_controller/lib/python3.10/site-packages:${PYTHONPATH} /usr/bin/python3 -W ignore:setup.py install is deprecated -W ignore:easy_install command is deprecated setup.py egg_info --egg-base ../../build/sim_motor_controller build --build-base /home/zhr/robot_arm/build/sim_motor_controller/build install --record /home/zhr/robot_arm/build/sim_motor_controller/install.log --single-version-externally-managed install_data
[1.210s] running egg_info
[1.211s] creating ../../build/sim_motor_controller/sim_motor_controller.egg-info
[1.211s] writing ../../build/sim_motor_controller/sim_motor_controller.egg-info/PKG-INFO
[1.211s] writing dependency_links to ../../build/sim_motor_controller/sim_motor_controller.egg-info/dependency_links.txt
[1.211s] writing entry points to ../../build/sim_motor_controller/sim_motor_controller.egg-info/entry_points.txt
[1.212s] writing requirements to ../../build/sim_motor_controller/sim_motor_controller.egg-info/requires.txt
[1.212s] writing top-level names to ../../build/sim_motor_controller/sim_motor_controller.egg-info/top_level.txt
[1.221s] writing manifest file '../../build/sim_motor_controller/sim_motor_controller.egg-info/SOURCES.txt'
[1.223s] reading manifest file '../../build/sim_motor_controller/sim_motor_controller.egg-info/SOURCES.txt'
[1.224s] writing manifest file '../../build/sim_motor_controller/sim_motor_controller.egg-info/SOURCES.txt'
[1.225s] running build
[1.225s] running build_py
[1.225s] creating /home/zhr/robot_arm/build/sim_motor_controller/build
[1.225s] creating /home/zhr/robot_arm/build/sim_motor_controller/build/lib
[1.225s] creating /home/zhr/robot_arm/build/sim_motor_controller/build/lib/sim_motor_controller
[1.225s] copying src/sim_motor_controller/sim_motor_controller_node.py -> /home/zhr/robot_arm/build/sim_motor_controller/build/lib/sim_motor_controller
[1.225s] copying src/sim_motor_controller/__init__.py -> /home/zhr/robot_arm/build/sim_motor_controller/build/lib/sim_motor_controller
[1.226s] running install
[1.226s] running install_lib
[1.226s] creating /home/zhr/robot_arm/install/sim_motor_controller/lib/python3.10/site-packages/sim_motor_controller
[1.226s] copying /home/zhr/robot_arm/build/sim_motor_controller/build/lib/sim_motor_controller/sim_motor_controller_node.py -> /home/zhr/robot_arm/install/sim_motor_controller/lib/python3.10/site-packages/sim_motor_controller
[1.227s] copying /home/zhr/robot_arm/build/sim_motor_controller/build/lib/sim_motor_controller/__init__.py -> /home/zhr/robot_arm/install/sim_motor_controller/lib/python3.10/site-packages/sim_motor_controller
[1.227s] byte-compiling /home/zhr/robot_arm/install/sim_motor_controller/lib/python3.10/site-packages/sim_motor_controller/sim_motor_controller_node.py to sim_motor_controller_node.cpython-310.pyc
[1.229s] byte-compiling /home/zhr/robot_arm/install/sim_motor_controller/lib/python3.10/site-packages/sim_motor_controller/__init__.py to __init__.cpython-310.pyc
[1.230s] running install_data
[1.230s] running install_egg_info
[1.232s] Copying ../../build/sim_motor_controller/sim_motor_controller.egg-info to /home/zhr/robot_arm/install/sim_motor_controller/lib/python3.10/site-packages/sim_motor_controller-0.1.0-py3.10.egg-info
[1.232s] running install_scripts
[1.250s] Installing sim_motor_controller_node script to /home/zhr/robot_arm/install/sim_motor_controller/lib/sim_motor_controller
[1.250s] writing list of installed files to '/home/zhr/robot_arm/build/sim_motor_controller/install.log'
[1.275s] Invoked command in '/home/zhr/robot_arm/src/sim_motor_controller' returned '0': PYTHONPATH=/home/zhr/robot_arm/build/sim_motor_controller/prefix_override:/usr/lib/python3/dist-packages/colcon_core/task/python/colcon_distutils_commands:/home/zhr/robot_arm/install/sim_motor_controller/lib/python3.10/site-packages:${PYTHONPATH} /usr/bin/python3 -W ignore:setup.py install is deprecated -W ignore:easy_install command is deprecated setup.py egg_info --egg-base ../../build/sim_motor_controller build --build-base /home/zhr/robot_arm/build/sim_motor_controller/build install --record /home/zhr/robot_arm/build/sim_motor_controller/install.log --single-version-externally-managed install_data
