[0.015s] Invoking command in '/home/zhr/robot_arm/build/arm_controller': CMAKE_PREFIX_PATH=/opt/ros/humble /opt/st/stm32cubeclt_1.17.0/CMake/bin/cmake /home/zhr/robot_arm/src/arm_controller -DCMAKE_EXPORT_COMPILE_COMMANDS=ON -DCMAKE_INSTALL_PREFIX=/home/zhr/robot_arm/install/arm_controller
[0.034s] -- Found ament_cmake: 1.3.13 (/opt/ros/humble/share/ament_cmake/cmake)
[0.287s] -- Override CMake install command with custom implementation using symlinks instead of copying resources
[0.308s] -- Found geometry_msgs: 4.9.1 (/opt/ros/humble/share/geometry_msgs/cmake)
[0.351s] -- Found rosidl_generator_c: 3.1.8 (/opt/ros/humble/share/rosidl_generator_c/cmake)
[0.355s] -- Found rosidl_adapter: 3.1.8 (/opt/ros/humble/share/rosidl_adapter/cmake)
[0.367s] -- Found rosidl_generator_cpp: 3.1.8 (/opt/ros/humble/share/rosidl_generator_cpp/cmake)
[0.389s] -- Using all available rosidl_typesupport_c: rosidl_typesupport_fastrtps_c;rosidl_typesupport_introspection_c
[0.415s] -- Using all available rosidl_typesupport_cpp: rosidl_typesupport_fastrtps_cpp;rosidl_typesupport_introspection_cpp
[0.490s] -- Found rclcpp: 16.0.18 (/opt/ros/humble/share/rclcpp/cmake)
[0.536s] -- Found rmw_implementation_cmake: 6.1.2 (/opt/ros/humble/share/rmw_implementation_cmake/cmake)
[0.538s] -- Found rmw_fastrtps_cpp: 6.2.10 (/opt/ros/humble/share/rmw_fastrtps_cpp/cmake)
[0.674s] -- Using RMW implementation 'rmw_fastrtps_cpp' as default
[0.755s] -- Found sensor_msgs: 4.9.1 (/opt/ros/humble/share/sensor_msgs/cmake)
[0.849s] -- Configuring done (0.8s)
[0.871s] -- Generating done (0.0s)
[0.877s] -- Build files have been written to: /home/zhr/robot_arm/build/arm_controller
[0.885s] Invoked command in '/home/zhr/robot_arm/build/arm_controller' returned '0': CMAKE_PREFIX_PATH=/opt/ros/humble /opt/st/stm32cubeclt_1.17.0/CMake/bin/cmake /home/zhr/robot_arm/src/arm_controller -DCMAKE_EXPORT_COMPILE_COMMANDS=ON -DCMAKE_INSTALL_PREFIX=/home/zhr/robot_arm/install/arm_controller
[0.887s] Invoking command in '/home/zhr/robot_arm/build/arm_controller': CMAKE_PREFIX_PATH=/opt/ros/humble /opt/st/stm32cubeclt_1.17.0/CMake/bin/cmake --build /home/zhr/robot_arm/build/arm_controller -- -j8 -l8
[0.919s] [100%] Built target arm_controller_node
[0.922s] Invoked command in '/home/zhr/robot_arm/build/arm_controller' returned '0': CMAKE_PREFIX_PATH=/opt/ros/humble /opt/st/stm32cubeclt_1.17.0/CMake/bin/cmake --build /home/zhr/robot_arm/build/arm_controller -- -j8 -l8
[0.928s] Invoking command in '/home/zhr/robot_arm/build/arm_controller': CMAKE_PREFIX_PATH=/opt/ros/humble /opt/st/stm32cubeclt_1.17.0/CMake/bin/cmake --install /home/zhr/robot_arm/build/arm_controller
[0.930s] -- Install configuration: ""
[0.930s] -- Execute custom install script
[0.931s] -- Up-to-date symlink: /home/zhr/robot_arm/install/arm_controller/lib/arm_controller/arm_controller_node
[0.931s] -- Up-to-date symlink: /home/zhr/robot_arm/install/arm_controller/share/arm_controller/config/arm_controller.yaml
[0.932s] -- Up-to-date symlink: /home/zhr/robot_arm/install/arm_controller/share/ament_index/resource_index/package_run_dependencies/arm_controller
[0.932s] -- Up-to-date symlink: /home/zhr/robot_arm/install/arm_controller/share/ament_index/resource_index/parent_prefix_path/arm_controller
[0.933s] -- Up-to-date symlink: /home/zhr/robot_arm/install/arm_controller/share/arm_controller/environment/ament_prefix_path.sh
[0.933s] -- Up-to-date symlink: /home/zhr/robot_arm/install/arm_controller/share/arm_controller/environment/ament_prefix_path.dsv
[0.933s] -- Up-to-date symlink: /home/zhr/robot_arm/install/arm_controller/share/arm_controller/environment/path.sh
[0.933s] -- Up-to-date symlink: /home/zhr/robot_arm/install/arm_controller/share/arm_controller/environment/path.dsv
[0.934s] -- Up-to-date symlink: /home/zhr/robot_arm/install/arm_controller/share/arm_controller/local_setup.bash
[0.934s] -- Up-to-date symlink: /home/zhr/robot_arm/install/arm_controller/share/arm_controller/local_setup.sh
[0.934s] -- Up-to-date symlink: /home/zhr/robot_arm/install/arm_controller/share/arm_controller/local_setup.zsh
[0.935s] -- Up-to-date symlink: /home/zhr/robot_arm/install/arm_controller/share/arm_controller/local_setup.dsv
[0.935s] -- Symlinking: /home/zhr/robot_arm/install/arm_controller/share/arm_controller/package.dsv
[0.938s] -- Up-to-date symlink: /home/zhr/robot_arm/install/arm_controller/share/ament_index/resource_index/packages/arm_controller
[0.939s] -- Up-to-date symlink: /home/zhr/robot_arm/install/arm_controller/share/arm_controller/cmake/arm_controllerConfig.cmake
[0.939s] -- Up-to-date symlink: /home/zhr/robot_arm/install/arm_controller/share/arm_controller/cmake/arm_controllerConfig-version.cmake
[0.939s] -- Up-to-date symlink: /home/zhr/robot_arm/install/arm_controller/share/arm_controller/package.xml
[0.941s] Invoked command in '/home/zhr/robot_arm/build/arm_controller' returned '0': CMAKE_PREFIX_PATH=/opt/ros/humble /opt/st/stm32cubeclt_1.17.0/CMake/bin/cmake --install /home/zhr/robot_arm/build/arm_controller
