-- The C compiler identification is GNU 11.4.0
-- The CXX compiler identification is GNU 11.4.0
-- Detecting C compiler ABI info
-- Detecting C compiler ABI info - done
-- Check for working C compiler: /usr/bin/cc - skipped
-- Detecting C compile features
-- Detecting C compile features - done
-- Detecting CXX compiler ABI info
-- Detecting CXX compiler ABI info - done
-- Check for working CXX compiler: /usr/bin/c++ - skipped
-- Detecting CXX compile features
-- Detecting CXX compile features - done
-- Found ament_cmake: 1.3.13 (/opt/ros/humble/share/ament_cmake/cmake)
-- Found Python3: /usr/bin/python3 (found version "3.10.12") found components: Interpreter 
-- Override CMake install command with custom implementation using symlinks instead of copying resources
-- Found geometry_msgs: 4.9.1 (/opt/ros/humble/share/geometry_msgs/cmake)
-- Found rosidl_generator_c: 3.1.8 (/opt/ros/humble/share/rosidl_generator_c/cmake)
-- Found rosidl_adapter: 3.1.8 (/opt/ros/humble/share/rosidl_adapter/cmake)
-- Found rosidl_generator_cpp: 3.1.8 (/opt/ros/humble/share/rosidl_generator_cpp/cmake)
-- Using all available rosidl_typesupport_c: rosidl_typesupport_fastrtps_c;rosidl_typesupport_introspection_c
-- Using all available rosidl_typesupport_cpp: rosidl_typesupport_fastrtps_cpp;rosidl_typesupport_introspection_cpp
-- Found rclcpp: 16.0.18 (/opt/ros/humble/share/rclcpp/cmake)
-- Found rmw_implementation_cmake: 6.1.2 (/opt/ros/humble/share/rmw_implementation_cmake/cmake)
-- Found rmw_fastrtps_cpp: 6.2.10 (/opt/ros/humble/share/rmw_fastrtps_cpp/cmake)
-- Found OpenSSL: /usr/lib/x86_64-linux-gnu/libcrypto.so (found version "3.0.2")  
-- Found FastRTPS: /opt/ros/humble/include  
-- Using RMW implementation 'rmw_fastrtps_cpp' as default
-- Performing Test CMAKE_HAVE_LIBC_PTHREAD
-- Performing Test CMAKE_HAVE_LIBC_PTHREAD - Success
-- Found Threads: TRUE  
-- Found sensor_msgs: 4.9.1 (/opt/ros/humble/share/sensor_msgs/cmake)
-- Configuring done (1.3s)
-- Generating done (0.0s)
-- Build files have been written to: /home/zhr/robot_arm/build/arm_controller
[ 25%] Building CXX object CMakeFiles/arm_controller_node.dir/src/arm_controller_node.cpp.o
[ 50%] Building CXX object CMakeFiles/arm_controller_node.dir/src/forward_kinematics.cpp.o
[ 75%] Building CXX object CMakeFiles/arm_controller_node.dir/src/inverse_kinematics.cpp.o
[100%] Linking CXX executable arm_controller_node
[100%] Built target arm_controller_node
-- Install configuration: ""
-- Execute custom install script
-- Symlinking: /home/zhr/robot_arm/install/arm_controller/lib/arm_controller/arm_controller_node
-- Symlinking: /home/zhr/robot_arm/install/arm_controller/share/arm_controller/config/arm_controller.yaml
-- Symlinking: /home/zhr/robot_arm/install/arm_controller/share/ament_index/resource_index/package_run_dependencies/arm_controller
-- Symlinking: /home/zhr/robot_arm/install/arm_controller/share/ament_index/resource_index/parent_prefix_path/arm_controller
-- Symlinking: /home/zhr/robot_arm/install/arm_controller/share/arm_controller/environment/ament_prefix_path.sh
-- Symlinking: /home/zhr/robot_arm/install/arm_controller/share/arm_controller/environment/ament_prefix_path.dsv
-- Symlinking: /home/zhr/robot_arm/install/arm_controller/share/arm_controller/environment/path.sh
-- Symlinking: /home/zhr/robot_arm/install/arm_controller/share/arm_controller/environment/path.dsv
-- Symlinking: /home/zhr/robot_arm/install/arm_controller/share/arm_controller/local_setup.bash
-- Symlinking: /home/zhr/robot_arm/install/arm_controller/share/arm_controller/local_setup.sh
-- Symlinking: /home/zhr/robot_arm/install/arm_controller/share/arm_controller/local_setup.zsh
-- Symlinking: /home/zhr/robot_arm/install/arm_controller/share/arm_controller/local_setup.dsv
-- Symlinking: /home/zhr/robot_arm/install/arm_controller/share/arm_controller/package.dsv
-- Symlinking: /home/zhr/robot_arm/install/arm_controller/share/ament_index/resource_index/packages/arm_controller
-- Symlinking: /home/zhr/robot_arm/install/arm_controller/share/arm_controller/cmake/arm_controllerConfig.cmake
-- Symlinking: /home/zhr/robot_arm/install/arm_controller/share/arm_controller/cmake/arm_controllerConfig-version.cmake
-- Symlinking: /home/zhr/robot_arm/install/arm_controller/share/arm_controller/package.xml
