/home/zhr/robot_arm/install/real_motor_controller/lib/python3.10/site-packages/real_motor_controller/start_motor_node.py
/home/zhr/robot_arm/install/real_motor_controller/lib/python3.10/site-packages/real_motor_controller/ros_params.py
/home/zhr/robot_arm/install/real_motor_controller/lib/python3.10/site-packages/real_motor_controller/query_motor_node.py
/home/zhr/robot_arm/install/real_motor_controller/lib/python3.10/site-packages/real_motor_controller/__init__.py
/home/zhr/robot_arm/install/real_motor_controller/lib/python3.10/site-packages/real_motor_controller/dm_protocol.py
/home/zhr/robot_arm/install/real_motor_controller/lib/python3.10/site-packages/real_motor_controller/usbcan_serial.py
/home/zhr/robot_arm/install/real_motor_controller/lib/python3.10/site-packages/real_motor_controller/__pycache__/start_motor_node.cpython-310.pyc
/home/zhr/robot_arm/install/real_motor_controller/lib/python3.10/site-packages/real_motor_controller/__pycache__/ros_params.cpython-310.pyc
/home/zhr/robot_arm/install/real_motor_controller/lib/python3.10/site-packages/real_motor_controller/__pycache__/query_motor_node.cpython-310.pyc
/home/zhr/robot_arm/install/real_motor_controller/lib/python3.10/site-packages/real_motor_controller/__pycache__/__init__.cpython-310.pyc
/home/zhr/robot_arm/install/real_motor_controller/lib/python3.10/site-packages/real_motor_controller/__pycache__/dm_protocol.cpython-310.pyc
/home/zhr/robot_arm/install/real_motor_controller/lib/python3.10/site-packages/real_motor_controller/__pycache__/usbcan_serial.cpython-310.pyc
/home/zhr/robot_arm/install/real_motor_controller/share/ament_index/resource_index/packages/real_motor_controller
/home/zhr/robot_arm/install/real_motor_controller/share/real_motor_controller/package.xml
/home/zhr/robot_arm/install/real_motor_controller/share/real_motor_controller/README.md
/home/zhr/robot_arm/install/real_motor_controller/share/real_motor_controller/config/real_motor_controller.yaml
/home/zhr/robot_arm/install/real_motor_controller/share/real_motor_controller/config/real_query_motor.yaml
/home/zhr/robot_arm/install/real_motor_controller/share/real_motor_controller/launch/real_motor_controller.launch.py
/home/zhr/robot_arm/install/real_motor_controller/share/real_motor_controller/launch/real_query_motor.launch.py
/home/zhr/robot_arm/install/real_motor_controller/lib/python3.10/site-packages/real_motor_controller-0.1.0-py3.10.egg-info/zip-safe
/home/zhr/robot_arm/install/real_motor_controller/lib/python3.10/site-packages/real_motor_controller-0.1.0-py3.10.egg-info/dependency_links.txt
/home/zhr/robot_arm/install/real_motor_controller/lib/python3.10/site-packages/real_motor_controller-0.1.0-py3.10.egg-info/entry_points.txt
/home/zhr/robot_arm/install/real_motor_controller/lib/python3.10/site-packages/real_motor_controller-0.1.0-py3.10.egg-info/requires.txt
/home/zhr/robot_arm/install/real_motor_controller/lib/python3.10/site-packages/real_motor_controller-0.1.0-py3.10.egg-info/SOURCES.txt
/home/zhr/robot_arm/install/real_motor_controller/lib/python3.10/site-packages/real_motor_controller-0.1.0-py3.10.egg-info/PKG-INFO
/home/zhr/robot_arm/install/real_motor_controller/lib/python3.10/site-packages/real_motor_controller-0.1.0-py3.10.egg-info/top_level.txt
/home/zhr/robot_arm/install/real_motor_controller/lib/real_motor_controller/real_motor_controller_node
/home/zhr/robot_arm/install/real_motor_controller/lib/real_motor_controller/real_query_motor_node
