[0.025s] Invoking command in '/home/zhr/robot_arm/build/arm_controller': CMAKE_PREFIX_PATH=/opt/ros/humble /opt/st/stm32cubeclt_1.17.0/CMake/bin/cmake --build /home/zhr/robot_arm/build/arm_controller -- -j8 -l8
[0.103s] [ 25%] Building CXX object CMakeFiles/arm_controller_node.dir/src/arm_controller_node.cpp.o
[6.110s] In file included from /opt/ros/humble/include/rclcpp/rclcpp/client.hpp:40,
[6.110s]                  from /opt/ros/humble/include/rclcpp/rclcpp/callback_group.hpp:24,
[6.110s]                  from /opt/ros/humble/include/rclcpp/rclcpp/any_executable.hpp:20,
[6.110s]                  from /opt/ros/humble/include/rclcpp/rclcpp/memory_strategy.hpp:25,
[6.110s]                  from /opt/ros/humble/include/rclcpp/rclcpp/memory_strategies.hpp:18,
[6.110s]                  from /opt/ros/humble/include/rclcpp/rclcpp/executor_options.hpp:20,
[6.110s]                  from /opt/ros/humble/include/rclcpp/rclcpp/executor.hpp:37,
[6.110s]                  from /opt/ros/humble/include/rclcpp/rclcpp/executors/multi_threaded_executor.hpp:25,
[6.110s]                  from /opt/ros/humble/include/rclcpp/rclcpp/executors.hpp:21,
[6.110s]                  from /opt/ros/humble/include/rclcpp/rclcpp/rclcpp.hpp:155,
[6.110s]                  from /home/zhr/robot_arm/src/arm_controller/src/arm_controller_node.cpp:13:
[6.110s] /home/zhr/robot_arm/src/arm_controller/src/arm_controller_node.cpp: In member function ‘void arm_controller::ArmControllerNode::handle_target_point(const PointStamped&)’:
[6.111s] /home/zhr/robot_arm/src/arm_controller/src/arm_controller_node.cpp:367:22: error: ‘a’ was not declared in this scope
[6.111s]   367 |         get_logger(),a
[6.111s]       |                      ^
[6.124s] /home/zhr/robot_arm/src/arm_controller/src/arm_controller_node.cpp: In lambda function:
[6.124s] /home/zhr/robot_arm/src/arm_controller/src/arm_controller_node.cpp:366:7: error: ‘c’ was not declared in this scope
[6.124s]   366 |       RCLCPP_WARN_THROTTLE(
[6.124s]       |       ^~~~~~~~~~~~~~~~~~~~
[13.832s] gmake[2]: *** [CMakeFiles/arm_controller_node.dir/build.make:76：CMakeFiles/arm_controller_node.dir/src/arm_controller_node.cpp.o] 错误 1
[13.832s] gmake[1]: *** [CMakeFiles/Makefile2:137：CMakeFiles/arm_controller_node.dir/all] 错误 2
[13.832s] gmake: *** [Makefile:146：all] 错误 2
[13.834s] Invoked command in '/home/zhr/robot_arm/build/arm_controller' returned '2': CMAKE_PREFIX_PATH=/opt/ros/humble /opt/st/stm32cubeclt_1.17.0/CMake/bin/cmake --build /home/zhr/robot_arm/build/arm_controller -- -j8 -l8
