[0.157s] DEBUG:colcon:Command line arguments: ['/usr/bin/colcon', 'build', '--symlink-install']
[0.157s] DEBUG:colcon:Parsed command line arguments: Namespace(log_base=None, log_level=None, verb_name='build', build_base='build', install_base='install', merge_install=False, symlink_install=True, test_result_base=None, continue_on_error=False, executor='parallel', parallel_workers=8, event_handlers=None, ignore_user_meta=False, metas=['./colcon.meta'], base_paths=['.'], packages_ignore=None, packages_ignore_regex=None, paths=None, packages_up_to=None, packages_up_to_regex=None, packages_above=None, packages_above_and_dependencies=None, packages_above_depth=None, packages_select_by_dep=None, packages_skip_by_dep=None, packages_skip_up_to=None, packages_select_build_failed=False, packages_skip_build_finished=False, packages_select_test_failures=False, packages_skip_test_passed=False, packages_select=None, packages_skip=None, packages_select_regex=None, packages_skip_regex=None, packages_start=None, packages_end=None, allow_overriding=[], cmake_args=None, cmake_target=None, cmake_target_skip_unavailable=False, cmake_clean_cache=False, cmake_clean_first=False, cmake_force_configure=False, ament_cmake_args=None, catkin_cmake_args=None, catkin_skip_building_tests=False, verb_parser=<colcon_defaults.argument_parser.defaults.DefaultArgumentsDecorator object at 0x781711c61630>, verb_extension=<colcon_core.verb.build.BuildVerb object at 0x781711c611b0>, main=<bound method BuildVerb.main of <colcon_core.verb.build.BuildVerb object at 0x781711c611b0>>)
[0.406s] Level 1:colcon.colcon_core.package_discovery:discover_packages(colcon_meta) check parameters
[0.407s] Level 1:colcon.colcon_core.package_discovery:discover_packages(recursive) check parameters
[0.407s] Level 1:colcon.colcon_core.package_discovery:discover_packages(ignore) check parameters
[0.407s] Level 1:colcon.colcon_core.package_discovery:discover_packages(path) check parameters
[0.407s] Level 1:colcon.colcon_core.package_discovery:discover_packages(colcon_meta) discover
[0.407s] Level 1:colcon.colcon_core.package_discovery:discover_packages(recursive) discover
[0.407s] INFO:colcon.colcon_core.package_discovery:Crawling recursively for packages in '/home/zhr/robot_arm'
[0.407s] Level 1:colcon.colcon_core.package_identification:_identify(.) by extensions ['ignore', 'ignore_ament_install']
[0.408s] Level 1:colcon.colcon_core.package_identification:_identify(.) by extension 'ignore'
[0.408s] Level 1:colcon.colcon_core.package_identification:_identify(.) by extension 'ignore_ament_install'
[0.408s] Level 1:colcon.colcon_core.package_identification:_identify(.) by extensions ['colcon_pkg']
[0.408s] Level 1:colcon.colcon_core.package_identification:_identify(.) by extension 'colcon_pkg'
[0.408s] Level 1:colcon.colcon_core.package_identification:_identify(.) by extensions ['colcon_meta']
[0.408s] Level 1:colcon.colcon_core.package_identification:_identify(.) by extension 'colcon_meta'
[0.408s] Level 1:colcon.colcon_core.package_identification:_identify(.) by extensions ['ros']
[0.408s] Level 1:colcon.colcon_core.package_identification:_identify(.) by extension 'ros'
[0.418s] Level 1:colcon.colcon_core.package_identification:_identify(.) by extensions ['cmake', 'python']
[0.418s] Level 1:colcon.colcon_core.package_identification:_identify(.) by extension 'cmake'
[0.418s] Level 1:colcon.colcon_core.package_identification:_identify(.) by extension 'python'
[0.418s] Level 1:colcon.colcon_core.package_identification:_identify(.) by extensions ['python_setup_py']
[0.418s] Level 1:colcon.colcon_core.package_identification:_identify(.) by extension 'python_setup_py'
[0.418s] Level 1:colcon.colcon_core.package_identification:_identify(build) by extensions ['ignore', 'ignore_ament_install']
[0.418s] Level 1:colcon.colcon_core.package_identification:_identify(build) by extension 'ignore'
[0.418s] Level 1:colcon.colcon_core.package_identification:_identify(build) ignored
[0.419s] Level 1:colcon.colcon_core.package_identification:_identify(install) by extensions ['ignore', 'ignore_ament_install']
[0.419s] Level 1:colcon.colcon_core.package_identification:_identify(install) by extension 'ignore'
[0.419s] Level 1:colcon.colcon_core.package_identification:_identify(install) ignored
[0.420s] Level 1:colcon.colcon_core.package_identification:_identify(log) by extensions ['ignore', 'ignore_ament_install']
[0.421s] Level 1:colcon.colcon_core.package_identification:_identify(log) by extension 'ignore'
[0.422s] Level 1:colcon.colcon_core.package_identification:_identify(log) ignored
[0.422s] Level 1:colcon.colcon_core.package_identification:_identify(src) by extensions ['ignore', 'ignore_ament_install']
[0.422s] Level 1:colcon.colcon_core.package_identification:_identify(src) by extension 'ignore'
[0.423s] Level 1:colcon.colcon_core.package_identification:_identify(src) by extension 'ignore_ament_install'
[0.423s] Level 1:colcon.colcon_core.package_identification:_identify(src) by extensions ['colcon_pkg']
[0.423s] Level 1:colcon.colcon_core.package_identification:_identify(src) by extension 'colcon_pkg'
[0.423s] Level 1:colcon.colcon_core.package_identification:_identify(src) by extensions ['colcon_meta']
[0.423s] Level 1:colcon.colcon_core.package_identification:_identify(src) by extension 'colcon_meta'
[0.423s] Level 1:colcon.colcon_core.package_identification:_identify(src) by extensions ['ros']
[0.423s] Level 1:colcon.colcon_core.package_identification:_identify(src) by extension 'ros'
[0.423s] Level 1:colcon.colcon_core.package_identification:_identify(src) by extensions ['cmake', 'python']
[0.423s] Level 1:colcon.colcon_core.package_identification:_identify(src) by extension 'cmake'
[0.423s] Level 1:colcon.colcon_core.package_identification:_identify(src) by extension 'python'
[0.423s] Level 1:colcon.colcon_core.package_identification:_identify(src) by extensions ['python_setup_py']
[0.423s] Level 1:colcon.colcon_core.package_identification:_identify(src) by extension 'python_setup_py'
[0.424s] Level 1:colcon.colcon_core.package_identification:_identify(src/arm_bringup) by extensions ['ignore', 'ignore_ament_install']
[0.424s] Level 1:colcon.colcon_core.package_identification:_identify(src/arm_bringup) by extension 'ignore'
[0.424s] Level 1:colcon.colcon_core.package_identification:_identify(src/arm_bringup) by extension 'ignore_ament_install'
[0.424s] Level 1:colcon.colcon_core.package_identification:_identify(src/arm_bringup) by extensions ['colcon_pkg']
[0.424s] Level 1:colcon.colcon_core.package_identification:_identify(src/arm_bringup) by extension 'colcon_pkg'
[0.424s] Level 1:colcon.colcon_core.package_identification:_identify(src/arm_bringup) by extensions ['colcon_meta']
[0.424s] Level 1:colcon.colcon_core.package_identification:_identify(src/arm_bringup) by extension 'colcon_meta'
[0.424s] Level 1:colcon.colcon_core.package_identification:_identify(src/arm_bringup) by extensions ['ros']
[0.424s] Level 1:colcon.colcon_core.package_identification:_identify(src/arm_bringup) by extension 'ros'
[0.426s] DEBUG:colcon.colcon_core.package_identification:Package 'src/arm_bringup' with type 'ros.ament_cmake' and name 'arm_bringup'
[0.426s] Level 1:colcon.colcon_core.package_identification:_identify(src/real_motor_controller) by extensions ['ignore', 'ignore_ament_install']
[0.427s] Level 1:colcon.colcon_core.package_identification:_identify(src/real_motor_controller) by extension 'ignore'
[0.427s] Level 1:colcon.colcon_core.package_identification:_identify(src/real_motor_controller) by extension 'ignore_ament_install'
[0.427s] Level 1:colcon.colcon_core.package_identification:_identify(src/real_motor_controller) by extensions ['colcon_pkg']
[0.427s] Level 1:colcon.colcon_core.package_identification:_identify(src/real_motor_controller) by extension 'colcon_pkg'
[0.427s] Level 1:colcon.colcon_core.package_identification:_identify(src/real_motor_controller) by extensions ['colcon_meta']
[0.427s] Level 1:colcon.colcon_core.package_identification:_identify(src/real_motor_controller) by extension 'colcon_meta'
[0.427s] Level 1:colcon.colcon_core.package_identification:_identify(src/real_motor_controller) by extensions ['ros']
[0.427s] Level 1:colcon.colcon_core.package_identification:_identify(src/real_motor_controller) by extension 'ros'
[0.427s] DEBUG:colcon.colcon_core.package_identification:Package 'src/real_motor_controller' with type 'ros.ament_python' and name 'real_motor_controller'
[0.428s] Level 1:colcon.colcon_core.package_identification:_identify(src/sim_motor_controller) by extensions ['ignore', 'ignore_ament_install']
[0.428s] Level 1:colcon.colcon_core.package_identification:_identify(src/sim_motor_controller) by extension 'ignore'
[0.428s] Level 1:colcon.colcon_core.package_identification:_identify(src/sim_motor_controller) by extension 'ignore_ament_install'
[0.428s] Level 1:colcon.colcon_core.package_identification:_identify(src/sim_motor_controller) by extensions ['colcon_pkg']
[0.428s] Level 1:colcon.colcon_core.package_identification:_identify(src/sim_motor_controller) by extension 'colcon_pkg'
[0.428s] Level 1:colcon.colcon_core.package_identification:_identify(src/sim_motor_controller) by extensions ['colcon_meta']
[0.428s] Level 1:colcon.colcon_core.package_identification:_identify(src/sim_motor_controller) by extension 'colcon_meta'
[0.428s] Level 1:colcon.colcon_core.package_identification:_identify(src/sim_motor_controller) by extensions ['ros']
[0.428s] Level 1:colcon.colcon_core.package_identification:_identify(src/sim_motor_controller) by extension 'ros'
[0.428s] DEBUG:colcon.colcon_core.package_identification:Package 'src/sim_motor_controller' with type 'ros.ament_python' and name 'sim_motor_controller'
[0.428s] Level 1:colcon.colcon_core.package_discovery:discover_packages(recursive) using defaults
[0.428s] Level 1:colcon.colcon_core.package_discovery:discover_packages(ignore) discover
[0.428s] Level 1:colcon.colcon_core.package_discovery:discover_packages(ignore) using defaults
[0.428s] Level 1:colcon.colcon_core.package_discovery:discover_packages(path) discover
[0.428s] Level 1:colcon.colcon_core.package_discovery:discover_packages(path) using defaults
[0.478s] Level 1:colcon.colcon_core.package_discovery:discover_packages(prefix_path) check parameters
[0.478s] Level 1:colcon.colcon_core.package_discovery:discover_packages(prefix_path) discover
[0.481s] DEBUG:colcon.colcon_installed_package_information.package_discovery:Found 432 installed packages in /opt/ros/humble
[0.487s] Level 1:colcon.colcon_core.package_discovery:discover_packages(prefix_path) using defaults
[0.573s] Level 5:colcon.colcon_core.verb:set package 'real_motor_controller' build argument 'cmake_args' from command line to 'None'
[0.573s] Level 5:colcon.colcon_core.verb:set package 'real_motor_controller' build argument 'cmake_target' from command line to 'None'
[0.573s] Level 5:colcon.colcon_core.verb:set package 'real_motor_controller' build argument 'cmake_target_skip_unavailable' from command line to 'False'
[0.573s] Level 5:colcon.colcon_core.verb:set package 'real_motor_controller' build argument 'cmake_clean_cache' from command line to 'False'
[0.573s] Level 5:colcon.colcon_core.verb:set package 'real_motor_controller' build argument 'cmake_clean_first' from command line to 'False'
[0.573s] Level 5:colcon.colcon_core.verb:set package 'real_motor_controller' build argument 'cmake_force_configure' from command line to 'False'
[0.573s] Level 5:colcon.colcon_core.verb:set package 'real_motor_controller' build argument 'ament_cmake_args' from command line to 'None'
[0.573s] Level 5:colcon.colcon_core.verb:set package 'real_motor_controller' build argument 'catkin_cmake_args' from command line to 'None'
[0.573s] Level 5:colcon.colcon_core.verb:set package 'real_motor_controller' build argument 'catkin_skip_building_tests' from command line to 'False'
[0.573s] DEBUG:colcon.colcon_core.verb:Building package 'real_motor_controller' with the following arguments: {'ament_cmake_args': None, 'build_base': '/home/zhr/robot_arm/build/real_motor_controller', 'catkin_cmake_args': None, 'catkin_skip_building_tests': False, 'cmake_args': None, 'cmake_clean_cache': False, 'cmake_clean_first': False, 'cmake_force_configure': False, 'cmake_target': None, 'cmake_target_skip_unavailable': False, 'install_base': '/home/zhr/robot_arm/install/real_motor_controller', 'merge_install': False, 'path': '/home/zhr/robot_arm/src/real_motor_controller', 'symlink_install': True, 'test_result_base': None}
[0.574s] Level 5:colcon.colcon_core.verb:set package 'sim_motor_controller' build argument 'cmake_args' from command line to 'None'
[0.574s] Level 5:colcon.colcon_core.verb:set package 'sim_motor_controller' build argument 'cmake_target' from command line to 'None'
[0.574s] Level 5:colcon.colcon_core.verb:set package 'sim_motor_controller' build argument 'cmake_target_skip_unavailable' from command line to 'False'
[0.574s] Level 5:colcon.colcon_core.verb:set package 'sim_motor_controller' build argument 'cmake_clean_cache' from command line to 'False'
[0.574s] Level 5:colcon.colcon_core.verb:set package 'sim_motor_controller' build argument 'cmake_clean_first' from command line to 'False'
[0.574s] Level 5:colcon.colcon_core.verb:set package 'sim_motor_controller' build argument 'cmake_force_configure' from command line to 'False'
[0.574s] Level 5:colcon.colcon_core.verb:set package 'sim_motor_controller' build argument 'ament_cmake_args' from command line to 'None'
[0.574s] Level 5:colcon.colcon_core.verb:set package 'sim_motor_controller' build argument 'catkin_cmake_args' from command line to 'None'
[0.574s] Level 5:colcon.colcon_core.verb:set package 'sim_motor_controller' build argument 'catkin_skip_building_tests' from command line to 'False'
[0.574s] DEBUG:colcon.colcon_core.verb:Building package 'sim_motor_controller' with the following arguments: {'ament_cmake_args': None, 'build_base': '/home/zhr/robot_arm/build/sim_motor_controller', 'catkin_cmake_args': None, 'catkin_skip_building_tests': False, 'cmake_args': None, 'cmake_clean_cache': False, 'cmake_clean_first': False, 'cmake_force_configure': False, 'cmake_target': None, 'cmake_target_skip_unavailable': False, 'install_base': '/home/zhr/robot_arm/install/sim_motor_controller', 'merge_install': False, 'path': '/home/zhr/robot_arm/src/sim_motor_controller', 'symlink_install': True, 'test_result_base': None}
[0.574s] Level 5:colcon.colcon_core.verb:set package 'arm_bringup' build argument 'cmake_args' from command line to 'None'
[0.574s] Level 5:colcon.colcon_core.verb:set package 'arm_bringup' build argument 'cmake_target' from command line to 'None'
[0.574s] Level 5:colcon.colcon_core.verb:set package 'arm_bringup' build argument 'cmake_target_skip_unavailable' from command line to 'False'
[0.574s] Level 5:colcon.colcon_core.verb:set package 'arm_bringup' build argument 'cmake_clean_cache' from command line to 'False'
[0.574s] Level 5:colcon.colcon_core.verb:set package 'arm_bringup' build argument 'cmake_clean_first' from command line to 'False'
[0.574s] Level 5:colcon.colcon_core.verb:set package 'arm_bringup' build argument 'cmake_force_configure' from command line to 'False'
[0.574s] Level 5:colcon.colcon_core.verb:set package 'arm_bringup' build argument 'ament_cmake_args' from command line to 'None'
[0.574s] Level 5:colcon.colcon_core.verb:set package 'arm_bringup' build argument 'catkin_cmake_args' from command line to 'None'
[0.574s] Level 5:colcon.colcon_core.verb:set package 'arm_bringup' build argument 'catkin_skip_building_tests' from command line to 'False'
[0.574s] DEBUG:colcon.colcon_core.verb:Building package 'arm_bringup' with the following arguments: {'ament_cmake_args': None, 'build_base': '/home/zhr/robot_arm/build/arm_bringup', 'catkin_cmake_args': None, 'catkin_skip_building_tests': False, 'cmake_args': None, 'cmake_clean_cache': False, 'cmake_clean_first': False, 'cmake_force_configure': False, 'cmake_target': None, 'cmake_target_skip_unavailable': False, 'install_base': '/home/zhr/robot_arm/install/arm_bringup', 'merge_install': False, 'path': '/home/zhr/robot_arm/src/arm_bringup', 'symlink_install': True, 'test_result_base': None}
[0.574s] INFO:colcon.colcon_core.executor:Executing jobs using 'parallel' executor
[0.575s] DEBUG:colcon.colcon_parallel_executor.executor.parallel:run_until_complete
[0.576s] INFO:colcon.colcon_ros.task.ament_python.build:Building ROS package in '/home/zhr/robot_arm/src/real_motor_controller' with build type 'ament_python'
[0.576s] Level 1:colcon.colcon_core.shell:create_environment_hook('real_motor_controller', 'ament_prefix_path')
[0.578s] INFO:colcon.colcon_core.plugin_system:Skipping extension 'colcon_core.shell.bat': Not used on non-Windows systems
[0.578s] INFO:colcon.colcon_core.shell:Creating environment hook '/home/zhr/robot_arm/install/real_motor_controller/share/real_motor_controller/hook/ament_prefix_path.ps1'
[0.579s] INFO:colcon.colcon_core.shell:Creating environment descriptor '/home/zhr/robot_arm/install/real_motor_controller/share/real_motor_controller/hook/ament_prefix_path.dsv'
[0.580s] INFO:colcon.colcon_core.shell:Creating environment hook '/home/zhr/robot_arm/install/real_motor_controller/share/real_motor_controller/hook/ament_prefix_path.sh'
[0.585s] INFO:colcon.colcon_core.shell:Skip shell extension 'powershell' for command environment: Not usable outside of PowerShell
[0.586s] DEBUG:colcon.colcon_core.shell:Skip shell extension 'dsv' for command environment
[0.591s] INFO:colcon.colcon_ros.task.ament_python.build:Building ROS package in '/home/zhr/robot_arm/src/sim_motor_controller' with build type 'ament_python'
[0.591s] Level 1:colcon.colcon_core.shell:create_environment_hook('sim_motor_controller', 'ament_prefix_path')
[0.592s] INFO:colcon.colcon_core.shell:Creating environment hook '/home/zhr/robot_arm/install/sim_motor_controller/share/sim_motor_controller/hook/ament_prefix_path.ps1'
[0.592s] INFO:colcon.colcon_core.shell:Creating environment descriptor '/home/zhr/robot_arm/install/sim_motor_controller/share/sim_motor_controller/hook/ament_prefix_path.dsv'
[0.593s] INFO:colcon.colcon_core.shell:Creating environment hook '/home/zhr/robot_arm/install/sim_motor_controller/share/sim_motor_controller/hook/ament_prefix_path.sh'
[0.594s] INFO:colcon.colcon_core.shell:Skip shell extension 'powershell' for command environment: Not usable outside of PowerShell
[0.594s] DEBUG:colcon.colcon_core.shell:Skip shell extension 'dsv' for command environment
[1.073s] INFO:colcon.colcon_core.task.python.build:Building Python package in '/home/zhr/robot_arm/src/real_motor_controller'
[1.074s] INFO:colcon.colcon_core.shell:Skip shell extension 'powershell' for command environment: Not usable outside of PowerShell
[1.074s] DEBUG:colcon.colcon_core.shell:Skip shell extension 'dsv' for command environment
[1.489s] INFO:colcon.colcon_core.task.python.build:Building Python package in '/home/zhr/robot_arm/src/sim_motor_controller'
[1.490s] INFO:colcon.colcon_core.shell:Skip shell extension 'powershell' for command environment: Not usable outside of PowerShell
[1.490s] DEBUG:colcon.colcon_core.shell:Skip shell extension 'dsv' for command environment
[2.083s] DEBUG:colcon.colcon_core.event_handler.log_command:Invoking command in '/home/zhr/robot_arm/build/real_motor_controller': PYTHONPATH=/home/zhr/robot_arm/build/real_motor_controller/prefix_override:/usr/lib/python3/dist-packages/colcon_core/task/python/colcon_distutils_commands:/home/zhr/robot_arm/install/real_motor_controller/lib/python3.10/site-packages:${PYTHONPATH} /usr/bin/python3 -W ignore:setup.py install is deprecated -W ignore:easy_install command is deprecated setup.py develop --editable --build-directory /home/zhr/robot_arm/build/real_motor_controller/build --no-deps symlink_data
[2.107s] DEBUG:colcon.colcon_core.event_handler.log_command:Invoking command in '/home/zhr/robot_arm/build/sim_motor_controller': PYTHONPATH=/home/zhr/robot_arm/build/sim_motor_controller/prefix_override:/usr/lib/python3/dist-packages/colcon_core/task/python/colcon_distutils_commands:/home/zhr/robot_arm/install/sim_motor_controller/lib/python3.10/site-packages:${PYTHONPATH} /usr/bin/python3 -W ignore:setup.py install is deprecated -W ignore:easy_install command is deprecated setup.py develop --editable --build-directory /home/zhr/robot_arm/build/sim_motor_controller/build --no-deps symlink_data
[2.883s] Level 1:colcon.colcon_core.shell:create_environment_hook('real_motor_controller', 'pythonpath_develop')
[2.885s] INFO:colcon.colcon_core.shell:Creating environment hook '/home/zhr/robot_arm/build/real_motor_controller/src/share/real_motor_controller/hook/pythonpath_develop.ps1'
[2.888s] DEBUG:colcon.colcon_core.event_handler.log_command:Invoked command in '/home/zhr/robot_arm/build/real_motor_controller' returned '0': PYTHONPATH=/home/zhr/robot_arm/build/real_motor_controller/prefix_override:/usr/lib/python3/dist-packages/colcon_core/task/python/colcon_distutils_commands:/home/zhr/robot_arm/install/real_motor_controller/lib/python3.10/site-packages:${PYTHONPATH} /usr/bin/python3 -W ignore:setup.py install is deprecated -W ignore:easy_install command is deprecated setup.py develop --editable --build-directory /home/zhr/robot_arm/build/real_motor_controller/build --no-deps symlink_data
[2.891s] INFO:colcon.colcon_core.shell:Creating environment descriptor '/home/zhr/robot_arm/build/real_motor_controller/src/share/real_motor_controller/hook/pythonpath_develop.dsv'
[2.892s] INFO:colcon.colcon_core.shell:Creating environment hook '/home/zhr/robot_arm/build/real_motor_controller/src/share/real_motor_controller/hook/pythonpath_develop.sh'
[2.895s] Level 1:colcon.colcon_core.environment:checking '/home/zhr/robot_arm/install/real_motor_controller' for CMake module files
[2.896s] Level 1:colcon.colcon_core.environment:checking '/home/zhr/robot_arm/install/real_motor_controller' for CMake config files
[2.897s] Level 1:colcon.colcon_core.environment:checking '/home/zhr/robot_arm/install/real_motor_controller/lib'
[2.897s] Level 1:colcon.colcon_core.environment:checking '/home/zhr/robot_arm/install/real_motor_controller/bin'
[2.897s] Level 1:colcon.colcon_core.environment:checking '/home/zhr/robot_arm/install/real_motor_controller/lib/pkgconfig/real_motor_controller.pc'
[2.897s] Level 1:colcon.colcon_core.environment:checking '/home/zhr/robot_arm/install/real_motor_controller/lib/python3.10/site-packages'
[2.898s] Level 1:colcon.colcon_core.shell:create_environment_hook('real_motor_controller', 'pythonpath')
[2.898s] INFO:colcon.colcon_core.shell:Creating environment hook '/home/zhr/robot_arm/install/real_motor_controller/share/real_motor_controller/hook/pythonpath.ps1'
[2.899s] INFO:colcon.colcon_core.shell:Creating environment descriptor '/home/zhr/robot_arm/install/real_motor_controller/share/real_motor_controller/hook/pythonpath.dsv'
[2.899s] INFO:colcon.colcon_core.shell:Creating environment hook '/home/zhr/robot_arm/install/real_motor_controller/share/real_motor_controller/hook/pythonpath.sh'
[2.904s] Level 1:colcon.colcon_core.environment:checking '/home/zhr/robot_arm/install/real_motor_controller/bin'
[2.905s] Level 1:colcon.colcon_core.environment:create_environment_scripts_only(real_motor_controller)
[2.906s] INFO:colcon.colcon_core.shell:Creating package script '/home/zhr/robot_arm/install/real_motor_controller/share/real_motor_controller/package.ps1'
[2.909s] INFO:colcon.colcon_core.shell:Creating package descriptor '/home/zhr/robot_arm/install/real_motor_controller/share/real_motor_controller/package.dsv'
[2.911s] INFO:colcon.colcon_core.shell:Creating package script '/home/zhr/robot_arm/install/real_motor_controller/share/real_motor_controller/package.sh'
[2.912s] INFO:colcon.colcon_core.shell:Creating package script '/home/zhr/robot_arm/install/real_motor_controller/share/real_motor_controller/package.bash'
[2.913s] INFO:colcon.colcon_core.shell:Creating package script '/home/zhr/robot_arm/install/real_motor_controller/share/real_motor_controller/package.zsh'
[2.914s] Level 1:colcon.colcon_core.environment:create_file_with_runtime_dependencies(/home/zhr/robot_arm/install/real_motor_controller/share/colcon-core/packages/real_motor_controller)
[2.917s] Level 1:colcon.colcon_core.shell:create_environment_hook('sim_motor_controller', 'pythonpath_develop')
[2.919s] INFO:colcon.colcon_core.shell:Creating environment hook '/home/zhr/robot_arm/build/sim_motor_controller/src/share/sim_motor_controller/hook/pythonpath_develop.ps1'
[2.920s] DEBUG:colcon.colcon_core.event_handler.log_command:Invoked command in '/home/zhr/robot_arm/build/sim_motor_controller' returned '0': PYTHONPATH=/home/zhr/robot_arm/build/sim_motor_controller/prefix_override:/usr/lib/python3/dist-packages/colcon_core/task/python/colcon_distutils_commands:/home/zhr/robot_arm/install/sim_motor_controller/lib/python3.10/site-packages:${PYTHONPATH} /usr/bin/python3 -W ignore:setup.py install is deprecated -W ignore:easy_install command is deprecated setup.py develop --editable --build-directory /home/zhr/robot_arm/build/sim_motor_controller/build --no-deps symlink_data
[2.922s] INFO:colcon.colcon_core.shell:Creating environment descriptor '/home/zhr/robot_arm/build/sim_motor_controller/src/share/sim_motor_controller/hook/pythonpath_develop.dsv'
[2.922s] INFO:colcon.colcon_core.shell:Creating environment hook '/home/zhr/robot_arm/build/sim_motor_controller/src/share/sim_motor_controller/hook/pythonpath_develop.sh'
[2.923s] Level 1:colcon.colcon_core.environment:checking '/home/zhr/robot_arm/install/sim_motor_controller' for CMake module files
[2.923s] Level 1:colcon.colcon_core.environment:checking '/home/zhr/robot_arm/install/sim_motor_controller' for CMake config files
[2.924s] Level 1:colcon.colcon_core.environment:checking '/home/zhr/robot_arm/install/sim_motor_controller/lib'
[2.924s] Level 1:colcon.colcon_core.environment:checking '/home/zhr/robot_arm/install/sim_motor_controller/bin'
[2.924s] Level 1:colcon.colcon_core.environment:checking '/home/zhr/robot_arm/install/sim_motor_controller/lib/pkgconfig/sim_motor_controller.pc'
[2.924s] Level 1:colcon.colcon_core.environment:checking '/home/zhr/robot_arm/install/sim_motor_controller/lib/python3.10/site-packages'
[2.924s] Level 1:colcon.colcon_core.shell:create_environment_hook('sim_motor_controller', 'pythonpath')
[2.924s] INFO:colcon.colcon_core.shell:Creating environment hook '/home/zhr/robot_arm/install/sim_motor_controller/share/sim_motor_controller/hook/pythonpath.ps1'
[2.925s] INFO:colcon.colcon_core.shell:Creating environment descriptor '/home/zhr/robot_arm/install/sim_motor_controller/share/sim_motor_controller/hook/pythonpath.dsv'
[2.925s] INFO:colcon.colcon_core.shell:Creating environment hook '/home/zhr/robot_arm/install/sim_motor_controller/share/sim_motor_controller/hook/pythonpath.sh'
[2.926s] Level 1:colcon.colcon_core.environment:checking '/home/zhr/robot_arm/install/sim_motor_controller/bin'
[2.926s] Level 1:colcon.colcon_core.environment:create_environment_scripts_only(sim_motor_controller)
[2.926s] INFO:colcon.colcon_core.shell:Creating package script '/home/zhr/robot_arm/install/sim_motor_controller/share/sim_motor_controller/package.ps1'
[2.927s] INFO:colcon.colcon_core.shell:Creating package descriptor '/home/zhr/robot_arm/install/sim_motor_controller/share/sim_motor_controller/package.dsv'
[2.927s] INFO:colcon.colcon_core.shell:Creating package script '/home/zhr/robot_arm/install/sim_motor_controller/share/sim_motor_controller/package.sh'
[2.927s] INFO:colcon.colcon_core.shell:Creating package script '/home/zhr/robot_arm/install/sim_motor_controller/share/sim_motor_controller/package.bash'
[2.928s] INFO:colcon.colcon_core.shell:Creating package script '/home/zhr/robot_arm/install/sim_motor_controller/share/sim_motor_controller/package.zsh'
[2.928s] Level 1:colcon.colcon_core.environment:create_file_with_runtime_dependencies(/home/zhr/robot_arm/install/sim_motor_controller/share/colcon-core/packages/sim_motor_controller)
[2.928s] INFO:colcon.colcon_ros.task.ament_cmake.build:Building ROS package in '/home/zhr/robot_arm/src/arm_bringup' with build type 'ament_cmake'
[2.929s] INFO:colcon.colcon_cmake.task.cmake.build:Building CMake package in '/home/zhr/robot_arm/src/arm_bringup'
[2.929s] INFO:colcon.colcon_core.shell:Skip shell extension 'powershell' for command environment: Not usable outside of PowerShell
[2.929s] DEBUG:colcon.colcon_core.shell:Skip shell extension 'dsv' for command environment
[2.946s] DEBUG:colcon.colcon_core.event_handler.log_command:Invoking command in '/home/zhr/robot_arm/build/arm_bringup': AMENT_PREFIX_PATH=/home/zhr/robot_arm/install/sim_motor_controller:/home/zhr/robot_arm/install/real_motor_controller:${AMENT_PREFIX_PATH} CMAKE_PREFIX_PATH=/opt/ros/humble PYTHONPATH=/home/zhr/robot_arm/build/sim_motor_controller/src:/home/zhr/robot_arm/install/sim_motor_controller/lib/python3.10/site-packages:/home/zhr/robot_arm/build/real_motor_controller/src:/home/zhr/robot_arm/install/real_motor_controller/lib/python3.10/site-packages:${PYTHONPATH} /opt/st/stm32cubeclt_1.17.0/CMake/bin/cmake --build /home/zhr/robot_arm/build/arm_bringup -- -j8 -l8
[2.962s] DEBUG:colcon.colcon_core.event_handler.log_command:Invoked command in '/home/zhr/robot_arm/build/arm_bringup' returned '0': AMENT_PREFIX_PATH=/home/zhr/robot_arm/install/sim_motor_controller:/home/zhr/robot_arm/install/real_motor_controller:${AMENT_PREFIX_PATH} CMAKE_PREFIX_PATH=/opt/ros/humble PYTHONPATH=/home/zhr/robot_arm/build/sim_motor_controller/src:/home/zhr/robot_arm/install/sim_motor_controller/lib/python3.10/site-packages:/home/zhr/robot_arm/build/real_motor_controller/src:/home/zhr/robot_arm/install/real_motor_controller/lib/python3.10/site-packages:${PYTHONPATH} /opt/st/stm32cubeclt_1.17.0/CMake/bin/cmake --build /home/zhr/robot_arm/build/arm_bringup -- -j8 -l8
[2.970s] DEBUG:colcon.colcon_core.event_handler.log_command:Invoking command in '/home/zhr/robot_arm/build/arm_bringup': AMENT_PREFIX_PATH=/home/zhr/robot_arm/install/sim_motor_controller:/home/zhr/robot_arm/install/real_motor_controller:${AMENT_PREFIX_PATH} CMAKE_PREFIX_PATH=/opt/ros/humble PYTHONPATH=/home/zhr/robot_arm/build/sim_motor_controller/src:/home/zhr/robot_arm/install/sim_motor_controller/lib/python3.10/site-packages:/home/zhr/robot_arm/build/real_motor_controller/src:/home/zhr/robot_arm/install/real_motor_controller/lib/python3.10/site-packages:${PYTHONPATH} /opt/st/stm32cubeclt_1.17.0/CMake/bin/cmake --install /home/zhr/robot_arm/build/arm_bringup
[2.989s] Level 1:colcon.colcon_core.environment:create_environment_scripts_only(arm_bringup)
[2.989s] Level 1:colcon.colcon_core.environment:checking '/home/zhr/robot_arm/install/arm_bringup' for CMake module files
[2.990s] DEBUG:colcon.colcon_core.event_handler.log_command:Invoked command in '/home/zhr/robot_arm/build/arm_bringup' returned '0': AMENT_PREFIX_PATH=/home/zhr/robot_arm/install/sim_motor_controller:/home/zhr/robot_arm/install/real_motor_controller:${AMENT_PREFIX_PATH} CMAKE_PREFIX_PATH=/opt/ros/humble PYTHONPATH=/home/zhr/robot_arm/build/sim_motor_controller/src:/home/zhr/robot_arm/install/sim_motor_controller/lib/python3.10/site-packages:/home/zhr/robot_arm/build/real_motor_controller/src:/home/zhr/robot_arm/install/real_motor_controller/lib/python3.10/site-packages:${PYTHONPATH} /opt/st/stm32cubeclt_1.17.0/CMake/bin/cmake --install /home/zhr/robot_arm/build/arm_bringup
[2.990s] Level 1:colcon.colcon_core.environment:checking '/home/zhr/robot_arm/install/arm_bringup' for CMake config files
[2.991s] Level 1:colcon.colcon_core.shell:create_environment_hook('arm_bringup', 'cmake_prefix_path')
[2.991s] INFO:colcon.colcon_core.shell:Creating environment hook '/home/zhr/robot_arm/install/arm_bringup/share/arm_bringup/hook/cmake_prefix_path.ps1'
[2.992s] INFO:colcon.colcon_core.shell:Creating environment descriptor '/home/zhr/robot_arm/install/arm_bringup/share/arm_bringup/hook/cmake_prefix_path.dsv'
[2.992s] INFO:colcon.colcon_core.shell:Creating environment hook '/home/zhr/robot_arm/install/arm_bringup/share/arm_bringup/hook/cmake_prefix_path.sh'
[2.993s] Level 1:colcon.colcon_core.environment:checking '/home/zhr/robot_arm/install/arm_bringup/bin'
[2.993s] Level 1:colcon.colcon_core.environment:checking '/home/zhr/robot_arm/install/arm_bringup/lib/pkgconfig/arm_bringup.pc'
[2.993s] Level 1:colcon.colcon_core.environment:checking '/home/zhr/robot_arm/install/arm_bringup/lib/python3.10/site-packages'
[2.994s] Level 1:colcon.colcon_core.environment:checking '/home/zhr/robot_arm/install/arm_bringup/bin'
[2.994s] INFO:colcon.colcon_core.shell:Creating package script '/home/zhr/robot_arm/install/arm_bringup/share/arm_bringup/package.ps1'
[2.999s] INFO:colcon.colcon_core.shell:Creating package descriptor '/home/zhr/robot_arm/install/arm_bringup/share/arm_bringup/package.dsv'
[3.000s] INFO:colcon.colcon_core.shell:Creating package script '/home/zhr/robot_arm/install/arm_bringup/share/arm_bringup/package.sh'
[3.001s] INFO:colcon.colcon_core.shell:Creating package script '/home/zhr/robot_arm/install/arm_bringup/share/arm_bringup/package.bash'
[3.001s] INFO:colcon.colcon_core.shell:Creating package script '/home/zhr/robot_arm/install/arm_bringup/share/arm_bringup/package.zsh'
[3.001s] Level 1:colcon.colcon_core.environment:create_file_with_runtime_dependencies(/home/zhr/robot_arm/install/arm_bringup/share/colcon-core/packages/arm_bringup)
[3.002s] Level 1:colcon.colcon_core.environment:create_environment_scripts_only(arm_bringup)
[3.003s] Level 1:colcon.colcon_core.environment:checking '/home/zhr/robot_arm/install/arm_bringup' for CMake module files
[3.003s] Level 1:colcon.colcon_core.environment:checking '/home/zhr/robot_arm/install/arm_bringup' for CMake config files
[3.004s] Level 1:colcon.colcon_core.shell:create_environment_hook('arm_bringup', 'cmake_prefix_path')
[3.004s] INFO:colcon.colcon_core.shell:Creating environment hook '/home/zhr/robot_arm/install/arm_bringup/share/arm_bringup/hook/cmake_prefix_path.ps1'
[3.005s] INFO:colcon.colcon_core.shell:Creating environment descriptor '/home/zhr/robot_arm/install/arm_bringup/share/arm_bringup/hook/cmake_prefix_path.dsv'
[3.005s] INFO:colcon.colcon_core.shell:Creating environment hook '/home/zhr/robot_arm/install/arm_bringup/share/arm_bringup/hook/cmake_prefix_path.sh'
[3.006s] Level 1:colcon.colcon_core.environment:checking '/home/zhr/robot_arm/install/arm_bringup/bin'
[3.006s] Level 1:colcon.colcon_core.environment:checking '/home/zhr/robot_arm/install/arm_bringup/lib/pkgconfig/arm_bringup.pc'
[3.006s] Level 1:colcon.colcon_core.environment:checking '/home/zhr/robot_arm/install/arm_bringup/lib/python3.10/site-packages'
[3.007s] Level 1:colcon.colcon_core.environment:checking '/home/zhr/robot_arm/install/arm_bringup/bin'
[3.007s] INFO:colcon.colcon_core.shell:Creating package script '/home/zhr/robot_arm/install/arm_bringup/share/arm_bringup/package.ps1'
[3.008s] INFO:colcon.colcon_core.shell:Creating package descriptor '/home/zhr/robot_arm/install/arm_bringup/share/arm_bringup/package.dsv'
[3.009s] INFO:colcon.colcon_core.shell:Creating package script '/home/zhr/robot_arm/install/arm_bringup/share/arm_bringup/package.sh'
[3.009s] INFO:colcon.colcon_core.shell:Creating package script '/home/zhr/robot_arm/install/arm_bringup/share/arm_bringup/package.bash'
[3.010s] INFO:colcon.colcon_core.shell:Creating package script '/home/zhr/robot_arm/install/arm_bringup/share/arm_bringup/package.zsh'
[3.010s] Level 1:colcon.colcon_core.environment:create_file_with_runtime_dependencies(/home/zhr/robot_arm/install/arm_bringup/share/colcon-core/packages/arm_bringup)
[3.011s] DEBUG:colcon.colcon_parallel_executor.executor.parallel:closing loop
[3.013s] DEBUG:colcon.colcon_parallel_executor.executor.parallel:loop closed
[3.015s] DEBUG:colcon.colcon_parallel_executor.executor.parallel:run_until_complete finished with '0'
[3.015s] DEBUG:colcon.colcon_core.event_reactor:joining thread
[3.022s] INFO:colcon.colcon_core.plugin_system:Skipping extension 'colcon_notification.desktop_notification.terminal_notifier': Not used on non-Darwin systems
[3.022s] INFO:colcon.colcon_core.plugin_system:Skipping extension 'colcon_notification.desktop_notification.win32': Not used on non-Windows systems
[3.022s] INFO:colcon.colcon_notification.desktop_notification:Sending desktop notification using 'notify2'
[3.037s] DEBUG:colcon.colcon_core.event_reactor:joined thread
[3.037s] INFO:colcon.colcon_core.shell:Creating prefix script '/home/zhr/robot_arm/install/local_setup.ps1'
[3.038s] INFO:colcon.colcon_core.shell:Creating prefix util module '/home/zhr/robot_arm/install/_local_setup_util_ps1.py'
[3.040s] INFO:colcon.colcon_core.shell:Creating prefix chain script '/home/zhr/robot_arm/install/setup.ps1'
[3.041s] INFO:colcon.colcon_core.shell:Creating prefix script '/home/zhr/robot_arm/install/local_setup.sh'
[3.041s] INFO:colcon.colcon_core.shell:Creating prefix util module '/home/zhr/robot_arm/install/_local_setup_util_sh.py'
[3.042s] INFO:colcon.colcon_core.shell:Creating prefix chain script '/home/zhr/robot_arm/install/setup.sh'
[3.043s] INFO:colcon.colcon_core.shell:Creating prefix script '/home/zhr/robot_arm/install/local_setup.bash'
[3.048s] INFO:colcon.colcon_core.shell:Creating prefix chain script '/home/zhr/robot_arm/install/setup.bash'
[3.050s] INFO:colcon.colcon_core.shell:Creating prefix script '/home/zhr/robot_arm/install/local_setup.zsh'
[3.051s] INFO:colcon.colcon_core.shell:Creating prefix chain script '/home/zhr/robot_arm/install/setup.zsh'
