[1.016s] Invoking command in '/home/zhr/robot_arm/build/sim_motor_controller': PYTHONPATH=/home/zhr/robot_arm/build/sim_motor_controller/prefix_override:/usr/lib/python3/dist-packages/colcon_core/task/python/colcon_distutils_commands:/home/zhr/robot_arm/install/sim_motor_controller/lib/python3.10/site-packages:${PYTHONPATH} /usr/bin/python3 -W ignore:setup.py install is deprecated -W ignore:easy_install command is deprecated setup.py develop --editable --build-directory /home/zhr/robot_arm/build/sim_motor_controller/build --no-deps symlink_data
[1.294s] running develop
[1.458s] running egg_info
[1.458s] creating src/sim_motor_controller.egg-info
[1.459s] writing src/sim_motor_controller.egg-info/PKG-INFO
[1.459s] writing dependency_links to src/sim_motor_controller.egg-info/dependency_links.txt
[1.459s] writing entry points to src/sim_motor_controller.egg-info/entry_points.txt
[1.459s] writing requirements to src/sim_motor_controller.egg-info/requires.txt
[1.459s] writing top-level names to src/sim_motor_controller.egg-info/top_level.txt
[1.461s] writing manifest file 'src/sim_motor_controller.egg-info/SOURCES.txt'
[1.462s] reading manifest file 'src/sim_motor_controller.egg-info/SOURCES.txt'
[1.463s] writing manifest file 'src/sim_motor_controller.egg-info/SOURCES.txt'
[1.464s] running build_ext
[1.464s] Creating /home/zhr/robot_arm/install/sim_motor_controller/lib/python3.10/site-packages/sim-motor-controller.egg-link (link to src)
[1.465s] Installing sim_motor_controller_node script to /home/zhr/robot_arm/install/sim_motor_controller/lib/sim_motor_controller
[1.475s] 
[1.475s] Installed /home/zhr/robot_arm/build/sim_motor_controller/src
[1.475s] running symlink_data
[1.476s] creating /home/zhr/robot_arm/install/sim_motor_controller/share/ament_index
[1.476s] creating /home/zhr/robot_arm/install/sim_motor_controller/share/ament_index/resource_index
[1.476s] creating /home/zhr/robot_arm/install/sim_motor_controller/share/ament_index/resource_index/packages
[1.476s] symbolically linking /home/zhr/robot_arm/build/sim_motor_controller/resource/sim_motor_controller -> /home/zhr/robot_arm/install/sim_motor_controller/share/ament_index/resource_index/packages
[1.476s] symbolically linking /home/zhr/robot_arm/build/sim_motor_controller/package.xml -> /home/zhr/robot_arm/install/sim_motor_controller/share/sim_motor_controller
[1.476s] symbolically linking /home/zhr/robot_arm/build/sim_motor_controller/README.md -> /home/zhr/robot_arm/install/sim_motor_controller/share/sim_motor_controller
[1.476s] creating /home/zhr/robot_arm/install/sim_motor_controller/share/sim_motor_controller/config
[1.476s] symbolically linking /home/zhr/robot_arm/build/sim_motor_controller/config/sim_motor_controller.yaml -> /home/zhr/robot_arm/install/sim_motor_controller/share/sim_motor_controller/config
[1.476s] creating /home/zhr/robot_arm/install/sim_motor_controller/share/sim_motor_controller/launch
[1.476s] symbolically linking /home/zhr/robot_arm/build/sim_motor_controller/launch/sim_motor_controller.launch.py -> /home/zhr/robot_arm/install/sim_motor_controller/share/sim_motor_controller/launch
[1.519s] Invoked command in '/home/zhr/robot_arm/build/sim_motor_controller' returned '0': PYTHONPATH=/home/zhr/robot_arm/build/sim_motor_controller/prefix_override:/usr/lib/python3/dist-packages/colcon_core/task/python/colcon_distutils_commands:/home/zhr/robot_arm/install/sim_motor_controller/lib/python3.10/site-packages:${PYTHONPATH} /usr/bin/python3 -W ignore:setup.py install is deprecated -W ignore:easy_install command is deprecated setup.py develop --editable --build-directory /home/zhr/robot_arm/build/sim_motor_controller/build --no-deps symlink_data
