[0.157s] DEBUG:colcon:Command line arguments: ['/usr/bin/colcon', 'build', '--symlink-install']
[0.157s] DEBUG:colcon:Parsed command line arguments: Namespace(log_base=None, log_level=None, verb_name='build', build_base='build', install_base='install', merge_install=False, symlink_install=True, test_result_base=None, continue_on_error=False, executor='parallel', parallel_workers=8, event_handlers=None, ignore_user_meta=False, metas=['./colcon.meta'], base_paths=['.'], packages_ignore=None, packages_ignore_regex=None, paths=None, packages_up_to=None, packages_up_to_regex=None, packages_above=None, packages_above_and_dependencies=None, packages_above_depth=None, packages_select_by_dep=None, packages_skip_by_dep=None, packages_skip_up_to=None, packages_select_build_failed=False, packages_skip_build_finished=False, packages_select_test_failures=False, packages_skip_test_passed=False, packages_select=None, packages_skip=None, packages_select_regex=None, packages_skip_regex=None, packages_start=None, packages_end=None, allow_overriding=[], cmake_args=None, cmake_target=None, cmake_target_skip_unavailable=False, cmake_clean_cache=False, cmake_clean_first=False, cmake_force_configure=False, ament_cmake_args=None, catkin_cmake_args=None, catkin_skip_building_tests=False, verb_parser=<colcon_defaults.argument_parser.defaults.DefaultArgumentsDecorator object at 0x73f1fc679630>, verb_extension=<colcon_core.verb.build.BuildVerb object at 0x73f1fc6791b0>, main=<bound method BuildVerb.main of <colcon_core.verb.build.BuildVerb object at 0x73f1fc6791b0>>)
[0.406s] Level 1:colcon.colcon_core.package_discovery:discover_packages(colcon_meta) check parameters
[0.406s] Level 1:colcon.colcon_core.package_discovery:discover_packages(recursive) check parameters
[0.406s] Level 1:colcon.colcon_core.package_discovery:discover_packages(ignore) check parameters
[0.406s] Level 1:colcon.colcon_core.package_discovery:discover_packages(path) check parameters
[0.406s] Level 1:colcon.colcon_core.package_discovery:discover_packages(colcon_meta) discover
[0.406s] Level 1:colcon.colcon_core.package_discovery:discover_packages(recursive) discover
[0.406s] INFO:colcon.colcon_core.package_discovery:Crawling recursively for packages in '/home/zhr/robot_arm'
[0.406s] Level 1:colcon.colcon_core.package_identification:_identify(.) by extensions ['ignore', 'ignore_ament_install']
[0.407s] Level 1:colcon.colcon_core.package_identification:_identify(.) by extension 'ignore'
[0.407s] Level 1:colcon.colcon_core.package_identification:_identify(.) by extension 'ignore_ament_install'
[0.407s] Level 1:colcon.colcon_core.package_identification:_identify(.) by extensions ['colcon_pkg']
[0.407s] Level 1:colcon.colcon_core.package_identification:_identify(.) by extension 'colcon_pkg'
[0.407s] Level 1:colcon.colcon_core.package_identification:_identify(.) by extensions ['colcon_meta']
[0.407s] Level 1:colcon.colcon_core.package_identification:_identify(.) by extension 'colcon_meta'
[0.407s] Level 1:colcon.colcon_core.package_identification:_identify(.) by extensions ['ros']
[0.407s] Level 1:colcon.colcon_core.package_identification:_identify(.) by extension 'ros'
[0.418s] Level 1:colcon.colcon_core.package_identification:_identify(.) by extensions ['cmake', 'python']
[0.419s] Level 1:colcon.colcon_core.package_identification:_identify(.) by extension 'cmake'
[0.420s] Level 1:colcon.colcon_core.package_identification:_identify(.) by extension 'python'
[0.420s] Level 1:colcon.colcon_core.package_identification:_identify(.) by extensions ['python_setup_py']
[0.420s] Level 1:colcon.colcon_core.package_identification:_identify(.) by extension 'python_setup_py'
[0.420s] Level 1:colcon.colcon_core.package_identification:_identify(build) by extensions ['ignore', 'ignore_ament_install']
[0.420s] Level 1:colcon.colcon_core.package_identification:_identify(build) by extension 'ignore'
[0.421s] Level 1:colcon.colcon_core.package_identification:_identify(build) ignored
[0.421s] Level 1:colcon.colcon_core.package_identification:_identify(install) by extensions ['ignore', 'ignore_ament_install']
[0.421s] Level 1:colcon.colcon_core.package_identification:_identify(install) by extension 'ignore'
[0.421s] Level 1:colcon.colcon_core.package_identification:_identify(install) ignored
[0.421s] Level 1:colcon.colcon_core.package_identification:_identify(log) by extensions ['ignore', 'ignore_ament_install']
[0.421s] Level 1:colcon.colcon_core.package_identification:_identify(log) by extension 'ignore'
[0.421s] Level 1:colcon.colcon_core.package_identification:_identify(log) ignored
[0.422s] Level 1:colcon.colcon_core.package_identification:_identify(src) by extensions ['ignore', 'ignore_ament_install']
[0.422s] Level 1:colcon.colcon_core.package_identification:_identify(src) by extension 'ignore'
[0.422s] Level 1:colcon.colcon_core.package_identification:_identify(src) by extension 'ignore_ament_install'
[0.422s] Level 1:colcon.colcon_core.package_identification:_identify(src) by extensions ['colcon_pkg']
[0.422s] Level 1:colcon.colcon_core.package_identification:_identify(src) by extension 'colcon_pkg'
[0.422s] Level 1:colcon.colcon_core.package_identification:_identify(src) by extensions ['colcon_meta']
[0.422s] Level 1:colcon.colcon_core.package_identification:_identify(src) by extension 'colcon_meta'
[0.422s] Level 1:colcon.colcon_core.package_identification:_identify(src) by extensions ['ros']
[0.422s] Level 1:colcon.colcon_core.package_identification:_identify(src) by extension 'ros'
[0.422s] Level 1:colcon.colcon_core.package_identification:_identify(src) by extensions ['cmake', 'python']
[0.422s] Level 1:colcon.colcon_core.package_identification:_identify(src) by extension 'cmake'
[0.422s] Level 1:colcon.colcon_core.package_identification:_identify(src) by extension 'python'
[0.422s] Level 1:colcon.colcon_core.package_identification:_identify(src) by extensions ['python_setup_py']
[0.422s] Level 1:colcon.colcon_core.package_identification:_identify(src) by extension 'python_setup_py'
[0.422s] Level 1:colcon.colcon_core.package_identification:_identify(src/arm_bringup) by extensions ['ignore', 'ignore_ament_install']
[0.422s] Level 1:colcon.colcon_core.package_identification:_identify(src/arm_bringup) by extension 'ignore'
[0.422s] Level 1:colcon.colcon_core.package_identification:_identify(src/arm_bringup) by extension 'ignore_ament_install'
[0.422s] Level 1:colcon.colcon_core.package_identification:_identify(src/arm_bringup) by extensions ['colcon_pkg']
[0.422s] Level 1:colcon.colcon_core.package_identification:_identify(src/arm_bringup) by extension 'colcon_pkg'
[0.422s] Level 1:colcon.colcon_core.package_identification:_identify(src/arm_bringup) by extensions ['colcon_meta']
[0.422s] Level 1:colcon.colcon_core.package_identification:_identify(src/arm_bringup) by extension 'colcon_meta'
[0.422s] Level 1:colcon.colcon_core.package_identification:_identify(src/arm_bringup) by extensions ['ros']
[0.423s] Level 1:colcon.colcon_core.package_identification:_identify(src/arm_bringup) by extension 'ros'
[0.425s] DEBUG:colcon.colcon_core.package_identification:Package 'src/arm_bringup' with type 'ros.ament_cmake' and name 'arm_bringup'
[0.426s] Level 1:colcon.colcon_core.package_identification:_identify(src/real_motor_controller) by extensions ['ignore', 'ignore_ament_install']
[0.426s] Level 1:colcon.colcon_core.package_identification:_identify(src/real_motor_controller) by extension 'ignore'
[0.426s] Level 1:colcon.colcon_core.package_identification:_identify(src/real_motor_controller) by extension 'ignore_ament_install'
[0.426s] Level 1:colcon.colcon_core.package_identification:_identify(src/real_motor_controller) by extensions ['colcon_pkg']
[0.426s] Level 1:colcon.colcon_core.package_identification:_identify(src/real_motor_controller) by extension 'colcon_pkg'
[0.426s] Level 1:colcon.colcon_core.package_identification:_identify(src/real_motor_controller) by extensions ['colcon_meta']
[0.426s] Level 1:colcon.colcon_core.package_identification:_identify(src/real_motor_controller) by extension 'colcon_meta'
[0.426s] Level 1:colcon.colcon_core.package_identification:_identify(src/real_motor_controller) by extensions ['ros']
[0.426s] Level 1:colcon.colcon_core.package_identification:_identify(src/real_motor_controller) by extension 'ros'
[0.427s] DEBUG:colcon.colcon_core.package_identification:Package 'src/real_motor_controller' with type 'ros.ament_python' and name 'real_motor_controller'
[0.427s] Level 1:colcon.colcon_core.package_identification:_identify(src/sim_motor_controller) by extensions ['ignore', 'ignore_ament_install']
[0.427s] Level 1:colcon.colcon_core.package_identification:_identify(src/sim_motor_controller) by extension 'ignore'
[0.427s] Level 1:colcon.colcon_core.package_identification:_identify(src/sim_motor_controller) by extension 'ignore_ament_install'
[0.428s] Level 1:colcon.colcon_core.package_identification:_identify(src/sim_motor_controller) by extensions ['colcon_pkg']
[0.428s] Level 1:colcon.colcon_core.package_identification:_identify(src/sim_motor_controller) by extension 'colcon_pkg'
[0.428s] Level 1:colcon.colcon_core.package_identification:_identify(src/sim_motor_controller) by extensions ['colcon_meta']
[0.428s] Level 1:colcon.colcon_core.package_identification:_identify(src/sim_motor_controller) by extension 'colcon_meta'
[0.428s] Level 1:colcon.colcon_core.package_identification:_identify(src/sim_motor_controller) by extensions ['ros']
[0.428s] Level 1:colcon.colcon_core.package_identification:_identify(src/sim_motor_controller) by extension 'ros'
[0.429s] DEBUG:colcon.colcon_core.package_identification:Package 'src/sim_motor_controller' with type 'ros.ament_python' and name 'sim_motor_controller'
[0.429s] Level 1:colcon.colcon_core.package_discovery:discover_packages(recursive) using defaults
[0.429s] Level 1:colcon.colcon_core.package_discovery:discover_packages(ignore) discover
[0.429s] Level 1:colcon.colcon_core.package_discovery:discover_packages(ignore) using defaults
[0.429s] Level 1:colcon.colcon_core.package_discovery:discover_packages(path) discover
[0.429s] Level 1:colcon.colcon_core.package_discovery:discover_packages(path) using defaults
[0.471s] Level 1:colcon.colcon_core.package_discovery:discover_packages(prefix_path) check parameters
[0.471s] Level 1:colcon.colcon_core.package_discovery:discover_packages(prefix_path) discover
[0.474s] DEBUG:colcon.colcon_installed_package_information.package_discovery:Found 432 installed packages in /opt/ros/humble
[0.476s] Level 1:colcon.colcon_core.package_discovery:discover_packages(prefix_path) using defaults
[0.550s] Level 5:colcon.colcon_core.verb:set package 'real_motor_controller' build argument 'cmake_args' from command line to 'None'
[0.550s] Level 5:colcon.colcon_core.verb:set package 'real_motor_controller' build argument 'cmake_target' from command line to 'None'
[0.550s] Level 5:colcon.colcon_core.verb:set package 'real_motor_controller' build argument 'cmake_target_skip_unavailable' from command line to 'False'
[0.550s] Level 5:colcon.colcon_core.verb:set package 'real_motor_controller' build argument 'cmake_clean_cache' from command line to 'False'
[0.550s] Level 5:colcon.colcon_core.verb:set package 'real_motor_controller' build argument 'cmake_clean_first' from command line to 'False'
[0.550s] Level 5:colcon.colcon_core.verb:set package 'real_motor_controller' build argument 'cmake_force_configure' from command line to 'False'
[0.550s] Level 5:colcon.colcon_core.verb:set package 'real_motor_controller' build argument 'ament_cmake_args' from command line to 'None'
[0.550s] Level 5:colcon.colcon_core.verb:set package 'real_motor_controller' build argument 'catkin_cmake_args' from command line to 'None'
[0.550s] Level 5:colcon.colcon_core.verb:set package 'real_motor_controller' build argument 'catkin_skip_building_tests' from command line to 'False'
[0.550s] DEBUG:colcon.colcon_core.verb:Building package 'real_motor_controller' with the following arguments: {'ament_cmake_args': None, 'build_base': '/home/zhr/robot_arm/build/real_motor_controller', 'catkin_cmake_args': None, 'catkin_skip_building_tests': False, 'cmake_args': None, 'cmake_clean_cache': False, 'cmake_clean_first': False, 'cmake_force_configure': False, 'cmake_target': None, 'cmake_target_skip_unavailable': False, 'install_base': '/home/zhr/robot_arm/install/real_motor_controller', 'merge_install': False, 'path': '/home/zhr/robot_arm/src/real_motor_controller', 'symlink_install': True, 'test_result_base': None}
[0.551s] Level 5:colcon.colcon_core.verb:set package 'sim_motor_controller' build argument 'cmake_args' from command line to 'None'
[0.551s] Level 5:colcon.colcon_core.verb:set package 'sim_motor_controller' build argument 'cmake_target' from command line to 'None'
[0.551s] Level 5:colcon.colcon_core.verb:set package 'sim_motor_controller' build argument 'cmake_target_skip_unavailable' from command line to 'False'
[0.551s] Level 5:colcon.colcon_core.verb:set package 'sim_motor_controller' build argument 'cmake_clean_cache' from command line to 'False'
[0.551s] Level 5:colcon.colcon_core.verb:set package 'sim_motor_controller' build argument 'cmake_clean_first' from command line to 'False'
[0.551s] Level 5:colcon.colcon_core.verb:set package 'sim_motor_controller' build argument 'cmake_force_configure' from command line to 'False'
[0.551s] Level 5:colcon.colcon_core.verb:set package 'sim_motor_controller' build argument 'ament_cmake_args' from command line to 'None'
[0.551s] Level 5:colcon.colcon_core.verb:set package 'sim_motor_controller' build argument 'catkin_cmake_args' from command line to 'None'
[0.551s] Level 5:colcon.colcon_core.verb:set package 'sim_motor_controller' build argument 'catkin_skip_building_tests' from command line to 'False'
[0.551s] DEBUG:colcon.colcon_core.verb:Building package 'sim_motor_controller' with the following arguments: {'ament_cmake_args': None, 'build_base': '/home/zhr/robot_arm/build/sim_motor_controller', 'catkin_cmake_args': None, 'catkin_skip_building_tests': False, 'cmake_args': None, 'cmake_clean_cache': False, 'cmake_clean_first': False, 'cmake_force_configure': False, 'cmake_target': None, 'cmake_target_skip_unavailable': False, 'install_base': '/home/zhr/robot_arm/install/sim_motor_controller', 'merge_install': False, 'path': '/home/zhr/robot_arm/src/sim_motor_controller', 'symlink_install': True, 'test_result_base': None}
[0.551s] Level 5:colcon.colcon_core.verb:set package 'arm_bringup' build argument 'cmake_args' from command line to 'None'
[0.551s] Level 5:colcon.colcon_core.verb:set package 'arm_bringup' build argument 'cmake_target' from command line to 'None'
[0.551s] Level 5:colcon.colcon_core.verb:set package 'arm_bringup' build argument 'cmake_target_skip_unavailable' from command line to 'False'
[0.551s] Level 5:colcon.colcon_core.verb:set package 'arm_bringup' build argument 'cmake_clean_cache' from command line to 'False'
[0.551s] Level 5:colcon.colcon_core.verb:set package 'arm_bringup' build argument 'cmake_clean_first' from command line to 'False'
[0.551s] Level 5:colcon.colcon_core.verb:set package 'arm_bringup' build argument 'cmake_force_configure' from command line to 'False'
[0.551s] Level 5:colcon.colcon_core.verb:set package 'arm_bringup' build argument 'ament_cmake_args' from command line to 'None'
[0.551s] Level 5:colcon.colcon_core.verb:set package 'arm_bringup' build argument 'catkin_cmake_args' from command line to 'None'
[0.551s] Level 5:colcon.colcon_core.verb:set package 'arm_bringup' build argument 'catkin_skip_building_tests' from command line to 'False'
[0.551s] DEBUG:colcon.colcon_core.verb:Building package 'arm_bringup' with the following arguments: {'ament_cmake_args': None, 'build_base': '/home/zhr/robot_arm/build/arm_bringup', 'catkin_cmake_args': None, 'catkin_skip_building_tests': False, 'cmake_args': None, 'cmake_clean_cache': False, 'cmake_clean_first': False, 'cmake_force_configure': False, 'cmake_target': None, 'cmake_target_skip_unavailable': False, 'install_base': '/home/zhr/robot_arm/install/arm_bringup', 'merge_install': False, 'path': '/home/zhr/robot_arm/src/arm_bringup', 'symlink_install': True, 'test_result_base': None}
[0.552s] INFO:colcon.colcon_core.executor:Executing jobs using 'parallel' executor
[0.552s] DEBUG:colcon.colcon_parallel_executor.executor.parallel:run_until_complete
[0.553s] INFO:colcon.colcon_ros.task.ament_python.build:Building ROS package in '/home/zhr/robot_arm/src/real_motor_controller' with build type 'ament_python'
[0.553s] Level 1:colcon.colcon_core.shell:create_environment_hook('real_motor_controller', 'ament_prefix_path')
[0.555s] INFO:colcon.colcon_core.plugin_system:Skipping extension 'colcon_core.shell.bat': Not used on non-Windows systems
[0.555s] INFO:colcon.colcon_core.shell:Creating environment hook '/home/zhr/robot_arm/install/real_motor_controller/share/real_motor_controller/hook/ament_prefix_path.ps1'
[0.556s] INFO:colcon.colcon_core.shell:Creating environment descriptor '/home/zhr/robot_arm/install/real_motor_controller/share/real_motor_controller/hook/ament_prefix_path.dsv'
[0.556s] INFO:colcon.colcon_core.shell:Creating environment hook '/home/zhr/robot_arm/install/real_motor_controller/share/real_motor_controller/hook/ament_prefix_path.sh'
[0.557s] INFO:colcon.colcon_core.shell:Skip shell extension 'powershell' for command environment: Not usable outside of PowerShell
[0.557s] DEBUG:colcon.colcon_core.shell:Skip shell extension 'dsv' for command environment
[0.562s] INFO:colcon.colcon_ros.task.ament_python.build:Building ROS package in '/home/zhr/robot_arm/src/sim_motor_controller' with build type 'ament_python'
[0.564s] Level 1:colcon.colcon_core.shell:create_environment_hook('sim_motor_controller', 'ament_prefix_path')
[0.567s] INFO:colcon.colcon_core.shell:Creating environment hook '/home/zhr/robot_arm/install/sim_motor_controller/share/sim_motor_controller/hook/ament_prefix_path.ps1'
[0.569s] INFO:colcon.colcon_core.shell:Creating environment descriptor '/home/zhr/robot_arm/install/sim_motor_controller/share/sim_motor_controller/hook/ament_prefix_path.dsv'
[0.571s] INFO:colcon.colcon_core.shell:Creating environment hook '/home/zhr/robot_arm/install/sim_motor_controller/share/sim_motor_controller/hook/ament_prefix_path.sh'
[0.571s] INFO:colcon.colcon_core.shell:Skip shell extension 'powershell' for command environment: Not usable outside of PowerShell
[0.572s] DEBUG:colcon.colcon_core.shell:Skip shell extension 'dsv' for command environment
[1.005s] INFO:colcon.colcon_core.task.python.build:Building Python package in '/home/zhr/robot_arm/src/real_motor_controller'
[1.005s] INFO:colcon.colcon_core.shell:Skip shell extension 'powershell' for command environment: Not usable outside of PowerShell
[1.005s] DEBUG:colcon.colcon_core.shell:Skip shell extension 'dsv' for command environment
[1.380s] INFO:colcon.colcon_core.task.python.build:Building Python package in '/home/zhr/robot_arm/src/sim_motor_controller'
[1.381s] INFO:colcon.colcon_core.shell:Skip shell extension 'powershell' for command environment: Not usable outside of PowerShell
[1.382s] DEBUG:colcon.colcon_core.shell:Skip shell extension 'dsv' for command environment
[2.000s] DEBUG:colcon.colcon_core.event_handler.log_command:Invoking command in '/home/zhr/robot_arm/build/sim_motor_controller': PYTHONPATH=/home/zhr/robot_arm/build/sim_motor_controller/prefix_override:/usr/lib/python3/dist-packages/colcon_core/task/python/colcon_distutils_commands:/home/zhr/robot_arm/install/sim_motor_controller/lib/python3.10/site-packages:${PYTHONPATH} /usr/bin/python3 -W ignore:setup.py install is deprecated -W ignore:easy_install command is deprecated setup.py develop --editable --build-directory /home/zhr/robot_arm/build/sim_motor_controller/build --no-deps symlink_data
[2.006s] DEBUG:colcon.colcon_core.event_handler.log_command:Invoking command in '/home/zhr/robot_arm/build/real_motor_controller': PYTHONPATH=/home/zhr/robot_arm/build/real_motor_controller/prefix_override:/usr/lib/python3/dist-packages/colcon_core/task/python/colcon_distutils_commands:/home/zhr/robot_arm/install/real_motor_controller/lib/python3.10/site-packages:${PYTHONPATH} /usr/bin/python3 -W ignore:setup.py install is deprecated -W ignore:easy_install command is deprecated setup.py develop --editable --build-directory /home/zhr/robot_arm/build/real_motor_controller/build --no-deps symlink_data
[2.760s] Level 1:colcon.colcon_core.shell:create_environment_hook('real_motor_controller', 'pythonpath_develop')
[2.760s] DEBUG:colcon.colcon_core.event_handler.log_command:Invoked command in '/home/zhr/robot_arm/build/real_motor_controller' returned '0': PYTHONPATH=/home/zhr/robot_arm/build/real_motor_controller/prefix_override:/usr/lib/python3/dist-packages/colcon_core/task/python/colcon_distutils_commands:/home/zhr/robot_arm/install/real_motor_controller/lib/python3.10/site-packages:${PYTHONPATH} /usr/bin/python3 -W ignore:setup.py install is deprecated -W ignore:easy_install command is deprecated setup.py develop --editable --build-directory /home/zhr/robot_arm/build/real_motor_controller/build --no-deps symlink_data
[2.761s] INFO:colcon.colcon_core.shell:Creating environment hook '/home/zhr/robot_arm/build/real_motor_controller/src/share/real_motor_controller/hook/pythonpath_develop.ps1'
[2.762s] INFO:colcon.colcon_core.shell:Creating environment descriptor '/home/zhr/robot_arm/build/real_motor_controller/src/share/real_motor_controller/hook/pythonpath_develop.dsv'
[2.762s] INFO:colcon.colcon_core.shell:Creating environment hook '/home/zhr/robot_arm/build/real_motor_controller/src/share/real_motor_controller/hook/pythonpath_develop.sh'
[2.767s] Level 1:colcon.colcon_core.environment:checking '/home/zhr/robot_arm/install/real_motor_controller' for CMake module files
[2.767s] Level 1:colcon.colcon_core.environment:checking '/home/zhr/robot_arm/install/real_motor_controller' for CMake config files
[2.768s] Level 1:colcon.colcon_core.environment:checking '/home/zhr/robot_arm/install/real_motor_controller/lib'
[2.771s] Level 1:colcon.colcon_core.environment:checking '/home/zhr/robot_arm/install/real_motor_controller/bin'
[2.772s] Level 1:colcon.colcon_core.environment:checking '/home/zhr/robot_arm/install/real_motor_controller/lib/pkgconfig/real_motor_controller.pc'
[2.773s] Level 1:colcon.colcon_core.environment:checking '/home/zhr/robot_arm/install/real_motor_controller/lib/python3.10/site-packages'
[2.773s] Level 1:colcon.colcon_core.shell:create_environment_hook('real_motor_controller', 'pythonpath')
[2.774s] INFO:colcon.colcon_core.shell:Creating environment hook '/home/zhr/robot_arm/install/real_motor_controller/share/real_motor_controller/hook/pythonpath.ps1'
[2.775s] INFO:colcon.colcon_core.shell:Creating environment descriptor '/home/zhr/robot_arm/install/real_motor_controller/share/real_motor_controller/hook/pythonpath.dsv'
[2.775s] INFO:colcon.colcon_core.shell:Creating environment hook '/home/zhr/robot_arm/install/real_motor_controller/share/real_motor_controller/hook/pythonpath.sh'
[2.776s] Level 1:colcon.colcon_core.environment:checking '/home/zhr/robot_arm/install/real_motor_controller/bin'
[2.777s] Level 1:colcon.colcon_core.environment:create_environment_scripts_only(real_motor_controller)
[2.777s] INFO:colcon.colcon_core.shell:Creating package script '/home/zhr/robot_arm/install/real_motor_controller/share/real_motor_controller/package.ps1'
[2.778s] INFO:colcon.colcon_core.shell:Creating package descriptor '/home/zhr/robot_arm/install/real_motor_controller/share/real_motor_controller/package.dsv'
[2.778s] INFO:colcon.colcon_core.shell:Creating package script '/home/zhr/robot_arm/install/real_motor_controller/share/real_motor_controller/package.sh'
[2.779s] INFO:colcon.colcon_core.shell:Creating package script '/home/zhr/robot_arm/install/real_motor_controller/share/real_motor_controller/package.bash'
[2.780s] INFO:colcon.colcon_core.shell:Creating package script '/home/zhr/robot_arm/install/real_motor_controller/share/real_motor_controller/package.zsh'
[2.781s] Level 1:colcon.colcon_core.environment:create_file_with_runtime_dependencies(/home/zhr/robot_arm/install/real_motor_controller/share/colcon-core/packages/real_motor_controller)
[2.782s] Level 1:colcon.colcon_core.shell:create_environment_hook('sim_motor_controller', 'pythonpath_develop')
[2.782s] INFO:colcon.colcon_core.shell:Creating environment hook '/home/zhr/robot_arm/build/sim_motor_controller/src/share/sim_motor_controller/hook/pythonpath_develop.ps1'
[2.782s] DEBUG:colcon.colcon_core.event_handler.log_command:Invoked command in '/home/zhr/robot_arm/build/sim_motor_controller' returned '0': PYTHONPATH=/home/zhr/robot_arm/build/sim_motor_controller/prefix_override:/usr/lib/python3/dist-packages/colcon_core/task/python/colcon_distutils_commands:/home/zhr/robot_arm/install/sim_motor_controller/lib/python3.10/site-packages:${PYTHONPATH} /usr/bin/python3 -W ignore:setup.py install is deprecated -W ignore:easy_install command is deprecated setup.py develop --editable --build-directory /home/zhr/robot_arm/build/sim_motor_controller/build --no-deps symlink_data
[2.783s] INFO:colcon.colcon_core.shell:Creating environment descriptor '/home/zhr/robot_arm/build/sim_motor_controller/src/share/sim_motor_controller/hook/pythonpath_develop.dsv'
[2.783s] INFO:colcon.colcon_core.shell:Creating environment hook '/home/zhr/robot_arm/build/sim_motor_controller/src/share/sim_motor_controller/hook/pythonpath_develop.sh'
[2.784s] Level 1:colcon.colcon_core.environment:checking '/home/zhr/robot_arm/install/sim_motor_controller' for CMake module files
[2.784s] Level 1:colcon.colcon_core.environment:checking '/home/zhr/robot_arm/install/sim_motor_controller' for CMake config files
[2.785s] Level 1:colcon.colcon_core.environment:checking '/home/zhr/robot_arm/install/sim_motor_controller/lib'
[2.785s] Level 1:colcon.colcon_core.environment:checking '/home/zhr/robot_arm/install/sim_motor_controller/bin'
[2.785s] Level 1:colcon.colcon_core.environment:checking '/home/zhr/robot_arm/install/sim_motor_controller/lib/pkgconfig/sim_motor_controller.pc'
[2.786s] Level 1:colcon.colcon_core.environment:checking '/home/zhr/robot_arm/install/sim_motor_controller/lib/python3.10/site-packages'
[2.788s] Level 1:colcon.colcon_core.shell:create_environment_hook('sim_motor_controller', 'pythonpath')
[2.789s] INFO:colcon.colcon_core.shell:Creating environment hook '/home/zhr/robot_arm/install/sim_motor_controller/share/sim_motor_controller/hook/pythonpath.ps1'
[2.790s] INFO:colcon.colcon_core.shell:Creating environment descriptor '/home/zhr/robot_arm/install/sim_motor_controller/share/sim_motor_controller/hook/pythonpath.dsv'
[2.791s] INFO:colcon.colcon_core.shell:Creating environment hook '/home/zhr/robot_arm/install/sim_motor_controller/share/sim_motor_controller/hook/pythonpath.sh'
[2.792s] Level 1:colcon.colcon_core.environment:checking '/home/zhr/robot_arm/install/sim_motor_controller/bin'
[2.792s] Level 1:colcon.colcon_core.environment:create_environment_scripts_only(sim_motor_controller)
[2.792s] INFO:colcon.colcon_core.shell:Creating package script '/home/zhr/robot_arm/install/sim_motor_controller/share/sim_motor_controller/package.ps1'
[2.793s] INFO:colcon.colcon_core.shell:Creating package descriptor '/home/zhr/robot_arm/install/sim_motor_controller/share/sim_motor_controller/package.dsv'
[2.793s] INFO:colcon.colcon_core.shell:Creating package script '/home/zhr/robot_arm/install/sim_motor_controller/share/sim_motor_controller/package.sh'
[2.793s] INFO:colcon.colcon_core.shell:Creating package script '/home/zhr/robot_arm/install/sim_motor_controller/share/sim_motor_controller/package.bash'
[2.794s] INFO:colcon.colcon_core.shell:Creating package script '/home/zhr/robot_arm/install/sim_motor_controller/share/sim_motor_controller/package.zsh'
[2.794s] Level 1:colcon.colcon_core.environment:create_file_with_runtime_dependencies(/home/zhr/robot_arm/install/sim_motor_controller/share/colcon-core/packages/sim_motor_controller)
[2.794s] INFO:colcon.colcon_ros.task.ament_cmake.build:Building ROS package in '/home/zhr/robot_arm/src/arm_bringup' with build type 'ament_cmake'
[2.794s] INFO:colcon.colcon_cmake.task.cmake.build:Building CMake package in '/home/zhr/robot_arm/src/arm_bringup'
[2.795s] INFO:colcon.colcon_core.shell:Skip shell extension 'powershell' for command environment: Not usable outside of PowerShell
[2.795s] DEBUG:colcon.colcon_core.shell:Skip shell extension 'dsv' for command environment
[2.808s] DEBUG:colcon.colcon_core.event_handler.log_command:Invoking command in '/home/zhr/robot_arm/build/arm_bringup': AMENT_PREFIX_PATH=/home/zhr/robot_arm/install/sim_motor_controller:/home/zhr/robot_arm/install/real_motor_controller:${AMENT_PREFIX_PATH} CMAKE_PREFIX_PATH=/opt/ros/humble PYTHONPATH=/home/zhr/robot_arm/build/sim_motor_controller/src:/home/zhr/robot_arm/install/sim_motor_controller/lib/python3.10/site-packages:/home/zhr/robot_arm/build/real_motor_controller/src:/home/zhr/robot_arm/install/real_motor_controller/lib/python3.10/site-packages:${PYTHONPATH} /opt/st/stm32cubeclt_1.17.0/CMake/bin/cmake --build /home/zhr/robot_arm/build/arm_bringup -- -j8 -l8
[2.826s] DEBUG:colcon.colcon_core.event_handler.log_command:Invoked command in '/home/zhr/robot_arm/build/arm_bringup' returned '0': AMENT_PREFIX_PATH=/home/zhr/robot_arm/install/sim_motor_controller:/home/zhr/robot_arm/install/real_motor_controller:${AMENT_PREFIX_PATH} CMAKE_PREFIX_PATH=/opt/ros/humble PYTHONPATH=/home/zhr/robot_arm/build/sim_motor_controller/src:/home/zhr/robot_arm/install/sim_motor_controller/lib/python3.10/site-packages:/home/zhr/robot_arm/build/real_motor_controller/src:/home/zhr/robot_arm/install/real_motor_controller/lib/python3.10/site-packages:${PYTHONPATH} /opt/st/stm32cubeclt_1.17.0/CMake/bin/cmake --build /home/zhr/robot_arm/build/arm_bringup -- -j8 -l8
[2.829s] DEBUG:colcon.colcon_core.event_handler.log_command:Invoking command in '/home/zhr/robot_arm/build/arm_bringup': AMENT_PREFIX_PATH=/home/zhr/robot_arm/install/sim_motor_controller:/home/zhr/robot_arm/install/real_motor_controller:${AMENT_PREFIX_PATH} CMAKE_PREFIX_PATH=/opt/ros/humble PYTHONPATH=/home/zhr/robot_arm/build/sim_motor_controller/src:/home/zhr/robot_arm/install/sim_motor_controller/lib/python3.10/site-packages:/home/zhr/robot_arm/build/real_motor_controller/src:/home/zhr/robot_arm/install/real_motor_controller/lib/python3.10/site-packages:${PYTHONPATH} /opt/st/stm32cubeclt_1.17.0/CMake/bin/cmake --install /home/zhr/robot_arm/build/arm_bringup
[2.845s] Level 1:colcon.colcon_core.environment:create_environment_scripts_only(arm_bringup)
[2.845s] Level 1:colcon.colcon_core.environment:checking '/home/zhr/robot_arm/install/arm_bringup' for CMake module files
[2.846s] DEBUG:colcon.colcon_core.event_handler.log_command:Invoked command in '/home/zhr/robot_arm/build/arm_bringup' returned '0': AMENT_PREFIX_PATH=/home/zhr/robot_arm/install/sim_motor_controller:/home/zhr/robot_arm/install/real_motor_controller:${AMENT_PREFIX_PATH} CMAKE_PREFIX_PATH=/opt/ros/humble PYTHONPATH=/home/zhr/robot_arm/build/sim_motor_controller/src:/home/zhr/robot_arm/install/sim_motor_controller/lib/python3.10/site-packages:/home/zhr/robot_arm/build/real_motor_controller/src:/home/zhr/robot_arm/install/real_motor_controller/lib/python3.10/site-packages:${PYTHONPATH} /opt/st/stm32cubeclt_1.17.0/CMake/bin/cmake --install /home/zhr/robot_arm/build/arm_bringup
[2.846s] Level 1:colcon.colcon_core.environment:checking '/home/zhr/robot_arm/install/arm_bringup' for CMake config files
[2.847s] Level 1:colcon.colcon_core.shell:create_environment_hook('arm_bringup', 'cmake_prefix_path')
[2.847s] INFO:colcon.colcon_core.shell:Creating environment hook '/home/zhr/robot_arm/install/arm_bringup/share/arm_bringup/hook/cmake_prefix_path.ps1'
[2.848s] INFO:colcon.colcon_core.shell:Creating environment descriptor '/home/zhr/robot_arm/install/arm_bringup/share/arm_bringup/hook/cmake_prefix_path.dsv'
[2.848s] INFO:colcon.colcon_core.shell:Creating environment hook '/home/zhr/robot_arm/install/arm_bringup/share/arm_bringup/hook/cmake_prefix_path.sh'
[2.850s] Level 1:colcon.colcon_core.environment:checking '/home/zhr/robot_arm/install/arm_bringup/bin'
[2.852s] Level 1:colcon.colcon_core.environment:checking '/home/zhr/robot_arm/install/arm_bringup/lib/pkgconfig/arm_bringup.pc'
[2.853s] Level 1:colcon.colcon_core.environment:checking '/home/zhr/robot_arm/install/arm_bringup/lib/python3.10/site-packages'
[2.854s] Level 1:colcon.colcon_core.environment:checking '/home/zhr/robot_arm/install/arm_bringup/bin'
[2.855s] INFO:colcon.colcon_core.shell:Creating package script '/home/zhr/robot_arm/install/arm_bringup/share/arm_bringup/package.ps1'
[2.856s] INFO:colcon.colcon_core.shell:Creating package descriptor '/home/zhr/robot_arm/install/arm_bringup/share/arm_bringup/package.dsv'
[2.856s] INFO:colcon.colcon_core.shell:Creating package script '/home/zhr/robot_arm/install/arm_bringup/share/arm_bringup/package.sh'
[2.856s] INFO:colcon.colcon_core.shell:Creating package script '/home/zhr/robot_arm/install/arm_bringup/share/arm_bringup/package.bash'
[2.857s] INFO:colcon.colcon_core.shell:Creating package script '/home/zhr/robot_arm/install/arm_bringup/share/arm_bringup/package.zsh'
[2.857s] Level 1:colcon.colcon_core.environment:create_file_with_runtime_dependencies(/home/zhr/robot_arm/install/arm_bringup/share/colcon-core/packages/arm_bringup)
[2.858s] Level 1:colcon.colcon_core.environment:create_environment_scripts_only(arm_bringup)
[2.858s] Level 1:colcon.colcon_core.environment:checking '/home/zhr/robot_arm/install/arm_bringup' for CMake module files
[2.858s] Level 1:colcon.colcon_core.environment:checking '/home/zhr/robot_arm/install/arm_bringup' for CMake config files
[2.859s] Level 1:colcon.colcon_core.shell:create_environment_hook('arm_bringup', 'cmake_prefix_path')
[2.859s] INFO:colcon.colcon_core.shell:Creating environment hook '/home/zhr/robot_arm/install/arm_bringup/share/arm_bringup/hook/cmake_prefix_path.ps1'
[2.859s] INFO:colcon.colcon_core.shell:Creating environment descriptor '/home/zhr/robot_arm/install/arm_bringup/share/arm_bringup/hook/cmake_prefix_path.dsv'
[2.860s] INFO:colcon.colcon_core.shell:Creating environment hook '/home/zhr/robot_arm/install/arm_bringup/share/arm_bringup/hook/cmake_prefix_path.sh'
[2.860s] Level 1:colcon.colcon_core.environment:checking '/home/zhr/robot_arm/install/arm_bringup/bin'
[2.861s] Level 1:colcon.colcon_core.environment:checking '/home/zhr/robot_arm/install/arm_bringup/lib/pkgconfig/arm_bringup.pc'
[2.861s] Level 1:colcon.colcon_core.environment:checking '/home/zhr/robot_arm/install/arm_bringup/lib/python3.10/site-packages'
[2.861s] Level 1:colcon.colcon_core.environment:checking '/home/zhr/robot_arm/install/arm_bringup/bin'
[2.861s] INFO:colcon.colcon_core.shell:Creating package script '/home/zhr/robot_arm/install/arm_bringup/share/arm_bringup/package.ps1'
[2.862s] INFO:colcon.colcon_core.shell:Creating package descriptor '/home/zhr/robot_arm/install/arm_bringup/share/arm_bringup/package.dsv'
[2.862s] INFO:colcon.colcon_core.shell:Creating package script '/home/zhr/robot_arm/install/arm_bringup/share/arm_bringup/package.sh'
[2.863s] INFO:colcon.colcon_core.shell:Creating package script '/home/zhr/robot_arm/install/arm_bringup/share/arm_bringup/package.bash'
[2.863s] INFO:colcon.colcon_core.shell:Creating package script '/home/zhr/robot_arm/install/arm_bringup/share/arm_bringup/package.zsh'
[2.863s] Level 1:colcon.colcon_core.environment:create_file_with_runtime_dependencies(/home/zhr/robot_arm/install/arm_bringup/share/colcon-core/packages/arm_bringup)
[2.863s] DEBUG:colcon.colcon_parallel_executor.executor.parallel:closing loop
[2.864s] DEBUG:colcon.colcon_parallel_executor.executor.parallel:loop closed
[2.864s] DEBUG:colcon.colcon_parallel_executor.executor.parallel:run_until_complete finished with '0'
[2.864s] DEBUG:colcon.colcon_core.event_reactor:joining thread
[2.877s] INFO:colcon.colcon_core.plugin_system:Skipping extension 'colcon_notification.desktop_notification.terminal_notifier': Not used on non-Darwin systems
[2.877s] INFO:colcon.colcon_core.plugin_system:Skipping extension 'colcon_notification.desktop_notification.win32': Not used on non-Windows systems
[2.877s] INFO:colcon.colcon_notification.desktop_notification:Sending desktop notification using 'notify2'
[2.893s] DEBUG:colcon.colcon_core.event_reactor:joined thread
[2.893s] INFO:colcon.colcon_core.shell:Creating prefix script '/home/zhr/robot_arm/install/local_setup.ps1'
[2.895s] INFO:colcon.colcon_core.shell:Creating prefix util module '/home/zhr/robot_arm/install/_local_setup_util_ps1.py'
[2.897s] INFO:colcon.colcon_core.shell:Creating prefix chain script '/home/zhr/robot_arm/install/setup.ps1'
[2.902s] INFO:colcon.colcon_core.shell:Creating prefix script '/home/zhr/robot_arm/install/local_setup.sh'
[2.904s] INFO:colcon.colcon_core.shell:Creating prefix util module '/home/zhr/robot_arm/install/_local_setup_util_sh.py'
[2.904s] INFO:colcon.colcon_core.shell:Creating prefix chain script '/home/zhr/robot_arm/install/setup.sh'
[2.906s] INFO:colcon.colcon_core.shell:Creating prefix script '/home/zhr/robot_arm/install/local_setup.bash'
[2.907s] INFO:colcon.colcon_core.shell:Creating prefix chain script '/home/zhr/robot_arm/install/setup.bash'
[2.909s] INFO:colcon.colcon_core.shell:Creating prefix script '/home/zhr/robot_arm/install/local_setup.zsh'
[2.910s] INFO:colcon.colcon_core.shell:Creating prefix chain script '/home/zhr/robot_arm/install/setup.zsh'
