[0.013s] Invoking command in '/home/zhr/robot_arm/build/arm_bringup': AMENT_PREFIX_PATH=/home/zhr/robot_arm/install/sim_motor_controller:/home/zhr/robot_arm/install/real_motor_controller:/home/zhr/robot_arm/install/arm_bringup:/home/zhr/robot_arm/install/arm_controller:/opt/ros/humble CMAKE_PREFIX_PATH=/home/zhr/robot_arm/install/arm_controller:/home/zhr/robot_arm/install/arm_bringup:/home/zhr/robot_arm/install/sim_motor_controller:/home/zhr/robot_arm/install/real_motor_controller:/opt/ros/humble PYTHONPATH=/home/zhr/robot_arm/install/sim_motor_controller/lib/python3.10/site-packages:/home/zhr/robot_arm/install/real_motor_controller/lib/python3.10/site-packages:/home/zhr/robot_arm/build/sim_motor_controller/src:/home/zhr/robot_arm/build/real_motor_controller/src:/opt/ros/humble/lib/python3.10/site-packages:/opt/ros/humble/local/lib/python3.10/dist-packages /opt/st/stm32cubeclt_1.17.0/CMake/bin/cmake /home/zhr/robot_arm/src/arm_bringup -DCMAKE_INSTALL_PREFIX=/home/zhr/robot_arm/install/arm_bringup
[0.022s] -- Found ament_cmake: 1.3.13 (/opt/ros/humble/share/ament_cmake/cmake)
[0.202s] -- Override CMake install command with custom implementation using symlinks instead of copying resources
[0.269s] -- Configuring done (0.3s)
[0.272s] -- Generating done (0.0s)
[0.273s] -- Build files have been written to: /home/zhr/robot_arm/build/arm_bringup
[0.275s] Invoked command in '/home/zhr/robot_arm/build/arm_bringup' returned '0': AMENT_PREFIX_PATH=/home/zhr/robot_arm/install/sim_motor_controller:/home/zhr/robot_arm/install/real_motor_controller:/home/zhr/robot_arm/install/arm_bringup:/home/zhr/robot_arm/install/arm_controller:/opt/ros/humble CMAKE_PREFIX_PATH=/home/zhr/robot_arm/install/arm_controller:/home/zhr/robot_arm/install/arm_bringup:/home/zhr/robot_arm/install/sim_motor_controller:/home/zhr/robot_arm/install/real_motor_controller:/opt/ros/humble PYTHONPATH=/home/zhr/robot_arm/install/sim_motor_controller/lib/python3.10/site-packages:/home/zhr/robot_arm/install/real_motor_controller/lib/python3.10/site-packages:/home/zhr/robot_arm/build/sim_motor_controller/src:/home/zhr/robot_arm/build/real_motor_controller/src:/opt/ros/humble/lib/python3.10/site-packages:/opt/ros/humble/local/lib/python3.10/dist-packages /opt/st/stm32cubeclt_1.17.0/CMake/bin/cmake /home/zhr/robot_arm/src/arm_bringup -DCMAKE_INSTALL_PREFIX=/home/zhr/robot_arm/install/arm_bringup
[0.276s] Invoking command in '/home/zhr/robot_arm/build/arm_bringup': AMENT_PREFIX_PATH=/home/zhr/robot_arm/install/sim_motor_controller:/home/zhr/robot_arm/install/real_motor_controller:/home/zhr/robot_arm/install/arm_bringup:/home/zhr/robot_arm/install/arm_controller:/opt/ros/humble CMAKE_PREFIX_PATH=/home/zhr/robot_arm/install/arm_controller:/home/zhr/robot_arm/install/arm_bringup:/home/zhr/robot_arm/install/sim_motor_controller:/home/zhr/robot_arm/install/real_motor_controller:/opt/ros/humble PYTHONPATH=/home/zhr/robot_arm/install/sim_motor_controller/lib/python3.10/site-packages:/home/zhr/robot_arm/install/real_motor_controller/lib/python3.10/site-packages:/home/zhr/robot_arm/build/sim_motor_controller/src:/home/zhr/robot_arm/build/real_motor_controller/src:/opt/ros/humble/lib/python3.10/site-packages:/opt/ros/humble/local/lib/python3.10/dist-packages /opt/st/stm32cubeclt_1.17.0/CMake/bin/cmake --build /home/zhr/robot_arm/build/arm_bringup -- -j8 -l8
[0.286s] Invoked command in '/home/zhr/robot_arm/build/arm_bringup' returned '0': AMENT_PREFIX_PATH=/home/zhr/robot_arm/install/sim_motor_controller:/home/zhr/robot_arm/install/real_motor_controller:/home/zhr/robot_arm/install/arm_bringup:/home/zhr/robot_arm/install/arm_controller:/opt/ros/humble CMAKE_PREFIX_PATH=/home/zhr/robot_arm/install/arm_controller:/home/zhr/robot_arm/install/arm_bringup:/home/zhr/robot_arm/install/sim_motor_controller:/home/zhr/robot_arm/install/real_motor_controller:/opt/ros/humble PYTHONPATH=/home/zhr/robot_arm/install/sim_motor_controller/lib/python3.10/site-packages:/home/zhr/robot_arm/install/real_motor_controller/lib/python3.10/site-packages:/home/zhr/robot_arm/build/sim_motor_controller/src:/home/zhr/robot_arm/build/real_motor_controller/src:/opt/ros/humble/lib/python3.10/site-packages:/opt/ros/humble/local/lib/python3.10/dist-packages /opt/st/stm32cubeclt_1.17.0/CMake/bin/cmake --build /home/zhr/robot_arm/build/arm_bringup -- -j8 -l8
[0.287s] Invoking command in '/home/zhr/robot_arm/build/arm_bringup': AMENT_PREFIX_PATH=/home/zhr/robot_arm/install/sim_motor_controller:/home/zhr/robot_arm/install/real_motor_controller:/home/zhr/robot_arm/install/arm_bringup:/home/zhr/robot_arm/install/arm_controller:/opt/ros/humble CMAKE_PREFIX_PATH=/home/zhr/robot_arm/install/arm_controller:/home/zhr/robot_arm/install/arm_bringup:/home/zhr/robot_arm/install/sim_motor_controller:/home/zhr/robot_arm/install/real_motor_controller:/opt/ros/humble PYTHONPATH=/home/zhr/robot_arm/install/sim_motor_controller/lib/python3.10/site-packages:/home/zhr/robot_arm/install/real_motor_controller/lib/python3.10/site-packages:/home/zhr/robot_arm/build/sim_motor_controller/src:/home/zhr/robot_arm/build/real_motor_controller/src:/opt/ros/humble/lib/python3.10/site-packages:/opt/ros/humble/local/lib/python3.10/dist-packages /opt/st/stm32cubeclt_1.17.0/CMake/bin/cmake --install /home/zhr/robot_arm/build/arm_bringup
[0.289s] -- Install configuration: ""
[0.289s] -- Execute custom install script
[0.290s] -- Up-to-date symlink: /home/zhr/robot_arm/install/arm_bringup/share/arm_bringup/config/joint_names_robot_arm.yaml
[0.290s] -- Up-to-date symlink: /home/zhr/robot_arm/install/arm_bringup/share/arm_bringup/launch/__pycache__/control.launch.cpython-310.pyc
[0.290s] -- Up-to-date symlink: /home/zhr/robot_arm/install/arm_bringup/share/arm_bringup/launch/__pycache__/display.launch.cpython-310.pyc
[0.290s] -- Up-to-date symlink: /home/zhr/robot_arm/install/arm_bringup/share/arm_bringup/launch/__pycache__/gazebo.launch.cpython-310.pyc
[0.290s] -- Symlinking: /home/zhr/robot_arm/install/arm_bringup/share/arm_bringup/launch/__pycache__/sim.launch.cpython-310.pyc
[0.292s] -- Up-to-date symlink: /home/zhr/robot_arm/install/arm_bringup/share/arm_bringup/launch/control.launch.py
[0.292s] -- Up-to-date symlink: /home/zhr/robot_arm/install/arm_bringup/share/arm_bringup/launch/display.launch.py
[0.292s] -- Up-to-date symlink: /home/zhr/robot_arm/install/arm_bringup/share/arm_bringup/launch/gazebo.launch.py
[0.292s] -- Up-to-date symlink: /home/zhr/robot_arm/install/arm_bringup/share/arm_bringup/launch/sim.launch.py
[0.293s] -- Up-to-date symlink: /home/zhr/robot_arm/install/arm_bringup/share/arm_bringup/meshes/base_link.STL
[0.293s] -- Up-to-date symlink: /home/zhr/robot_arm/install/arm_bringup/share/arm_bringup/meshes/base_yaw_Link.STL
[0.293s] -- Up-to-date symlink: /home/zhr/robot_arm/install/arm_bringup/share/arm_bringup/meshes/end_effector_fixed_joint.STL
[0.293s] -- Up-to-date symlink: /home/zhr/robot_arm/install/arm_bringup/share/arm_bringup/meshes/forearm_link.STL
[0.293s] -- Up-to-date symlink: /home/zhr/robot_arm/install/arm_bringup/share/arm_bringup/meshes/upper_arm_link.STL
[0.293s] -- Up-to-date symlink: /home/zhr/robot_arm/install/arm_bringup/share/arm_bringup/meshes/wrist_link.STL
[0.294s] -- Up-to-date symlink: /home/zhr/robot_arm/install/arm_bringup/share/arm_bringup/models/arm_bringup/model.config
[0.294s] -- Up-to-date symlink: /home/zhr/robot_arm/install/arm_bringup/share/arm_bringup/models/arm_bringup/model.sdf
[0.294s] -- Up-to-date symlink: /home/zhr/robot_arm/install/arm_bringup/share/arm_bringup/rviz/robot_arm.rviz
[0.294s] -- Up-to-date symlink: /home/zhr/robot_arm/install/arm_bringup/share/arm_bringup/urdf/robot_arm.csv
[0.294s] -- Up-to-date symlink: /home/zhr/robot_arm/install/arm_bringup/share/arm_bringup/urdf/robot_arm.urdf
[0.295s] -- Up-to-date symlink: /home/zhr/robot_arm/install/arm_bringup/share/arm_bringup/models/arm_bringup/meshes/base_link.STL
[0.295s] -- Up-to-date symlink: /home/zhr/robot_arm/install/arm_bringup/share/arm_bringup/models/arm_bringup/meshes/base_yaw_Link.STL
[0.295s] -- Up-to-date symlink: /home/zhr/robot_arm/install/arm_bringup/share/arm_bringup/models/arm_bringup/meshes/end_effector_fixed_joint.STL
[0.295s] -- Up-to-date symlink: /home/zhr/robot_arm/install/arm_bringup/share/arm_bringup/models/arm_bringup/meshes/forearm_link.STL
[0.295s] -- Up-to-date symlink: /home/zhr/robot_arm/install/arm_bringup/share/arm_bringup/models/arm_bringup/meshes/upper_arm_link.STL
[0.295s] -- Up-to-date symlink: /home/zhr/robot_arm/install/arm_bringup/share/arm_bringup/models/arm_bringup/meshes/wrist_link.STL
[0.295s] -- Up-to-date symlink: /home/zhr/robot_arm/install/arm_bringup/share/ament_index/resource_index/package_run_dependencies/arm_bringup
[0.296s] -- Up-to-date symlink: /home/zhr/robot_arm/install/arm_bringup/share/ament_index/resource_index/parent_prefix_path/arm_bringup
[0.296s] -- Up-to-date symlink: /home/zhr/robot_arm/install/arm_bringup/share/arm_bringup/environment/ament_prefix_path.sh
[0.296s] -- Up-to-date symlink: /home/zhr/robot_arm/install/arm_bringup/share/arm_bringup/environment/ament_prefix_path.dsv
[0.296s] -- Up-to-date symlink: /home/zhr/robot_arm/install/arm_bringup/share/arm_bringup/environment/path.sh
[0.296s] -- Up-to-date symlink: /home/zhr/robot_arm/install/arm_bringup/share/arm_bringup/environment/path.dsv
[0.297s] -- Up-to-date symlink: /home/zhr/robot_arm/install/arm_bringup/share/arm_bringup/local_setup.bash
[0.297s] -- Up-to-date symlink: /home/zhr/robot_arm/install/arm_bringup/share/arm_bringup/local_setup.sh
[0.297s] -- Up-to-date symlink: /home/zhr/robot_arm/install/arm_bringup/share/arm_bringup/local_setup.zsh
[0.297s] -- Up-to-date symlink: /home/zhr/robot_arm/install/arm_bringup/share/arm_bringup/local_setup.dsv
[0.297s] -- Symlinking: /home/zhr/robot_arm/install/arm_bringup/share/arm_bringup/package.dsv
[0.299s] -- Up-to-date symlink: /home/zhr/robot_arm/install/arm_bringup/share/ament_index/resource_index/packages/arm_bringup
[0.299s] -- Up-to-date symlink: /home/zhr/robot_arm/install/arm_bringup/share/arm_bringup/cmake/arm_bringupConfig.cmake
[0.299s] -- Up-to-date symlink: /home/zhr/robot_arm/install/arm_bringup/share/arm_bringup/cmake/arm_bringupConfig-version.cmake
[0.300s] -- Up-to-date symlink: /home/zhr/robot_arm/install/arm_bringup/share/arm_bringup/package.xml
[0.301s] Invoked command in '/home/zhr/robot_arm/build/arm_bringup' returned '0': AMENT_PREFIX_PATH=/home/zhr/robot_arm/install/sim_motor_controller:/home/zhr/robot_arm/install/real_motor_controller:/home/zhr/robot_arm/install/arm_bringup:/home/zhr/robot_arm/install/arm_controller:/opt/ros/humble CMAKE_PREFIX_PATH=/home/zhr/robot_arm/install/arm_controller:/home/zhr/robot_arm/install/arm_bringup:/home/zhr/robot_arm/install/sim_motor_controller:/home/zhr/robot_arm/install/real_motor_controller:/opt/ros/humble PYTHONPATH=/home/zhr/robot_arm/install/sim_motor_controller/lib/python3.10/site-packages:/home/zhr/robot_arm/install/real_motor_controller/lib/python3.10/site-packages:/home/zhr/robot_arm/build/sim_motor_controller/src:/home/zhr/robot_arm/build/real_motor_controller/src:/opt/ros/humble/lib/python3.10/site-packages:/opt/ros/humble/local/lib/python3.10/dist-packages /opt/st/stm32cubeclt_1.17.0/CMake/bin/cmake --install /home/zhr/robot_arm/build/arm_bringup
