-- The C compiler identification is GNU 11.4.0
-- The CXX compiler identification is GNU 11.4.0
-- Detecting C compiler ABI info
-- Detecting C compiler ABI info - done
-- Check for working C compiler: /usr/bin/cc - skipped
-- Detecting C compile features
-- Detecting C compile features - done
-- Detecting CXX compiler ABI info
-- Detecting CXX compiler ABI info - done
-- Check for working CXX compiler: /usr/bin/c++ - skipped
-- Detecting CXX compile features
-- Detecting CXX compile features - done
-- Found ament_cmake: 1.3.13 (/opt/ros/humble/share/ament_cmake/cmake)
-- Found Python3: /usr/bin/python3 (found version "3.10.12") found components: Interpreter 
-- Override CMake install command with custom implementation using symlinks instead of copying resources
-- Configuring done (0.6s)
-- Generating done (0.0s)
-- Build files have been written to: /home/zhr/robot_arm/build/arm_bringup
-- Install configuration: ""
-- Execute custom install script
-- Symlinking: /home/zhr/robot_arm/install/arm_bringup/share/arm_bringup/config/joint_names_robot_arm.yaml
-- Symlinking: /home/zhr/robot_arm/install/arm_bringup/share/arm_bringup/launch/__pycache__/display.launch.cpython-310.pyc
-- Symlinking: /home/zhr/robot_arm/install/arm_bringup/share/arm_bringup/launch/__pycache__/gazebo.launch.cpython-310.pyc
-- Symlinking: /home/zhr/robot_arm/install/arm_bringup/share/arm_bringup/launch/__pycache__/sim.launch.cpython-310.pyc
-- Symlinking: /home/zhr/robot_arm/install/arm_bringup/share/arm_bringup/launch/display.launch.py
-- Symlinking: /home/zhr/robot_arm/install/arm_bringup/share/arm_bringup/launch/gazebo.launch.py
-- Symlinking: /home/zhr/robot_arm/install/arm_bringup/share/arm_bringup/launch/sim.launch.py
-- Symlinking: /home/zhr/robot_arm/install/arm_bringup/share/arm_bringup/meshes/base_link.STL
-- Symlinking: /home/zhr/robot_arm/install/arm_bringup/share/arm_bringup/meshes/base_yaw_Link.STL
-- Symlinking: /home/zhr/robot_arm/install/arm_bringup/share/arm_bringup/meshes/end_effector_fixed_joint.STL
-- Symlinking: /home/zhr/robot_arm/install/arm_bringup/share/arm_bringup/meshes/forearm_link.STL
-- Symlinking: /home/zhr/robot_arm/install/arm_bringup/share/arm_bringup/meshes/upper_arm_link.STL
-- Symlinking: /home/zhr/robot_arm/install/arm_bringup/share/arm_bringup/meshes/wrist_link.STL
-- Symlinking: /home/zhr/robot_arm/install/arm_bringup/share/arm_bringup/models/arm_bringup/model.config
-- Symlinking: /home/zhr/robot_arm/install/arm_bringup/share/arm_bringup/models/arm_bringup/model.sdf
-- Symlinking: /home/zhr/robot_arm/install/arm_bringup/share/arm_bringup/rviz/robot_arm.rviz
-- Symlinking: /home/zhr/robot_arm/install/arm_bringup/share/arm_bringup/urdf/robot_arm.csv
-- Symlinking: /home/zhr/robot_arm/install/arm_bringup/share/arm_bringup/urdf/robot_arm.urdf
-- Symlinking: /home/zhr/robot_arm/install/arm_bringup/share/arm_bringup/models/arm_bringup/meshes/base_link.STL
-- Symlinking: /home/zhr/robot_arm/install/arm_bringup/share/arm_bringup/models/arm_bringup/meshes/base_yaw_Link.STL
-- Symlinking: /home/zhr/robot_arm/install/arm_bringup/share/arm_bringup/models/arm_bringup/meshes/end_effector_fixed_joint.STL
-- Symlinking: /home/zhr/robot_arm/install/arm_bringup/share/arm_bringup/models/arm_bringup/meshes/forearm_link.STL
-- Symlinking: /home/zhr/robot_arm/install/arm_bringup/share/arm_bringup/models/arm_bringup/meshes/upper_arm_link.STL
-- Symlinking: /home/zhr/robot_arm/install/arm_bringup/share/arm_bringup/models/arm_bringup/meshes/wrist_link.STL
-- Symlinking: /home/zhr/robot_arm/install/arm_bringup/share/ament_index/resource_index/package_run_dependencies/arm_bringup
-- Symlinking: /home/zhr/robot_arm/install/arm_bringup/share/ament_index/resource_index/parent_prefix_path/arm_bringup
-- Symlinking: /home/zhr/robot_arm/install/arm_bringup/share/arm_bringup/environment/ament_prefix_path.sh
-- Symlinking: /home/zhr/robot_arm/install/arm_bringup/share/arm_bringup/environment/ament_prefix_path.dsv
-- Symlinking: /home/zhr/robot_arm/install/arm_bringup/share/arm_bringup/environment/path.sh
-- Symlinking: /home/zhr/robot_arm/install/arm_bringup/share/arm_bringup/environment/path.dsv
-- Symlinking: /home/zhr/robot_arm/install/arm_bringup/share/arm_bringup/local_setup.bash
-- Symlinking: /home/zhr/robot_arm/install/arm_bringup/share/arm_bringup/local_setup.sh
-- Symlinking: /home/zhr/robot_arm/install/arm_bringup/share/arm_bringup/local_setup.zsh
-- Symlinking: /home/zhr/robot_arm/install/arm_bringup/share/arm_bringup/local_setup.dsv
-- Symlinking: /home/zhr/robot_arm/install/arm_bringup/share/arm_bringup/package.dsv
-- Symlinking: /home/zhr/robot_arm/install/arm_bringup/share/ament_index/resource_index/packages/arm_bringup
-- Symlinking: /home/zhr/robot_arm/install/arm_bringup/share/arm_bringup/cmake/arm_bringupConfig.cmake
-- Symlinking: /home/zhr/robot_arm/install/arm_bringup/share/arm_bringup/cmake/arm_bringupConfig-version.cmake
-- Symlinking: /home/zhr/robot_arm/install/arm_bringup/share/arm_bringup/package.xml
