[1.011s] Invoking command in '/home/zhr/robot_arm/build/real_motor_controller': PYTHONPATH=/home/zhr/robot_arm/build/real_motor_controller/prefix_override:/usr/lib/python3/dist-packages/colcon_core/task/python/colcon_distutils_commands:/home/zhr/robot_arm/install/real_motor_controller/lib/python3.10/site-packages:${PYTHONPATH} /usr/bin/python3 -W ignore:setup.py install is deprecated -W ignore:easy_install command is deprecated setup.py develop --editable --build-directory /home/zhr/robot_arm/build/real_motor_controller/build --no-deps symlink_data
[1.298s] running develop
[1.464s] running egg_info
[1.464s] creating src/real_motor_controller.egg-info
[1.464s] writing src/real_motor_controller.egg-info/PKG-INFO
[1.465s] writing dependency_links to src/real_motor_controller.egg-info/dependency_links.txt
[1.465s] writing entry points to src/real_motor_controller.egg-info/entry_points.txt
[1.465s] writing requirements to src/real_motor_controller.egg-info/requires.txt
[1.465s] writing top-level names to src/real_motor_controller.egg-info/top_level.txt
[1.467s] writing manifest file 'src/real_motor_controller.egg-info/SOURCES.txt'
[1.469s] reading manifest file 'src/real_motor_controller.egg-info/SOURCES.txt'
[1.469s] writing manifest file 'src/real_motor_controller.egg-info/SOURCES.txt'
[1.471s] running build_ext
[1.471s] Creating /home/zhr/robot_arm/install/real_motor_controller/lib/python3.10/site-packages/real-motor-controller.egg-link (link to src)
[1.472s] Installing real_motor_controller_node script to /home/zhr/robot_arm/install/real_motor_controller/lib/real_motor_controller
[1.472s] Installing real_query_motor_node script to /home/zhr/robot_arm/install/real_motor_controller/lib/real_motor_controller
[1.472s] 
[1.472s] Installed /home/zhr/robot_arm/build/real_motor_controller/src
[1.472s] running symlink_data
[1.472s] creating /home/zhr/robot_arm/install/real_motor_controller/share/ament_index
[1.473s] creating /home/zhr/robot_arm/install/real_motor_controller/share/ament_index/resource_index
[1.473s] creating /home/zhr/robot_arm/install/real_motor_controller/share/ament_index/resource_index/packages
[1.473s] symbolically linking /home/zhr/robot_arm/build/real_motor_controller/resource/real_motor_controller -> /home/zhr/robot_arm/install/real_motor_controller/share/ament_index/resource_index/packages
[1.473s] symbolically linking /home/zhr/robot_arm/build/real_motor_controller/package.xml -> /home/zhr/robot_arm/install/real_motor_controller/share/real_motor_controller
[1.473s] symbolically linking /home/zhr/robot_arm/build/real_motor_controller/README.md -> /home/zhr/robot_arm/install/real_motor_controller/share/real_motor_controller
[1.473s] creating /home/zhr/robot_arm/install/real_motor_controller/share/real_motor_controller/config
[1.473s] symbolically linking /home/zhr/robot_arm/build/real_motor_controller/config/real_motor_controller.yaml -> /home/zhr/robot_arm/install/real_motor_controller/share/real_motor_controller/config
[1.473s] symbolically linking /home/zhr/robot_arm/build/real_motor_controller/config/real_query_motor.yaml -> /home/zhr/robot_arm/install/real_motor_controller/share/real_motor_controller/config
[1.473s] creating /home/zhr/robot_arm/install/real_motor_controller/share/real_motor_controller/launch
[1.474s] symbolically linking /home/zhr/robot_arm/build/real_motor_controller/launch/real_motor_controller.launch.py -> /home/zhr/robot_arm/install/real_motor_controller/share/real_motor_controller/launch
[1.474s] symbolically linking /home/zhr/robot_arm/build/real_motor_controller/launch/real_query_motor.launch.py -> /home/zhr/robot_arm/install/real_motor_controller/share/real_motor_controller/launch
[1.512s] Invoked command in '/home/zhr/robot_arm/build/real_motor_controller' returned '0': PYTHONPATH=/home/zhr/robot_arm/build/real_motor_controller/prefix_override:/usr/lib/python3/dist-packages/colcon_core/task/python/colcon_distutils_commands:/home/zhr/robot_arm/install/real_motor_controller/lib/python3.10/site-packages:${PYTHONPATH} /usr/bin/python3 -W ignore:setup.py install is deprecated -W ignore:easy_install command is deprecated setup.py develop --editable --build-directory /home/zhr/robot_arm/build/real_motor_controller/build --no-deps symlink_data
