[0.009s] Invoking command in '/home/zhr/robot_arm/build/arm_bringup': CMAKE_PREFIX_PATH=/opt/ros/humble /opt/st/stm32cubeclt_1.17.0/CMake/bin/cmake --build /home/zhr/robot_arm/build/arm_bringup -- -j8 -l8
[0.019s] -- Found ament_cmake: 1.3.13 (/opt/ros/humble/share/ament_cmake/cmake)
[0.193s] -- Override CMake install command with custom implementation using symlinks instead of copying resources
[0.265s] -- Configuring done (0.2s)
[0.267s] -- Generating done (0.0s)
[0.268s] -- Build files have been written to: /home/zhr/robot_arm/build/arm_bringup
[0.275s] Invoked command in '/home/zhr/robot_arm/build/arm_bringup' returned '0': CMAKE_PREFIX_PATH=/opt/ros/humble /opt/st/stm32cubeclt_1.17.0/CMake/bin/cmake --build /home/zhr/robot_arm/build/arm_bringup -- -j8 -l8
[0.280s] Invoking command in '/home/zhr/robot_arm/build/arm_bringup': CMAKE_PREFIX_PATH=/opt/ros/humble /opt/st/stm32cubeclt_1.17.0/CMake/bin/cmake --install /home/zhr/robot_arm/build/arm_bringup
[0.282s] -- Install configuration: ""
[0.282s] -- Execute custom install script
[0.283s] -- Up-to-date symlink: /home/zhr/robot_arm/install/arm_bringup/share/arm_bringup/config/joint_names_robot_arm.yaml
[0.283s] -- Up-to-date symlink: /home/zhr/robot_arm/install/arm_bringup/share/arm_bringup/launch/__pycache__/display.launch.cpython-310.pyc
[0.283s] -- Up-to-date symlink: /home/zhr/robot_arm/install/arm_bringup/share/arm_bringup/launch/__pycache__/gazebo.launch.cpython-310.pyc
[0.283s] -- Up-to-date symlink: /home/zhr/robot_arm/install/arm_bringup/share/arm_bringup/launch/__pycache__/sim.launch.cpython-310.pyc
[0.283s] -- Up-to-date symlink: /home/zhr/robot_arm/install/arm_bringup/share/arm_bringup/launch/display.launch.py
[0.283s] -- Up-to-date symlink: /home/zhr/robot_arm/install/arm_bringup/share/arm_bringup/launch/gazebo.launch.py
[0.283s] -- Up-to-date symlink: /home/zhr/robot_arm/install/arm_bringup/share/arm_bringup/launch/sim.launch.py
[0.284s] -- Up-to-date symlink: /home/zhr/robot_arm/install/arm_bringup/share/arm_bringup/meshes/base_link.STL
[0.284s] -- Up-to-date symlink: /home/zhr/robot_arm/install/arm_bringup/share/arm_bringup/meshes/base_yaw_Link.STL
[0.284s] -- Up-to-date symlink: /home/zhr/robot_arm/install/arm_bringup/share/arm_bringup/meshes/end_effector_fixed_joint.STL
[0.284s] -- Up-to-date symlink: /home/zhr/robot_arm/install/arm_bringup/share/arm_bringup/meshes/forearm_link.STL
[0.284s] -- Up-to-date symlink: /home/zhr/robot_arm/install/arm_bringup/share/arm_bringup/meshes/upper_arm_link.STL
[0.284s] -- Up-to-date symlink: /home/zhr/robot_arm/install/arm_bringup/share/arm_bringup/meshes/wrist_link.STL
[0.284s] -- Up-to-date symlink: /home/zhr/robot_arm/install/arm_bringup/share/arm_bringup/models/arm_bringup/model.config
[0.284s] -- Up-to-date symlink: /home/zhr/robot_arm/install/arm_bringup/share/arm_bringup/models/arm_bringup/model.sdf
[0.284s] -- Up-to-date symlink: /home/zhr/robot_arm/install/arm_bringup/share/arm_bringup/rviz/robot_arm.rviz
[0.285s] -- Up-to-date symlink: /home/zhr/robot_arm/install/arm_bringup/share/arm_bringup/urdf/robot_arm.csv
[0.285s] -- Up-to-date symlink: /home/zhr/robot_arm/install/arm_bringup/share/arm_bringup/urdf/robot_arm.urdf
[0.285s] -- Up-to-date symlink: /home/zhr/robot_arm/install/arm_bringup/share/arm_bringup/models/arm_bringup/meshes/base_link.STL
[0.285s] -- Up-to-date symlink: /home/zhr/robot_arm/install/arm_bringup/share/arm_bringup/models/arm_bringup/meshes/base_yaw_Link.STL
[0.285s] -- Up-to-date symlink: /home/zhr/robot_arm/install/arm_bringup/share/arm_bringup/models/arm_bringup/meshes/end_effector_fixed_joint.STL
[0.285s] -- Up-to-date symlink: /home/zhr/robot_arm/install/arm_bringup/share/arm_bringup/models/arm_bringup/meshes/forearm_link.STL
[0.285s] -- Up-to-date symlink: /home/zhr/robot_arm/install/arm_bringup/share/arm_bringup/models/arm_bringup/meshes/upper_arm_link.STL
[0.285s] -- Up-to-date symlink: /home/zhr/robot_arm/install/arm_bringup/share/arm_bringup/models/arm_bringup/meshes/wrist_link.STL
[0.285s] -- Up-to-date symlink: /home/zhr/robot_arm/install/arm_bringup/share/ament_index/resource_index/package_run_dependencies/arm_bringup
[0.286s] -- Up-to-date symlink: /home/zhr/robot_arm/install/arm_bringup/share/ament_index/resource_index/parent_prefix_path/arm_bringup
[0.286s] -- Up-to-date symlink: /home/zhr/robot_arm/install/arm_bringup/share/arm_bringup/environment/ament_prefix_path.sh
[0.286s] -- Up-to-date symlink: /home/zhr/robot_arm/install/arm_bringup/share/arm_bringup/environment/ament_prefix_path.dsv
[0.286s] -- Up-to-date symlink: /home/zhr/robot_arm/install/arm_bringup/share/arm_bringup/environment/path.sh
[0.286s] -- Up-to-date symlink: /home/zhr/robot_arm/install/arm_bringup/share/arm_bringup/environment/path.dsv
[0.286s] -- Up-to-date symlink: /home/zhr/robot_arm/install/arm_bringup/share/arm_bringup/local_setup.bash
[0.286s] -- Up-to-date symlink: /home/zhr/robot_arm/install/arm_bringup/share/arm_bringup/local_setup.sh
[0.286s] -- Up-to-date symlink: /home/zhr/robot_arm/install/arm_bringup/share/arm_bringup/local_setup.zsh
[0.286s] -- Up-to-date symlink: /home/zhr/robot_arm/install/arm_bringup/share/arm_bringup/local_setup.dsv
[0.287s] -- Symlinking: /home/zhr/robot_arm/install/arm_bringup/share/arm_bringup/package.dsv
[0.289s] -- Up-to-date symlink: /home/zhr/robot_arm/install/arm_bringup/share/ament_index/resource_index/packages/arm_bringup
[0.289s] -- Up-to-date symlink: /home/zhr/robot_arm/install/arm_bringup/share/arm_bringup/cmake/arm_bringupConfig.cmake
[0.289s] -- Up-to-date symlink: /home/zhr/robot_arm/install/arm_bringup/share/arm_bringup/cmake/arm_bringupConfig-version.cmake
[0.289s] -- Up-to-date symlink: /home/zhr/robot_arm/install/arm_bringup/share/arm_bringup/package.xml
[0.291s] Invoked command in '/home/zhr/robot_arm/build/arm_bringup' returned '0': CMAKE_PREFIX_PATH=/opt/ros/humble /opt/st/stm32cubeclt_1.17.0/CMake/bin/cmake --install /home/zhr/robot_arm/build/arm_bringup
