[0.086s] DEBUG:colcon:Command line arguments: ['/usr/bin/colcon', 'build', '--symlink-install']
[0.086s] DEBUG:colcon:Parsed command line arguments: Namespace(log_base=None, log_level=None, verb_name='build', build_base='build', install_base='install', merge_install=False, symlink_install=True, test_result_base=None, continue_on_error=False, executor='parallel', parallel_workers=8, event_handlers=None, ignore_user_meta=False, metas=['./colcon.meta'], base_paths=['.'], packages_ignore=None, packages_ignore_regex=None, paths=None, packages_up_to=None, packages_up_to_regex=None, packages_above=None, packages_above_and_dependencies=None, packages_above_depth=None, packages_select_by_dep=None, packages_skip_by_dep=None, packages_skip_up_to=None, packages_select_build_failed=False, packages_skip_build_finished=False, packages_select_test_failures=False, packages_skip_test_passed=False, packages_select=None, packages_skip=None, packages_select_regex=None, packages_skip_regex=None, packages_start=None, packages_end=None, allow_overriding=[], cmake_args=None, cmake_target=None, cmake_target_skip_unavailable=False, cmake_clean_cache=False, cmake_clean_first=False, cmake_force_configure=False, ament_cmake_args=None, catkin_cmake_args=None, catkin_skip_building_tests=False, verb_parser=<colcon_defaults.argument_parser.defaults.DefaultArgumentsDecorator object at 0x732c00801630>, verb_extension=<colcon_core.verb.build.BuildVerb object at 0x732c008011b0>, main=<bound method BuildVerb.main of <colcon_core.verb.build.BuildVerb object at 0x732c008011b0>>)
[0.231s] Level 1:colcon.colcon_core.package_discovery:discover_packages(colcon_meta) check parameters
[0.231s] Level 1:colcon.colcon_core.package_discovery:discover_packages(recursive) check parameters
[0.231s] Level 1:colcon.colcon_core.package_discovery:discover_packages(ignore) check parameters
[0.231s] Level 1:colcon.colcon_core.package_discovery:discover_packages(path) check parameters
[0.231s] Level 1:colcon.colcon_core.package_discovery:discover_packages(colcon_meta) discover
[0.231s] Level 1:colcon.colcon_core.package_discovery:discover_packages(recursive) discover
[0.232s] INFO:colcon.colcon_core.package_discovery:Crawling recursively for packages in '/home/zhr/robot_arm'
[0.232s] Level 1:colcon.colcon_core.package_identification:_identify(.) by extensions ['ignore', 'ignore_ament_install']
[0.232s] Level 1:colcon.colcon_core.package_identification:_identify(.) by extension 'ignore'
[0.232s] Level 1:colcon.colcon_core.package_identification:_identify(.) by extension 'ignore_ament_install'
[0.232s] Level 1:colcon.colcon_core.package_identification:_identify(.) by extensions ['colcon_pkg']
[0.232s] Level 1:colcon.colcon_core.package_identification:_identify(.) by extension 'colcon_pkg'
[0.232s] Level 1:colcon.colcon_core.package_identification:_identify(.) by extensions ['colcon_meta']
[0.232s] Level 1:colcon.colcon_core.package_identification:_identify(.) by extension 'colcon_meta'
[0.232s] Level 1:colcon.colcon_core.package_identification:_identify(.) by extensions ['ros']
[0.232s] Level 1:colcon.colcon_core.package_identification:_identify(.) by extension 'ros'
[0.246s] Level 1:colcon.colcon_core.package_identification:_identify(.) by extensions ['cmake', 'python']
[0.246s] Level 1:colcon.colcon_core.package_identification:_identify(.) by extension 'cmake'
[0.246s] Level 1:colcon.colcon_core.package_identification:_identify(.) by extension 'python'
[0.246s] Level 1:colcon.colcon_core.package_identification:_identify(.) by extensions ['python_setup_py']
[0.246s] Level 1:colcon.colcon_core.package_identification:_identify(.) by extension 'python_setup_py'
[0.246s] Level 1:colcon.colcon_core.package_identification:_identify(build) by extensions ['ignore', 'ignore_ament_install']
[0.246s] Level 1:colcon.colcon_core.package_identification:_identify(build) by extension 'ignore'
[0.246s] Level 1:colcon.colcon_core.package_identification:_identify(build) ignored
[0.247s] Level 1:colcon.colcon_core.package_identification:_identify(install) by extensions ['ignore', 'ignore_ament_install']
[0.247s] Level 1:colcon.colcon_core.package_identification:_identify(install) by extension 'ignore'
[0.247s] Level 1:colcon.colcon_core.package_identification:_identify(install) ignored
[0.247s] Level 1:colcon.colcon_core.package_identification:_identify(log) by extensions ['ignore', 'ignore_ament_install']
[0.247s] Level 1:colcon.colcon_core.package_identification:_identify(log) by extension 'ignore'
[0.247s] Level 1:colcon.colcon_core.package_identification:_identify(log) ignored
[0.247s] Level 1:colcon.colcon_core.package_identification:_identify(src) by extensions ['ignore', 'ignore_ament_install']
[0.247s] Level 1:colcon.colcon_core.package_identification:_identify(src) by extension 'ignore'
[0.247s] Level 1:colcon.colcon_core.package_identification:_identify(src) by extension 'ignore_ament_install'
[0.248s] Level 1:colcon.colcon_core.package_identification:_identify(src) by extensions ['colcon_pkg']
[0.248s] Level 1:colcon.colcon_core.package_identification:_identify(src) by extension 'colcon_pkg'
[0.248s] Level 1:colcon.colcon_core.package_identification:_identify(src) by extensions ['colcon_meta']
[0.248s] Level 1:colcon.colcon_core.package_identification:_identify(src) by extension 'colcon_meta'
[0.248s] Level 1:colcon.colcon_core.package_identification:_identify(src) by extensions ['ros']
[0.248s] Level 1:colcon.colcon_core.package_identification:_identify(src) by extension 'ros'
[0.248s] Level 1:colcon.colcon_core.package_identification:_identify(src) by extensions ['cmake', 'python']
[0.248s] Level 1:colcon.colcon_core.package_identification:_identify(src) by extension 'cmake'
[0.248s] Level 1:colcon.colcon_core.package_identification:_identify(src) by extension 'python'
[0.248s] Level 1:colcon.colcon_core.package_identification:_identify(src) by extensions ['python_setup_py']
[0.248s] Level 1:colcon.colcon_core.package_identification:_identify(src) by extension 'python_setup_py'
[0.248s] Level 1:colcon.colcon_core.package_identification:_identify(src/arm_bringup) by extensions ['ignore', 'ignore_ament_install']
[0.248s] Level 1:colcon.colcon_core.package_identification:_identify(src/arm_bringup) by extension 'ignore'
[0.248s] Level 1:colcon.colcon_core.package_identification:_identify(src/arm_bringup) by extension 'ignore_ament_install'
[0.248s] Level 1:colcon.colcon_core.package_identification:_identify(src/arm_bringup) by extensions ['colcon_pkg']
[0.248s] Level 1:colcon.colcon_core.package_identification:_identify(src/arm_bringup) by extension 'colcon_pkg'
[0.248s] Level 1:colcon.colcon_core.package_identification:_identify(src/arm_bringup) by extensions ['colcon_meta']
[0.248s] Level 1:colcon.colcon_core.package_identification:_identify(src/arm_bringup) by extension 'colcon_meta'
[0.249s] Level 1:colcon.colcon_core.package_identification:_identify(src/arm_bringup) by extensions ['ros']
[0.249s] Level 1:colcon.colcon_core.package_identification:_identify(src/arm_bringup) by extension 'ros'
[0.251s] DEBUG:colcon.colcon_core.package_identification:Package 'src/arm_bringup' with type 'ros.ament_cmake' and name 'arm_bringup'
[0.251s] Level 1:colcon.colcon_core.package_identification:_identify(src/real_motor_controller) by extensions ['ignore', 'ignore_ament_install']
[0.251s] Level 1:colcon.colcon_core.package_identification:_identify(src/real_motor_controller) by extension 'ignore'
[0.252s] Level 1:colcon.colcon_core.package_identification:_identify(src/real_motor_controller) by extension 'ignore_ament_install'
[0.252s] Level 1:colcon.colcon_core.package_identification:_identify(src/real_motor_controller) by extensions ['colcon_pkg']
[0.252s] Level 1:colcon.colcon_core.package_identification:_identify(src/real_motor_controller) by extension 'colcon_pkg'
[0.252s] Level 1:colcon.colcon_core.package_identification:_identify(src/real_motor_controller) by extensions ['colcon_meta']
[0.252s] Level 1:colcon.colcon_core.package_identification:_identify(src/real_motor_controller) by extension 'colcon_meta'
[0.252s] Level 1:colcon.colcon_core.package_identification:_identify(src/real_motor_controller) by extensions ['ros']
[0.252s] Level 1:colcon.colcon_core.package_identification:_identify(src/real_motor_controller) by extension 'ros'
[0.252s] DEBUG:colcon.colcon_core.package_identification:Package 'src/real_motor_controller' with type 'ros.ament_python' and name 'real_motor_controller'
[0.252s] Level 1:colcon.colcon_core.package_identification:_identify(src/sim_motor_controller) by extensions ['ignore', 'ignore_ament_install']
[0.252s] Level 1:colcon.colcon_core.package_identification:_identify(src/sim_motor_controller) by extension 'ignore'
[0.252s] Level 1:colcon.colcon_core.package_identification:_identify(src/sim_motor_controller) by extension 'ignore_ament_install'
[0.252s] Level 1:colcon.colcon_core.package_identification:_identify(src/sim_motor_controller) by extensions ['colcon_pkg']
[0.252s] Level 1:colcon.colcon_core.package_identification:_identify(src/sim_motor_controller) by extension 'colcon_pkg'
[0.253s] Level 1:colcon.colcon_core.package_identification:_identify(src/sim_motor_controller) by extensions ['colcon_meta']
[0.253s] Level 1:colcon.colcon_core.package_identification:_identify(src/sim_motor_controller) by extension 'colcon_meta'
[0.253s] Level 1:colcon.colcon_core.package_identification:_identify(src/sim_motor_controller) by extensions ['ros']
[0.253s] Level 1:colcon.colcon_core.package_identification:_identify(src/sim_motor_controller) by extension 'ros'
[0.253s] DEBUG:colcon.colcon_core.package_identification:Package 'src/sim_motor_controller' with type 'ros.ament_python' and name 'sim_motor_controller'
[0.253s] Level 1:colcon.colcon_core.package_discovery:discover_packages(recursive) using defaults
[0.253s] Level 1:colcon.colcon_core.package_discovery:discover_packages(ignore) discover
[0.253s] Level 1:colcon.colcon_core.package_discovery:discover_packages(ignore) using defaults
[0.253s] Level 1:colcon.colcon_core.package_discovery:discover_packages(path) discover
[0.253s] Level 1:colcon.colcon_core.package_discovery:discover_packages(path) using defaults
[0.278s] Level 1:colcon.colcon_core.package_discovery:discover_packages(prefix_path) check parameters
[0.278s] Level 1:colcon.colcon_core.package_discovery:discover_packages(prefix_path) discover
[0.280s] DEBUG:colcon.colcon_installed_package_information.package_discovery:Found 432 installed packages in /opt/ros/humble
[0.282s] Level 1:colcon.colcon_core.package_discovery:discover_packages(prefix_path) using defaults
[0.323s] Level 5:colcon.colcon_core.verb:set package 'real_motor_controller' build argument 'cmake_args' from command line to 'None'
[0.323s] Level 5:colcon.colcon_core.verb:set package 'real_motor_controller' build argument 'cmake_target' from command line to 'None'
[0.323s] Level 5:colcon.colcon_core.verb:set package 'real_motor_controller' build argument 'cmake_target_skip_unavailable' from command line to 'False'
[0.323s] Level 5:colcon.colcon_core.verb:set package 'real_motor_controller' build argument 'cmake_clean_cache' from command line to 'False'
[0.323s] Level 5:colcon.colcon_core.verb:set package 'real_motor_controller' build argument 'cmake_clean_first' from command line to 'False'
[0.323s] Level 5:colcon.colcon_core.verb:set package 'real_motor_controller' build argument 'cmake_force_configure' from command line to 'False'
[0.323s] Level 5:colcon.colcon_core.verb:set package 'real_motor_controller' build argument 'ament_cmake_args' from command line to 'None'
[0.323s] Level 5:colcon.colcon_core.verb:set package 'real_motor_controller' build argument 'catkin_cmake_args' from command line to 'None'
[0.324s] Level 5:colcon.colcon_core.verb:set package 'real_motor_controller' build argument 'catkin_skip_building_tests' from command line to 'False'
[0.324s] DEBUG:colcon.colcon_core.verb:Building package 'real_motor_controller' with the following arguments: {'ament_cmake_args': None, 'build_base': '/home/zhr/robot_arm/build/real_motor_controller', 'catkin_cmake_args': None, 'catkin_skip_building_tests': False, 'cmake_args': None, 'cmake_clean_cache': False, 'cmake_clean_first': False, 'cmake_force_configure': False, 'cmake_target': None, 'cmake_target_skip_unavailable': False, 'install_base': '/home/zhr/robot_arm/install/real_motor_controller', 'merge_install': False, 'path': '/home/zhr/robot_arm/src/real_motor_controller', 'symlink_install': True, 'test_result_base': None}
[0.324s] Level 5:colcon.colcon_core.verb:set package 'sim_motor_controller' build argument 'cmake_args' from command line to 'None'
[0.324s] Level 5:colcon.colcon_core.verb:set package 'sim_motor_controller' build argument 'cmake_target' from command line to 'None'
[0.324s] Level 5:colcon.colcon_core.verb:set package 'sim_motor_controller' build argument 'cmake_target_skip_unavailable' from command line to 'False'
[0.324s] Level 5:colcon.colcon_core.verb:set package 'sim_motor_controller' build argument 'cmake_clean_cache' from command line to 'False'
[0.324s] Level 5:colcon.colcon_core.verb:set package 'sim_motor_controller' build argument 'cmake_clean_first' from command line to 'False'
[0.324s] Level 5:colcon.colcon_core.verb:set package 'sim_motor_controller' build argument 'cmake_force_configure' from command line to 'False'
[0.324s] Level 5:colcon.colcon_core.verb:set package 'sim_motor_controller' build argument 'ament_cmake_args' from command line to 'None'
[0.324s] Level 5:colcon.colcon_core.verb:set package 'sim_motor_controller' build argument 'catkin_cmake_args' from command line to 'None'
[0.324s] Level 5:colcon.colcon_core.verb:set package 'sim_motor_controller' build argument 'catkin_skip_building_tests' from command line to 'False'
[0.324s] DEBUG:colcon.colcon_core.verb:Building package 'sim_motor_controller' with the following arguments: {'ament_cmake_args': None, 'build_base': '/home/zhr/robot_arm/build/sim_motor_controller', 'catkin_cmake_args': None, 'catkin_skip_building_tests': False, 'cmake_args': None, 'cmake_clean_cache': False, 'cmake_clean_first': False, 'cmake_force_configure': False, 'cmake_target': None, 'cmake_target_skip_unavailable': False, 'install_base': '/home/zhr/robot_arm/install/sim_motor_controller', 'merge_install': False, 'path': '/home/zhr/robot_arm/src/sim_motor_controller', 'symlink_install': True, 'test_result_base': None}
[0.324s] Level 5:colcon.colcon_core.verb:set package 'arm_bringup' build argument 'cmake_args' from command line to 'None'
[0.324s] Level 5:colcon.colcon_core.verb:set package 'arm_bringup' build argument 'cmake_target' from command line to 'None'
[0.324s] Level 5:colcon.colcon_core.verb:set package 'arm_bringup' build argument 'cmake_target_skip_unavailable' from command line to 'False'
[0.324s] Level 5:colcon.colcon_core.verb:set package 'arm_bringup' build argument 'cmake_clean_cache' from command line to 'False'
[0.324s] Level 5:colcon.colcon_core.verb:set package 'arm_bringup' build argument 'cmake_clean_first' from command line to 'False'
[0.324s] Level 5:colcon.colcon_core.verb:set package 'arm_bringup' build argument 'cmake_force_configure' from command line to 'False'
[0.324s] Level 5:colcon.colcon_core.verb:set package 'arm_bringup' build argument 'ament_cmake_args' from command line to 'None'
[0.324s] Level 5:colcon.colcon_core.verb:set package 'arm_bringup' build argument 'catkin_cmake_args' from command line to 'None'
[0.325s] Level 5:colcon.colcon_core.verb:set package 'arm_bringup' build argument 'catkin_skip_building_tests' from command line to 'False'
[0.325s] DEBUG:colcon.colcon_core.verb:Building package 'arm_bringup' with the following arguments: {'ament_cmake_args': None, 'build_base': '/home/zhr/robot_arm/build/arm_bringup', 'catkin_cmake_args': None, 'catkin_skip_building_tests': False, 'cmake_args': None, 'cmake_clean_cache': False, 'cmake_clean_first': False, 'cmake_force_configure': False, 'cmake_target': None, 'cmake_target_skip_unavailable': False, 'install_base': '/home/zhr/robot_arm/install/arm_bringup', 'merge_install': False, 'path': '/home/zhr/robot_arm/src/arm_bringup', 'symlink_install': True, 'test_result_base': None}
[0.325s] INFO:colcon.colcon_core.executor:Executing jobs using 'parallel' executor
[0.325s] DEBUG:colcon.colcon_parallel_executor.executor.parallel:run_until_complete
[0.326s] INFO:colcon.colcon_ros.task.ament_python.build:Building ROS package in '/home/zhr/robot_arm/src/real_motor_controller' with build type 'ament_python'
[0.326s] Level 1:colcon.colcon_core.shell:create_environment_hook('real_motor_controller', 'ament_prefix_path')
[0.328s] INFO:colcon.colcon_core.plugin_system:Skipping extension 'colcon_core.shell.bat': Not used on non-Windows systems
[0.328s] INFO:colcon.colcon_core.shell:Creating environment hook '/home/zhr/robot_arm/install/real_motor_controller/share/real_motor_controller/hook/ament_prefix_path.ps1'
[0.329s] INFO:colcon.colcon_core.shell:Creating environment descriptor '/home/zhr/robot_arm/install/real_motor_controller/share/real_motor_controller/hook/ament_prefix_path.dsv'
[0.329s] INFO:colcon.colcon_core.shell:Creating environment hook '/home/zhr/robot_arm/install/real_motor_controller/share/real_motor_controller/hook/ament_prefix_path.sh'
[0.330s] INFO:colcon.colcon_core.shell:Skip shell extension 'powershell' for command environment: Not usable outside of PowerShell
[0.330s] DEBUG:colcon.colcon_core.shell:Skip shell extension 'dsv' for command environment
[0.332s] INFO:colcon.colcon_ros.task.ament_python.build:Building ROS package in '/home/zhr/robot_arm/src/sim_motor_controller' with build type 'ament_python'
[0.332s] Level 1:colcon.colcon_core.shell:create_environment_hook('sim_motor_controller', 'ament_prefix_path')
[0.333s] INFO:colcon.colcon_core.shell:Creating environment hook '/home/zhr/robot_arm/install/sim_motor_controller/share/sim_motor_controller/hook/ament_prefix_path.ps1'
[0.333s] INFO:colcon.colcon_core.shell:Creating environment descriptor '/home/zhr/robot_arm/install/sim_motor_controller/share/sim_motor_controller/hook/ament_prefix_path.dsv'
[0.333s] INFO:colcon.colcon_core.shell:Creating environment hook '/home/zhr/robot_arm/install/sim_motor_controller/share/sim_motor_controller/hook/ament_prefix_path.sh'
[0.334s] INFO:colcon.colcon_core.shell:Skip shell extension 'powershell' for command environment: Not usable outside of PowerShell
[0.334s] DEBUG:colcon.colcon_core.shell:Skip shell extension 'dsv' for command environment
[0.571s] INFO:colcon.colcon_core.task.python.build:Building Python package in '/home/zhr/robot_arm/src/real_motor_controller'
[0.571s] INFO:colcon.colcon_core.shell:Skip shell extension 'powershell' for command environment: Not usable outside of PowerShell
[0.571s] DEBUG:colcon.colcon_core.shell:Skip shell extension 'dsv' for command environment
[0.805s] INFO:colcon.colcon_core.task.python.build:Building Python package in '/home/zhr/robot_arm/src/sim_motor_controller'
[0.806s] INFO:colcon.colcon_core.shell:Skip shell extension 'powershell' for command environment: Not usable outside of PowerShell
[0.806s] DEBUG:colcon.colcon_core.shell:Skip shell extension 'dsv' for command environment
[1.161s] DEBUG:colcon.colcon_core.event_handler.log_command:Invoking command in '/home/zhr/robot_arm/build/sim_motor_controller': PYTHONPATH=/home/zhr/robot_arm/build/sim_motor_controller/prefix_override:/usr/lib/python3/dist-packages/colcon_core/task/python/colcon_distutils_commands:/home/zhr/robot_arm/install/sim_motor_controller/lib/python3.10/site-packages:${PYTHONPATH} /usr/bin/python3 -W ignore:setup.py install is deprecated -W ignore:easy_install command is deprecated setup.py develop --editable --build-directory /home/zhr/robot_arm/build/sim_motor_controller/build --no-deps symlink_data
[1.175s] DEBUG:colcon.colcon_core.event_handler.log_command:Invoking command in '/home/zhr/robot_arm/build/real_motor_controller': PYTHONPATH=/home/zhr/robot_arm/build/real_motor_controller/prefix_override:/usr/lib/python3/dist-packages/colcon_core/task/python/colcon_distutils_commands:/home/zhr/robot_arm/install/real_motor_controller/lib/python3.10/site-packages:${PYTHONPATH} /usr/bin/python3 -W ignore:setup.py install is deprecated -W ignore:easy_install command is deprecated setup.py develop --editable --build-directory /home/zhr/robot_arm/build/real_motor_controller/build --no-deps symlink_data
[1.612s] Level 1:colcon.colcon_core.shell:create_environment_hook('sim_motor_controller', 'pythonpath_develop')
[1.612s] INFO:colcon.colcon_core.shell:Creating environment hook '/home/zhr/robot_arm/build/sim_motor_controller/src/share/sim_motor_controller/hook/pythonpath_develop.ps1'
[1.613s] DEBUG:colcon.colcon_core.event_handler.log_command:Invoked command in '/home/zhr/robot_arm/build/sim_motor_controller' returned '0': PYTHONPATH=/home/zhr/robot_arm/build/sim_motor_controller/prefix_override:/usr/lib/python3/dist-packages/colcon_core/task/python/colcon_distutils_commands:/home/zhr/robot_arm/install/sim_motor_controller/lib/python3.10/site-packages:${PYTHONPATH} /usr/bin/python3 -W ignore:setup.py install is deprecated -W ignore:easy_install command is deprecated setup.py develop --editable --build-directory /home/zhr/robot_arm/build/sim_motor_controller/build --no-deps symlink_data
[1.613s] INFO:colcon.colcon_core.shell:Creating environment descriptor '/home/zhr/robot_arm/build/sim_motor_controller/src/share/sim_motor_controller/hook/pythonpath_develop.dsv'
[1.613s] INFO:colcon.colcon_core.shell:Creating environment hook '/home/zhr/robot_arm/build/sim_motor_controller/src/share/sim_motor_controller/hook/pythonpath_develop.sh'
[1.616s] Level 1:colcon.colcon_core.environment:checking '/home/zhr/robot_arm/install/sim_motor_controller' for CMake module files
[1.616s] Level 1:colcon.colcon_core.environment:checking '/home/zhr/robot_arm/install/sim_motor_controller' for CMake config files
[1.617s] Level 1:colcon.colcon_core.environment:checking '/home/zhr/robot_arm/install/sim_motor_controller/lib'
[1.617s] Level 1:colcon.colcon_core.environment:checking '/home/zhr/robot_arm/install/sim_motor_controller/bin'
[1.617s] Level 1:colcon.colcon_core.environment:checking '/home/zhr/robot_arm/install/sim_motor_controller/lib/pkgconfig/sim_motor_controller.pc'
[1.617s] Level 1:colcon.colcon_core.environment:checking '/home/zhr/robot_arm/install/sim_motor_controller/lib/python3.10/site-packages'
[1.617s] Level 1:colcon.colcon_core.shell:create_environment_hook('sim_motor_controller', 'pythonpath')
[1.617s] INFO:colcon.colcon_core.shell:Creating environment hook '/home/zhr/robot_arm/install/sim_motor_controller/share/sim_motor_controller/hook/pythonpath.ps1'
[1.618s] INFO:colcon.colcon_core.shell:Creating environment descriptor '/home/zhr/robot_arm/install/sim_motor_controller/share/sim_motor_controller/hook/pythonpath.dsv'
[1.618s] INFO:colcon.colcon_core.shell:Creating environment hook '/home/zhr/robot_arm/install/sim_motor_controller/share/sim_motor_controller/hook/pythonpath.sh'
[1.619s] Level 1:colcon.colcon_core.environment:checking '/home/zhr/robot_arm/install/sim_motor_controller/bin'
[1.619s] Level 1:colcon.colcon_core.environment:create_environment_scripts_only(sim_motor_controller)
[1.619s] INFO:colcon.colcon_core.shell:Creating package script '/home/zhr/robot_arm/install/sim_motor_controller/share/sim_motor_controller/package.ps1'
[1.620s] INFO:colcon.colcon_core.shell:Creating package descriptor '/home/zhr/robot_arm/install/sim_motor_controller/share/sim_motor_controller/package.dsv'
[1.621s] INFO:colcon.colcon_core.shell:Creating package script '/home/zhr/robot_arm/install/sim_motor_controller/share/sim_motor_controller/package.sh'
[1.622s] INFO:colcon.colcon_core.shell:Creating package script '/home/zhr/robot_arm/install/sim_motor_controller/share/sim_motor_controller/package.bash'
[1.622s] INFO:colcon.colcon_core.shell:Creating package script '/home/zhr/robot_arm/install/sim_motor_controller/share/sim_motor_controller/package.zsh'
[1.623s] Level 1:colcon.colcon_core.environment:create_file_with_runtime_dependencies(/home/zhr/robot_arm/install/sim_motor_controller/share/colcon-core/packages/sim_motor_controller)
[1.629s] Level 1:colcon.colcon_core.shell:create_environment_hook('real_motor_controller', 'pythonpath_develop')
[1.630s] INFO:colcon.colcon_core.shell:Creating environment hook '/home/zhr/robot_arm/build/real_motor_controller/src/share/real_motor_controller/hook/pythonpath_develop.ps1'
[1.630s] DEBUG:colcon.colcon_core.event_handler.log_command:Invoked command in '/home/zhr/robot_arm/build/real_motor_controller' returned '0': PYTHONPATH=/home/zhr/robot_arm/build/real_motor_controller/prefix_override:/usr/lib/python3/dist-packages/colcon_core/task/python/colcon_distutils_commands:/home/zhr/robot_arm/install/real_motor_controller/lib/python3.10/site-packages:${PYTHONPATH} /usr/bin/python3 -W ignore:setup.py install is deprecated -W ignore:easy_install command is deprecated setup.py develop --editable --build-directory /home/zhr/robot_arm/build/real_motor_controller/build --no-deps symlink_data
[1.631s] INFO:colcon.colcon_core.shell:Creating environment descriptor '/home/zhr/robot_arm/build/real_motor_controller/src/share/real_motor_controller/hook/pythonpath_develop.dsv'
[1.631s] INFO:colcon.colcon_core.shell:Creating environment hook '/home/zhr/robot_arm/build/real_motor_controller/src/share/real_motor_controller/hook/pythonpath_develop.sh'
[1.632s] Level 1:colcon.colcon_core.environment:checking '/home/zhr/robot_arm/install/real_motor_controller' for CMake module files
[1.632s] Level 1:colcon.colcon_core.environment:checking '/home/zhr/robot_arm/install/real_motor_controller' for CMake config files
[1.632s] Level 1:colcon.colcon_core.environment:checking '/home/zhr/robot_arm/install/real_motor_controller/lib'
[1.632s] Level 1:colcon.colcon_core.environment:checking '/home/zhr/robot_arm/install/real_motor_controller/bin'
[1.632s] Level 1:colcon.colcon_core.environment:checking '/home/zhr/robot_arm/install/real_motor_controller/lib/pkgconfig/real_motor_controller.pc'
[1.633s] Level 1:colcon.colcon_core.environment:checking '/home/zhr/robot_arm/install/real_motor_controller/lib/python3.10/site-packages'
[1.633s] Level 1:colcon.colcon_core.shell:create_environment_hook('real_motor_controller', 'pythonpath')
[1.633s] INFO:colcon.colcon_core.shell:Creating environment hook '/home/zhr/robot_arm/install/real_motor_controller/share/real_motor_controller/hook/pythonpath.ps1'
[1.633s] INFO:colcon.colcon_core.shell:Creating environment descriptor '/home/zhr/robot_arm/install/real_motor_controller/share/real_motor_controller/hook/pythonpath.dsv'
[1.633s] INFO:colcon.colcon_core.shell:Creating environment hook '/home/zhr/robot_arm/install/real_motor_controller/share/real_motor_controller/hook/pythonpath.sh'
[1.634s] Level 1:colcon.colcon_core.environment:checking '/home/zhr/robot_arm/install/real_motor_controller/bin'
[1.634s] Level 1:colcon.colcon_core.environment:create_environment_scripts_only(real_motor_controller)
[1.634s] INFO:colcon.colcon_core.shell:Creating package script '/home/zhr/robot_arm/install/real_motor_controller/share/real_motor_controller/package.ps1'
[1.635s] INFO:colcon.colcon_core.shell:Creating package descriptor '/home/zhr/robot_arm/install/real_motor_controller/share/real_motor_controller/package.dsv'
[1.635s] INFO:colcon.colcon_core.shell:Creating package script '/home/zhr/robot_arm/install/real_motor_controller/share/real_motor_controller/package.sh'
[1.635s] INFO:colcon.colcon_core.shell:Creating package script '/home/zhr/robot_arm/install/real_motor_controller/share/real_motor_controller/package.bash'
[1.636s] INFO:colcon.colcon_core.shell:Creating package script '/home/zhr/robot_arm/install/real_motor_controller/share/real_motor_controller/package.zsh'
[1.636s] Level 1:colcon.colcon_core.environment:create_file_with_runtime_dependencies(/home/zhr/robot_arm/install/real_motor_controller/share/colcon-core/packages/real_motor_controller)
[1.636s] INFO:colcon.colcon_ros.task.ament_cmake.build:Building ROS package in '/home/zhr/robot_arm/src/arm_bringup' with build type 'ament_cmake'
[1.636s] INFO:colcon.colcon_cmake.task.cmake.build:Building CMake package in '/home/zhr/robot_arm/src/arm_bringup'
[1.637s] INFO:colcon.colcon_core.shell:Skip shell extension 'powershell' for command environment: Not usable outside of PowerShell
[1.637s] DEBUG:colcon.colcon_core.shell:Skip shell extension 'dsv' for command environment
[1.645s] DEBUG:colcon.colcon_core.event_handler.log_command:Invoking command in '/home/zhr/robot_arm/build/arm_bringup': AMENT_PREFIX_PATH=/home/zhr/robot_arm/install/sim_motor_controller:/home/zhr/robot_arm/install/real_motor_controller:${AMENT_PREFIX_PATH} CMAKE_PREFIX_PATH=/opt/ros/humble PYTHONPATH=/home/zhr/robot_arm/build/sim_motor_controller/src:/home/zhr/robot_arm/install/sim_motor_controller/lib/python3.10/site-packages:/home/zhr/robot_arm/build/real_motor_controller/src:/home/zhr/robot_arm/install/real_motor_controller/lib/python3.10/site-packages:${PYTHONPATH} /opt/st/stm32cubeclt_1.17.0/CMake/bin/cmake --build /home/zhr/robot_arm/build/arm_bringup -- -j8 -l8
[1.655s] DEBUG:colcon.colcon_core.event_handler.log_command:Invoked command in '/home/zhr/robot_arm/build/arm_bringup' returned '0': AMENT_PREFIX_PATH=/home/zhr/robot_arm/install/sim_motor_controller:/home/zhr/robot_arm/install/real_motor_controller:${AMENT_PREFIX_PATH} CMAKE_PREFIX_PATH=/opt/ros/humble PYTHONPATH=/home/zhr/robot_arm/build/sim_motor_controller/src:/home/zhr/robot_arm/install/sim_motor_controller/lib/python3.10/site-packages:/home/zhr/robot_arm/build/real_motor_controller/src:/home/zhr/robot_arm/install/real_motor_controller/lib/python3.10/site-packages:${PYTHONPATH} /opt/st/stm32cubeclt_1.17.0/CMake/bin/cmake --build /home/zhr/robot_arm/build/arm_bringup -- -j8 -l8
[1.659s] DEBUG:colcon.colcon_core.event_handler.log_command:Invoking command in '/home/zhr/robot_arm/build/arm_bringup': AMENT_PREFIX_PATH=/home/zhr/robot_arm/install/sim_motor_controller:/home/zhr/robot_arm/install/real_motor_controller:${AMENT_PREFIX_PATH} CMAKE_PREFIX_PATH=/opt/ros/humble PYTHONPATH=/home/zhr/robot_arm/build/sim_motor_controller/src:/home/zhr/robot_arm/install/sim_motor_controller/lib/python3.10/site-packages:/home/zhr/robot_arm/build/real_motor_controller/src:/home/zhr/robot_arm/install/real_motor_controller/lib/python3.10/site-packages:${PYTHONPATH} /opt/st/stm32cubeclt_1.17.0/CMake/bin/cmake --install /home/zhr/robot_arm/build/arm_bringup
[1.670s] Level 1:colcon.colcon_core.environment:create_environment_scripts_only(arm_bringup)
[1.671s] Level 1:colcon.colcon_core.environment:checking '/home/zhr/robot_arm/install/arm_bringup' for CMake module files
[1.671s] DEBUG:colcon.colcon_core.event_handler.log_command:Invoked command in '/home/zhr/robot_arm/build/arm_bringup' returned '0': AMENT_PREFIX_PATH=/home/zhr/robot_arm/install/sim_motor_controller:/home/zhr/robot_arm/install/real_motor_controller:${AMENT_PREFIX_PATH} CMAKE_PREFIX_PATH=/opt/ros/humble PYTHONPATH=/home/zhr/robot_arm/build/sim_motor_controller/src:/home/zhr/robot_arm/install/sim_motor_controller/lib/python3.10/site-packages:/home/zhr/robot_arm/build/real_motor_controller/src:/home/zhr/robot_arm/install/real_motor_controller/lib/python3.10/site-packages:${PYTHONPATH} /opt/st/stm32cubeclt_1.17.0/CMake/bin/cmake --install /home/zhr/robot_arm/build/arm_bringup
[1.671s] Level 1:colcon.colcon_core.environment:checking '/home/zhr/robot_arm/install/arm_bringup' for CMake config files
[1.672s] Level 1:colcon.colcon_core.shell:create_environment_hook('arm_bringup', 'cmake_prefix_path')
[1.672s] INFO:colcon.colcon_core.shell:Creating environment hook '/home/zhr/robot_arm/install/arm_bringup/share/arm_bringup/hook/cmake_prefix_path.ps1'
[1.672s] INFO:colcon.colcon_core.shell:Creating environment descriptor '/home/zhr/robot_arm/install/arm_bringup/share/arm_bringup/hook/cmake_prefix_path.dsv'
[1.672s] INFO:colcon.colcon_core.shell:Creating environment hook '/home/zhr/robot_arm/install/arm_bringup/share/arm_bringup/hook/cmake_prefix_path.sh'
[1.673s] Level 1:colcon.colcon_core.environment:checking '/home/zhr/robot_arm/install/arm_bringup/bin'
[1.673s] Level 1:colcon.colcon_core.environment:checking '/home/zhr/robot_arm/install/arm_bringup/lib/pkgconfig/arm_bringup.pc'
[1.673s] Level 1:colcon.colcon_core.environment:checking '/home/zhr/robot_arm/install/arm_bringup/lib/python3.10/site-packages'
[1.673s] Level 1:colcon.colcon_core.environment:checking '/home/zhr/robot_arm/install/arm_bringup/bin'
[1.674s] INFO:colcon.colcon_core.shell:Creating package script '/home/zhr/robot_arm/install/arm_bringup/share/arm_bringup/package.ps1'
[1.674s] INFO:colcon.colcon_core.shell:Creating package descriptor '/home/zhr/robot_arm/install/arm_bringup/share/arm_bringup/package.dsv'
[1.674s] INFO:colcon.colcon_core.shell:Creating package script '/home/zhr/robot_arm/install/arm_bringup/share/arm_bringup/package.sh'
[1.675s] INFO:colcon.colcon_core.shell:Creating package script '/home/zhr/robot_arm/install/arm_bringup/share/arm_bringup/package.bash'
[1.675s] INFO:colcon.colcon_core.shell:Creating package script '/home/zhr/robot_arm/install/arm_bringup/share/arm_bringup/package.zsh'
[1.675s] Level 1:colcon.colcon_core.environment:create_file_with_runtime_dependencies(/home/zhr/robot_arm/install/arm_bringup/share/colcon-core/packages/arm_bringup)
[1.676s] Level 1:colcon.colcon_core.environment:create_environment_scripts_only(arm_bringup)
[1.676s] Level 1:colcon.colcon_core.environment:checking '/home/zhr/robot_arm/install/arm_bringup' for CMake module files
[1.676s] Level 1:colcon.colcon_core.environment:checking '/home/zhr/robot_arm/install/arm_bringup' for CMake config files
[1.676s] Level 1:colcon.colcon_core.shell:create_environment_hook('arm_bringup', 'cmake_prefix_path')
[1.677s] INFO:colcon.colcon_core.shell:Creating environment hook '/home/zhr/robot_arm/install/arm_bringup/share/arm_bringup/hook/cmake_prefix_path.ps1'
[1.677s] INFO:colcon.colcon_core.shell:Creating environment descriptor '/home/zhr/robot_arm/install/arm_bringup/share/arm_bringup/hook/cmake_prefix_path.dsv'
[1.677s] INFO:colcon.colcon_core.shell:Creating environment hook '/home/zhr/robot_arm/install/arm_bringup/share/arm_bringup/hook/cmake_prefix_path.sh'
[1.678s] Level 1:colcon.colcon_core.environment:checking '/home/zhr/robot_arm/install/arm_bringup/bin'
[1.678s] Level 1:colcon.colcon_core.environment:checking '/home/zhr/robot_arm/install/arm_bringup/lib/pkgconfig/arm_bringup.pc'
[1.678s] Level 1:colcon.colcon_core.environment:checking '/home/zhr/robot_arm/install/arm_bringup/lib/python3.10/site-packages'
[1.678s] Level 1:colcon.colcon_core.environment:checking '/home/zhr/robot_arm/install/arm_bringup/bin'
[1.678s] INFO:colcon.colcon_core.shell:Creating package script '/home/zhr/robot_arm/install/arm_bringup/share/arm_bringup/package.ps1'
[1.679s] INFO:colcon.colcon_core.shell:Creating package descriptor '/home/zhr/robot_arm/install/arm_bringup/share/arm_bringup/package.dsv'
[1.679s] INFO:colcon.colcon_core.shell:Creating package script '/home/zhr/robot_arm/install/arm_bringup/share/arm_bringup/package.sh'
[1.679s] INFO:colcon.colcon_core.shell:Creating package script '/home/zhr/robot_arm/install/arm_bringup/share/arm_bringup/package.bash'
[1.680s] INFO:colcon.colcon_core.shell:Creating package script '/home/zhr/robot_arm/install/arm_bringup/share/arm_bringup/package.zsh'
[1.680s] Level 1:colcon.colcon_core.environment:create_file_with_runtime_dependencies(/home/zhr/robot_arm/install/arm_bringup/share/colcon-core/packages/arm_bringup)
[1.680s] DEBUG:colcon.colcon_parallel_executor.executor.parallel:closing loop
[1.680s] DEBUG:colcon.colcon_parallel_executor.executor.parallel:loop closed
[1.681s] DEBUG:colcon.colcon_parallel_executor.executor.parallel:run_until_complete finished with '0'
[1.681s] DEBUG:colcon.colcon_core.event_reactor:joining thread
[1.685s] INFO:colcon.colcon_core.plugin_system:Skipping extension 'colcon_notification.desktop_notification.terminal_notifier': Not used on non-Darwin systems
[1.685s] INFO:colcon.colcon_core.plugin_system:Skipping extension 'colcon_notification.desktop_notification.win32': Not used on non-Windows systems
[1.685s] INFO:colcon.colcon_notification.desktop_notification:Sending desktop notification using 'notify2'
[1.697s] DEBUG:colcon.colcon_core.event_reactor:joined thread
[1.698s] INFO:colcon.colcon_core.shell:Creating prefix script '/home/zhr/robot_arm/install/local_setup.ps1'
[1.699s] INFO:colcon.colcon_core.shell:Creating prefix util module '/home/zhr/robot_arm/install/_local_setup_util_ps1.py'
[1.700s] INFO:colcon.colcon_core.shell:Creating prefix chain script '/home/zhr/robot_arm/install/setup.ps1'
[1.701s] INFO:colcon.colcon_core.shell:Creating prefix script '/home/zhr/robot_arm/install/local_setup.sh'
[1.702s] INFO:colcon.colcon_core.shell:Creating prefix util module '/home/zhr/robot_arm/install/_local_setup_util_sh.py'
[1.703s] INFO:colcon.colcon_core.shell:Creating prefix chain script '/home/zhr/robot_arm/install/setup.sh'
[1.704s] INFO:colcon.colcon_core.shell:Creating prefix script '/home/zhr/robot_arm/install/local_setup.bash'
[1.704s] INFO:colcon.colcon_core.shell:Creating prefix chain script '/home/zhr/robot_arm/install/setup.bash'
[1.705s] INFO:colcon.colcon_core.shell:Creating prefix script '/home/zhr/robot_arm/install/local_setup.zsh'
[1.706s] INFO:colcon.colcon_core.shell:Creating prefix chain script '/home/zhr/robot_arm/install/setup.zsh'
