running develop
Removing /home/zhr/robot_arm/install/real_motor_controller/lib/python3.10/site-packages/real-motor-controller.egg-link (link to src)
running egg_info
writing ../../build/real_motor_controller/real_motor_controller.egg-info/PKG-INFO
writing dependency_links to ../../build/real_motor_controller/real_motor_controller.egg-info/dependency_links.txt
writing entry points to ../../build/real_motor_controller/real_motor_controller.egg-info/entry_points.txt
writing requirements to ../../build/real_motor_controller/real_motor_controller.egg-info/requires.txt
writing top-level names to ../../build/real_motor_controller/real_motor_controller.egg-info/top_level.txt
reading manifest file '../../build/real_motor_controller/real_motor_controller.egg-info/SOURCES.txt'
writing manifest file '../../build/real_motor_controller/real_motor_controller.egg-info/SOURCES.txt'
running build
running build_py
running install
running install_lib
running install_data
copying resource/real_motor_controller -> /home/zhr/robot_arm/install/real_motor_controller/share/ament_index/resource_index/packages
copying package.xml -> /home/zhr/robot_arm/install/real_motor_controller/share/real_motor_controller
copying README.md -> /home/zhr/robot_arm/install/real_motor_controller/share/real_motor_controller
copying config/real_motor_controller.yaml -> /home/zhr/robot_arm/install/real_motor_controller/share/real_motor_controller/config
copying config/real_query_motor.yaml -> /home/zhr/robot_arm/install/real_motor_controller/share/real_motor_controller/config
copying launch/real_motor_controller.launch.py -> /home/zhr/robot_arm/install/real_motor_controller/share/real_motor_controller/launch
copying launch/real_query_motor.launch.py -> /home/zhr/robot_arm/install/real_motor_controller/share/real_motor_controller/launch
running install_egg_info
removing '/home/zhr/robot_arm/install/real_motor_controller/lib/python3.10/site-packages/real_motor_controller-0.1.0-py3.10.egg-info' (and everything under it)
Copying ../../build/real_motor_controller/real_motor_controller.egg-info to /home/zhr/robot_arm/install/real_motor_controller/lib/python3.10/site-packages/real_motor_controller-0.1.0-py3.10.egg-info
running install_scripts
Installing real_motor_controller_node script to /home/zhr/robot_arm/install/real_motor_controller/lib/real_motor_controller
Installing real_query_motor_node script to /home/zhr/robot_arm/install/real_motor_controller/lib/real_motor_controller
writing list of installed files to '/home/zhr/robot_arm/build/real_motor_controller/install.log'
