[0.903s] Invoking command in '/home/zhr/robot_arm/build/real_motor_controller': PYTHONPATH=/home/zhr/robot_arm/build/real_motor_controller/prefix_override:/usr/lib/python3/dist-packages/colcon_core/task/python/colcon_distutils_commands:/home/zhr/robot_arm/install/real_motor_controller/lib/python3.10/site-packages:${PYTHONPATH} /usr/bin/python3 -W ignore:setup.py install is deprecated -W ignore:easy_install command is deprecated setup.py develop --uninstall --editable --build-directory /home/zhr/robot_arm/build/real_motor_controller/build
[1.154s] running develop
[1.325s] Removing /home/zhr/robot_arm/install/real_motor_controller/lib/python3.10/site-packages/real-motor-controller.egg-link (link to src)
[1.357s] Invoked command in '/home/zhr/robot_arm/build/real_motor_controller' returned '0': PYTHONPATH=/home/zhr/robot_arm/build/real_motor_controller/prefix_override:/usr/lib/python3/dist-packages/colcon_core/task/python/colcon_distutils_commands:/home/zhr/robot_arm/install/real_motor_controller/lib/python3.10/site-packages:${PYTHONPATH} /usr/bin/python3 -W ignore:setup.py install is deprecated -W ignore:easy_install command is deprecated setup.py develop --uninstall --editable --build-directory /home/zhr/robot_arm/build/real_motor_controller/build
[1.359s] Invoking command in '/home/zhr/robot_arm/src/real_motor_controller': PYTHONPATH=/home/zhr/robot_arm/build/real_motor_controller/prefix_override:/usr/lib/python3/dist-packages/colcon_core/task/python/colcon_distutils_commands:/home/zhr/robot_arm/install/real_motor_controller/lib/python3.10/site-packages:${PYTHONPATH} /usr/bin/python3 -W ignore:setup.py install is deprecated -W ignore:easy_install command is deprecated setup.py egg_info --egg-base ../../build/real_motor_controller build --build-base /home/zhr/robot_arm/build/real_motor_controller/build install --record /home/zhr/robot_arm/build/real_motor_controller/install.log --single-version-externally-managed install_data --force
[1.584s] running egg_info
[1.584s] writing ../../build/real_motor_controller/real_motor_controller.egg-info/PKG-INFO
[1.584s] writing dependency_links to ../../build/real_motor_controller/real_motor_controller.egg-info/dependency_links.txt
[1.584s] writing entry points to ../../build/real_motor_controller/real_motor_controller.egg-info/entry_points.txt
[1.585s] writing requirements to ../../build/real_motor_controller/real_motor_controller.egg-info/requires.txt
[1.585s] writing top-level names to ../../build/real_motor_controller/real_motor_controller.egg-info/top_level.txt
[1.587s] reading manifest file '../../build/real_motor_controller/real_motor_controller.egg-info/SOURCES.txt'
[1.588s] writing manifest file '../../build/real_motor_controller/real_motor_controller.egg-info/SOURCES.txt'
[1.588s] running build
[1.588s] running build_py
[1.589s] running install
[1.589s] running install_lib
[1.590s] running install_data
[1.590s] copying resource/real_motor_controller -> /home/zhr/robot_arm/install/real_motor_controller/share/ament_index/resource_index/packages
[1.590s] copying package.xml -> /home/zhr/robot_arm/install/real_motor_controller/share/real_motor_controller
[1.590s] copying README.md -> /home/zhr/robot_arm/install/real_motor_controller/share/real_motor_controller
[1.592s] copying config/real_motor_controller.yaml -> /home/zhr/robot_arm/install/real_motor_controller/share/real_motor_controller/config
[1.592s] copying config/real_query_motor.yaml -> /home/zhr/robot_arm/install/real_motor_controller/share/real_motor_controller/config
[1.592s] copying launch/real_motor_controller.launch.py -> /home/zhr/robot_arm/install/real_motor_controller/share/real_motor_controller/launch
[1.592s] copying launch/real_query_motor.launch.py -> /home/zhr/robot_arm/install/real_motor_controller/share/real_motor_controller/launch
[1.593s] running install_egg_info
[1.594s] removing '/home/zhr/robot_arm/install/real_motor_controller/lib/python3.10/site-packages/real_motor_controller-0.1.0-py3.10.egg-info' (and everything under it)
[1.594s] Copying ../../build/real_motor_controller/real_motor_controller.egg-info to /home/zhr/robot_arm/install/real_motor_controller/lib/python3.10/site-packages/real_motor_controller-0.1.0-py3.10.egg-info
[1.595s] running install_scripts
[1.615s] Installing real_motor_controller_node script to /home/zhr/robot_arm/install/real_motor_controller/lib/real_motor_controller
[1.615s] Installing real_query_motor_node script to /home/zhr/robot_arm/install/real_motor_controller/lib/real_motor_controller
[1.615s] writing list of installed files to '/home/zhr/robot_arm/build/real_motor_controller/install.log'
[1.648s] Invoked command in '/home/zhr/robot_arm/src/real_motor_controller' returned '0': PYTHONPATH=/home/zhr/robot_arm/build/real_motor_controller/prefix_override:/usr/lib/python3/dist-packages/colcon_core/task/python/colcon_distutils_commands:/home/zhr/robot_arm/install/real_motor_controller/lib/python3.10/site-packages:${PYTHONPATH} /usr/bin/python3 -W ignore:setup.py install is deprecated -W ignore:easy_install command is deprecated setup.py egg_info --egg-base ../../build/real_motor_controller build --build-base /home/zhr/robot_arm/build/real_motor_controller/build install --record /home/zhr/robot_arm/build/real_motor_controller/install.log --single-version-externally-managed install_data --force
