[0.926s] Invoking command in '/home/zhr/robot_arm/src/sim_motor_controller': PYTHONPATH=/home/zhr/robot_arm/build/sim_motor_controller/prefix_override:/usr/lib/python3/dist-packages/colcon_core/task/python/colcon_distutils_commands:/home/zhr/robot_arm/install/sim_motor_controller/lib/python3.10/site-packages:${PYTHONPATH} /usr/bin/python3 -W ignore:setup.py install is deprecated -W ignore:easy_install command is deprecated setup.py egg_info --egg-base ../../build/sim_motor_controller build --build-base /home/zhr/robot_arm/build/sim_motor_controller/build install --record /home/zhr/robot_arm/build/sim_motor_controller/install.log --single-version-externally-managed install_data
[1.147s] running egg_info
[1.148s] writing ../../build/sim_motor_controller/sim_motor_controller.egg-info/PKG-INFO
[1.148s] writing dependency_links to ../../build/sim_motor_controller/sim_motor_controller.egg-info/dependency_links.txt
[1.148s] writing entry points to ../../build/sim_motor_controller/sim_motor_controller.egg-info/entry_points.txt
[1.148s] writing requirements to ../../build/sim_motor_controller/sim_motor_controller.egg-info/requires.txt
[1.148s] writing top-level names to ../../build/sim_motor_controller/sim_motor_controller.egg-info/top_level.txt
[1.151s] reading manifest file '../../build/sim_motor_controller/sim_motor_controller.egg-info/SOURCES.txt'
[1.151s] writing manifest file '../../build/sim_motor_controller/sim_motor_controller.egg-info/SOURCES.txt'
[1.152s] running build
[1.152s] running build_py
[1.152s] running install
[1.152s] running install_lib
[1.153s] running install_data
[1.153s] running install_egg_info
[1.155s] removing '/home/zhr/robot_arm/install/sim_motor_controller/lib/python3.10/site-packages/sim_motor_controller-0.1.0-py3.10.egg-info' (and everything under it)
[1.155s] Copying ../../build/sim_motor_controller/sim_motor_controller.egg-info to /home/zhr/robot_arm/install/sim_motor_controller/lib/python3.10/site-packages/sim_motor_controller-0.1.0-py3.10.egg-info
[1.156s] running install_scripts
[1.175s] Installing sim_motor_controller_node script to /home/zhr/robot_arm/install/sim_motor_controller/lib/sim_motor_controller
[1.175s] writing list of installed files to '/home/zhr/robot_arm/build/sim_motor_controller/install.log'
[1.198s] Invoked command in '/home/zhr/robot_arm/src/sim_motor_controller' returned '0': PYTHONPATH=/home/zhr/robot_arm/build/sim_motor_controller/prefix_override:/usr/lib/python3/dist-packages/colcon_core/task/python/colcon_distutils_commands:/home/zhr/robot_arm/install/sim_motor_controller/lib/python3.10/site-packages:${PYTHONPATH} /usr/bin/python3 -W ignore:setup.py install is deprecated -W ignore:easy_install command is deprecated setup.py egg_info --egg-base ../../build/sim_motor_controller build --build-base /home/zhr/robot_arm/build/sim_motor_controller/build install --record /home/zhr/robot_arm/build/sim_motor_controller/install.log --single-version-externally-managed install_data
