[0.089s] DEBUG:colcon:Command line arguments: ['/usr/bin/colcon', 'build']
[0.089s] DEBUG:colcon:Parsed command line arguments: Namespace(log_base=None, log_level=None, verb_name='build', build_base='build', install_base='install', merge_install=False, symlink_install=False, test_result_base=None, continue_on_error=False, executor='parallel', parallel_workers=8, event_handlers=None, ignore_user_meta=False, metas=['./colcon.meta'], base_paths=['.'], packages_ignore=None, packages_ignore_regex=None, paths=None, packages_up_to=None, packages_up_to_regex=None, packages_above=None, packages_above_and_dependencies=None, packages_above_depth=None, packages_select_by_dep=None, packages_skip_by_dep=None, packages_skip_up_to=None, packages_select_build_failed=False, packages_skip_build_finished=False, packages_select_test_failures=False, packages_skip_test_passed=False, packages_select=None, packages_skip=None, packages_select_regex=None, packages_skip_regex=None, packages_start=None, packages_end=None, allow_overriding=[], cmake_args=None, cmake_target=None, cmake_target_skip_unavailable=False, cmake_clean_cache=False, cmake_clean_first=False, cmake_force_configure=False, ament_cmake_args=None, catkin_cmake_args=None, catkin_skip_building_tests=False, verb_parser=<colcon_defaults.argument_parser.defaults.DefaultArgumentsDecorator object at 0x7fbd3b7e23b0>, verb_extension=<colcon_core.verb.build.BuildVerb object at 0x7fbd3b7e1f30>, main=<bound method BuildVerb.main of <colcon_core.verb.build.BuildVerb object at 0x7fbd3b7e1f30>>)
[0.306s] Level 1:colcon.colcon_core.package_discovery:discover_packages(colcon_meta) check parameters
[0.307s] Level 1:colcon.colcon_core.package_discovery:discover_packages(recursive) check parameters
[0.307s] Level 1:colcon.colcon_core.package_discovery:discover_packages(ignore) check parameters
[0.307s] Level 1:colcon.colcon_core.package_discovery:discover_packages(path) check parameters
[0.307s] Level 1:colcon.colcon_core.package_discovery:discover_packages(colcon_meta) discover
[0.307s] Level 1:colcon.colcon_core.package_discovery:discover_packages(recursive) discover
[0.307s] INFO:colcon.colcon_core.package_discovery:Crawling recursively for packages in '/home/zhr/robot_arm'
[0.307s] Level 1:colcon.colcon_core.package_identification:_identify(.) by extensions ['ignore', 'ignore_ament_install']
[0.307s] Level 1:colcon.colcon_core.package_identification:_identify(.) by extension 'ignore'
[0.307s] Level 1:colcon.colcon_core.package_identification:_identify(.) by extension 'ignore_ament_install'
[0.307s] Level 1:colcon.colcon_core.package_identification:_identify(.) by extensions ['colcon_pkg']
[0.307s] Level 1:colcon.colcon_core.package_identification:_identify(.) by extension 'colcon_pkg'
[0.307s] Level 1:colcon.colcon_core.package_identification:_identify(.) by extensions ['colcon_meta']
[0.307s] Level 1:colcon.colcon_core.package_identification:_identify(.) by extension 'colcon_meta'
[0.307s] Level 1:colcon.colcon_core.package_identification:_identify(.) by extensions ['ros']
[0.308s] Level 1:colcon.colcon_core.package_identification:_identify(.) by extension 'ros'
[0.318s] Level 1:colcon.colcon_core.package_identification:_identify(.) by extensions ['cmake', 'python']
[0.318s] Level 1:colcon.colcon_core.package_identification:_identify(.) by extension 'cmake'
[0.318s] Level 1:colcon.colcon_core.package_identification:_identify(.) by extension 'python'
[0.318s] Level 1:colcon.colcon_core.package_identification:_identify(.) by extensions ['python_setup_py']
[0.318s] Level 1:colcon.colcon_core.package_identification:_identify(.) by extension 'python_setup_py'
[0.319s] Level 1:colcon.colcon_core.package_identification:_identify(build) by extensions ['ignore', 'ignore_ament_install']
[0.319s] Level 1:colcon.colcon_core.package_identification:_identify(build) by extension 'ignore'
[0.319s] Level 1:colcon.colcon_core.package_identification:_identify(build) ignored
[0.319s] Level 1:colcon.colcon_core.package_identification:_identify(install) by extensions ['ignore', 'ignore_ament_install']
[0.319s] Level 1:colcon.colcon_core.package_identification:_identify(install) by extension 'ignore'
[0.319s] Level 1:colcon.colcon_core.package_identification:_identify(install) ignored
[0.319s] Level 1:colcon.colcon_core.package_identification:_identify(log) by extensions ['ignore', 'ignore_ament_install']
[0.319s] Level 1:colcon.colcon_core.package_identification:_identify(log) by extension 'ignore'
[0.319s] Level 1:colcon.colcon_core.package_identification:_identify(log) ignored
[0.319s] Level 1:colcon.colcon_core.package_identification:_identify(src) by extensions ['ignore', 'ignore_ament_install']
[0.319s] Level 1:colcon.colcon_core.package_identification:_identify(src) by extension 'ignore'
[0.319s] Level 1:colcon.colcon_core.package_identification:_identify(src) by extension 'ignore_ament_install'
[0.319s] Level 1:colcon.colcon_core.package_identification:_identify(src) by extensions ['colcon_pkg']
[0.319s] Level 1:colcon.colcon_core.package_identification:_identify(src) by extension 'colcon_pkg'
[0.319s] Level 1:colcon.colcon_core.package_identification:_identify(src) by extensions ['colcon_meta']
[0.319s] Level 1:colcon.colcon_core.package_identification:_identify(src) by extension 'colcon_meta'
[0.319s] Level 1:colcon.colcon_core.package_identification:_identify(src) by extensions ['ros']
[0.320s] Level 1:colcon.colcon_core.package_identification:_identify(src) by extension 'ros'
[0.320s] Level 1:colcon.colcon_core.package_identification:_identify(src) by extensions ['cmake', 'python']
[0.320s] Level 1:colcon.colcon_core.package_identification:_identify(src) by extension 'cmake'
[0.320s] Level 1:colcon.colcon_core.package_identification:_identify(src) by extension 'python'
[0.320s] Level 1:colcon.colcon_core.package_identification:_identify(src) by extensions ['python_setup_py']
[0.320s] Level 1:colcon.colcon_core.package_identification:_identify(src) by extension 'python_setup_py'
[0.320s] Level 1:colcon.colcon_core.package_identification:_identify(src/arm_bringup) by extensions ['ignore', 'ignore_ament_install']
[0.320s] Level 1:colcon.colcon_core.package_identification:_identify(src/arm_bringup) by extension 'ignore'
[0.320s] Level 1:colcon.colcon_core.package_identification:_identify(src/arm_bringup) by extension 'ignore_ament_install'
[0.320s] Level 1:colcon.colcon_core.package_identification:_identify(src/arm_bringup) by extensions ['colcon_pkg']
[0.320s] Level 1:colcon.colcon_core.package_identification:_identify(src/arm_bringup) by extension 'colcon_pkg'
[0.320s] Level 1:colcon.colcon_core.package_identification:_identify(src/arm_bringup) by extensions ['colcon_meta']
[0.320s] Level 1:colcon.colcon_core.package_identification:_identify(src/arm_bringup) by extension 'colcon_meta'
[0.320s] Level 1:colcon.colcon_core.package_identification:_identify(src/arm_bringup) by extensions ['ros']
[0.320s] Level 1:colcon.colcon_core.package_identification:_identify(src/arm_bringup) by extension 'ros'
[0.322s] DEBUG:colcon.colcon_core.package_identification:Package 'src/arm_bringup' with type 'ros.ament_cmake' and name 'arm_bringup'
[0.322s] Level 1:colcon.colcon_core.package_identification:_identify(src/arm_controller) by extensions ['ignore', 'ignore_ament_install']
[0.322s] Level 1:colcon.colcon_core.package_identification:_identify(src/arm_controller) by extension 'ignore'
[0.322s] Level 1:colcon.colcon_core.package_identification:_identify(src/arm_controller) by extension 'ignore_ament_install'
[0.322s] Level 1:colcon.colcon_core.package_identification:_identify(src/arm_controller) by extensions ['colcon_pkg']
[0.322s] Level 1:colcon.colcon_core.package_identification:_identify(src/arm_controller) by extension 'colcon_pkg'
[0.322s] Level 1:colcon.colcon_core.package_identification:_identify(src/arm_controller) by extensions ['colcon_meta']
[0.323s] Level 1:colcon.colcon_core.package_identification:_identify(src/arm_controller) by extension 'colcon_meta'
[0.323s] Level 1:colcon.colcon_core.package_identification:_identify(src/arm_controller) by extensions ['ros']
[0.323s] Level 1:colcon.colcon_core.package_identification:_identify(src/arm_controller) by extension 'ros'
[0.323s] DEBUG:colcon.colcon_core.package_identification:Package 'src/arm_controller' with type 'ros.ament_cmake' and name 'arm_controller'
[0.323s] Level 1:colcon.colcon_core.package_identification:_identify(src/real_motor_controller) by extensions ['ignore', 'ignore_ament_install']
[0.324s] Level 1:colcon.colcon_core.package_identification:_identify(src/real_motor_controller) by extension 'ignore'
[0.324s] Level 1:colcon.colcon_core.package_identification:_identify(src/real_motor_controller) by extension 'ignore_ament_install'
[0.324s] Level 1:colcon.colcon_core.package_identification:_identify(src/real_motor_controller) by extensions ['colcon_pkg']
[0.324s] Level 1:colcon.colcon_core.package_identification:_identify(src/real_motor_controller) by extension 'colcon_pkg'
[0.324s] Level 1:colcon.colcon_core.package_identification:_identify(src/real_motor_controller) by extensions ['colcon_meta']
[0.324s] Level 1:colcon.colcon_core.package_identification:_identify(src/real_motor_controller) by extension 'colcon_meta'
[0.324s] Level 1:colcon.colcon_core.package_identification:_identify(src/real_motor_controller) by extensions ['ros']
[0.324s] Level 1:colcon.colcon_core.package_identification:_identify(src/real_motor_controller) by extension 'ros'
[0.324s] DEBUG:colcon.colcon_core.package_identification:Package 'src/real_motor_controller' with type 'ros.ament_python' and name 'real_motor_controller'
[0.324s] Level 1:colcon.colcon_core.package_identification:_identify(src/sim_motor_controller) by extensions ['ignore', 'ignore_ament_install']
[0.324s] Level 1:colcon.colcon_core.package_identification:_identify(src/sim_motor_controller) by extension 'ignore'
[0.325s] Level 1:colcon.colcon_core.package_identification:_identify(src/sim_motor_controller) by extension 'ignore_ament_install'
[0.325s] Level 1:colcon.colcon_core.package_identification:_identify(src/sim_motor_controller) by extensions ['colcon_pkg']
[0.325s] Level 1:colcon.colcon_core.package_identification:_identify(src/sim_motor_controller) by extension 'colcon_pkg'
[0.325s] Level 1:colcon.colcon_core.package_identification:_identify(src/sim_motor_controller) by extensions ['colcon_meta']
[0.325s] Level 1:colcon.colcon_core.package_identification:_identify(src/sim_motor_controller) by extension 'colcon_meta'
[0.325s] Level 1:colcon.colcon_core.package_identification:_identify(src/sim_motor_controller) by extensions ['ros']
[0.325s] Level 1:colcon.colcon_core.package_identification:_identify(src/sim_motor_controller) by extension 'ros'
[0.325s] DEBUG:colcon.colcon_core.package_identification:Package 'src/sim_motor_controller' with type 'ros.ament_python' and name 'sim_motor_controller'
[0.325s] Level 1:colcon.colcon_core.package_discovery:discover_packages(recursive) using defaults
[0.325s] Level 1:colcon.colcon_core.package_discovery:discover_packages(ignore) discover
[0.325s] Level 1:colcon.colcon_core.package_discovery:discover_packages(ignore) using defaults
[0.325s] Level 1:colcon.colcon_core.package_discovery:discover_packages(path) discover
[0.325s] Level 1:colcon.colcon_core.package_discovery:discover_packages(path) using defaults
[0.351s] Level 1:colcon.colcon_core.package_discovery:discover_packages(prefix_path) check parameters
[0.351s] Level 1:colcon.colcon_core.package_discovery:discover_packages(prefix_path) discover
[0.352s] DEBUG:colcon.colcon_installed_package_information.package_discovery:Found 4 installed packages in /home/zhr/robot_arm/install
[0.354s] DEBUG:colcon.colcon_installed_package_information.package_discovery:Found 432 installed packages in /opt/ros/humble
[0.355s] Level 1:colcon.colcon_core.package_discovery:discover_packages(prefix_path) using defaults
[0.398s] Level 5:colcon.colcon_core.verb:set package 'arm_controller' build argument 'cmake_args' from command line to 'None'
[0.398s] Level 5:colcon.colcon_core.verb:set package 'arm_controller' build argument 'cmake_target' from command line to 'None'
[0.398s] Level 5:colcon.colcon_core.verb:set package 'arm_controller' build argument 'cmake_target_skip_unavailable' from command line to 'False'
[0.398s] Level 5:colcon.colcon_core.verb:set package 'arm_controller' build argument 'cmake_clean_cache' from command line to 'False'
[0.398s] Level 5:colcon.colcon_core.verb:set package 'arm_controller' build argument 'cmake_clean_first' from command line to 'False'
[0.398s] Level 5:colcon.colcon_core.verb:set package 'arm_controller' build argument 'cmake_force_configure' from command line to 'False'
[0.398s] Level 5:colcon.colcon_core.verb:set package 'arm_controller' build argument 'ament_cmake_args' from command line to 'None'
[0.398s] Level 5:colcon.colcon_core.verb:set package 'arm_controller' build argument 'catkin_cmake_args' from command line to 'None'
[0.398s] Level 5:colcon.colcon_core.verb:set package 'arm_controller' build argument 'catkin_skip_building_tests' from command line to 'False'
[0.398s] DEBUG:colcon.colcon_core.verb:Building package 'arm_controller' with the following arguments: {'ament_cmake_args': None, 'build_base': '/home/zhr/robot_arm/build/arm_controller', 'catkin_cmake_args': None, 'catkin_skip_building_tests': False, 'cmake_args': None, 'cmake_clean_cache': False, 'cmake_clean_first': False, 'cmake_force_configure': False, 'cmake_target': None, 'cmake_target_skip_unavailable': False, 'install_base': '/home/zhr/robot_arm/install/arm_controller', 'merge_install': False, 'path': '/home/zhr/robot_arm/src/arm_controller', 'symlink_install': False, 'test_result_base': None}
[0.398s] Level 5:colcon.colcon_core.verb:set package 'real_motor_controller' build argument 'cmake_args' from command line to 'None'
[0.398s] Level 5:colcon.colcon_core.verb:set package 'real_motor_controller' build argument 'cmake_target' from command line to 'None'
[0.398s] Level 5:colcon.colcon_core.verb:set package 'real_motor_controller' build argument 'cmake_target_skip_unavailable' from command line to 'False'
[0.398s] Level 5:colcon.colcon_core.verb:set package 'real_motor_controller' build argument 'cmake_clean_cache' from command line to 'False'
[0.398s] Level 5:colcon.colcon_core.verb:set package 'real_motor_controller' build argument 'cmake_clean_first' from command line to 'False'
[0.398s] Level 5:colcon.colcon_core.verb:set package 'real_motor_controller' build argument 'cmake_force_configure' from command line to 'False'
[0.398s] Level 5:colcon.colcon_core.verb:set package 'real_motor_controller' build argument 'ament_cmake_args' from command line to 'None'
[0.398s] Level 5:colcon.colcon_core.verb:set package 'real_motor_controller' build argument 'catkin_cmake_args' from command line to 'None'
[0.398s] Level 5:colcon.colcon_core.verb:set package 'real_motor_controller' build argument 'catkin_skip_building_tests' from command line to 'False'
[0.398s] DEBUG:colcon.colcon_core.verb:Building package 'real_motor_controller' with the following arguments: {'ament_cmake_args': None, 'build_base': '/home/zhr/robot_arm/build/real_motor_controller', 'catkin_cmake_args': None, 'catkin_skip_building_tests': False, 'cmake_args': None, 'cmake_clean_cache': False, 'cmake_clean_first': False, 'cmake_force_configure': False, 'cmake_target': None, 'cmake_target_skip_unavailable': False, 'install_base': '/home/zhr/robot_arm/install/real_motor_controller', 'merge_install': False, 'path': '/home/zhr/robot_arm/src/real_motor_controller', 'symlink_install': False, 'test_result_base': None}
[0.399s] Level 5:colcon.colcon_core.verb:set package 'sim_motor_controller' build argument 'cmake_args' from command line to 'None'
[0.399s] Level 5:colcon.colcon_core.verb:set package 'sim_motor_controller' build argument 'cmake_target' from command line to 'None'
[0.399s] Level 5:colcon.colcon_core.verb:set package 'sim_motor_controller' build argument 'cmake_target_skip_unavailable' from command line to 'False'
[0.399s] Level 5:colcon.colcon_core.verb:set package 'sim_motor_controller' build argument 'cmake_clean_cache' from command line to 'False'
[0.399s] Level 5:colcon.colcon_core.verb:set package 'sim_motor_controller' build argument 'cmake_clean_first' from command line to 'False'
[0.399s] Level 5:colcon.colcon_core.verb:set package 'sim_motor_controller' build argument 'cmake_force_configure' from command line to 'False'
[0.399s] Level 5:colcon.colcon_core.verb:set package 'sim_motor_controller' build argument 'ament_cmake_args' from command line to 'None'
[0.399s] Level 5:colcon.colcon_core.verb:set package 'sim_motor_controller' build argument 'catkin_cmake_args' from command line to 'None'
[0.399s] Level 5:colcon.colcon_core.verb:set package 'sim_motor_controller' build argument 'catkin_skip_building_tests' from command line to 'False'
[0.399s] DEBUG:colcon.colcon_core.verb:Building package 'sim_motor_controller' with the following arguments: {'ament_cmake_args': None, 'build_base': '/home/zhr/robot_arm/build/sim_motor_controller', 'catkin_cmake_args': None, 'catkin_skip_building_tests': False, 'cmake_args': None, 'cmake_clean_cache': False, 'cmake_clean_first': False, 'cmake_force_configure': False, 'cmake_target': None, 'cmake_target_skip_unavailable': False, 'install_base': '/home/zhr/robot_arm/install/sim_motor_controller', 'merge_install': False, 'path': '/home/zhr/robot_arm/src/sim_motor_controller', 'symlink_install': False, 'test_result_base': None}
[0.399s] Level 5:colcon.colcon_core.verb:set package 'arm_bringup' build argument 'cmake_args' from command line to 'None'
[0.399s] Level 5:colcon.colcon_core.verb:set package 'arm_bringup' build argument 'cmake_target' from command line to 'None'
[0.399s] Level 5:colcon.colcon_core.verb:set package 'arm_bringup' build argument 'cmake_target_skip_unavailable' from command line to 'False'
[0.399s] Level 5:colcon.colcon_core.verb:set package 'arm_bringup' build argument 'cmake_clean_cache' from command line to 'False'
[0.399s] Level 5:colcon.colcon_core.verb:set package 'arm_bringup' build argument 'cmake_clean_first' from command line to 'False'
[0.399s] Level 5:colcon.colcon_core.verb:set package 'arm_bringup' build argument 'cmake_force_configure' from command line to 'False'
[0.399s] Level 5:colcon.colcon_core.verb:set package 'arm_bringup' build argument 'ament_cmake_args' from command line to 'None'
[0.399s] Level 5:colcon.colcon_core.verb:set package 'arm_bringup' build argument 'catkin_cmake_args' from command line to 'None'
[0.399s] Level 5:colcon.colcon_core.verb:set package 'arm_bringup' build argument 'catkin_skip_building_tests' from command line to 'False'
[0.399s] DEBUG:colcon.colcon_core.verb:Building package 'arm_bringup' with the following arguments: {'ament_cmake_args': None, 'build_base': '/home/zhr/robot_arm/build/arm_bringup', 'catkin_cmake_args': None, 'catkin_skip_building_tests': False, 'cmake_args': None, 'cmake_clean_cache': False, 'cmake_clean_first': False, 'cmake_force_configure': False, 'cmake_target': None, 'cmake_target_skip_unavailable': False, 'install_base': '/home/zhr/robot_arm/install/arm_bringup', 'merge_install': False, 'path': '/home/zhr/robot_arm/src/arm_bringup', 'symlink_install': False, 'test_result_base': None}
[0.399s] INFO:colcon.colcon_core.executor:Executing jobs using 'parallel' executor
[0.400s] DEBUG:colcon.colcon_parallel_executor.executor.parallel:run_until_complete
[0.401s] INFO:colcon.colcon_ros.task.ament_cmake.build:Building ROS package in '/home/zhr/robot_arm/src/arm_controller' with build type 'ament_cmake'
[0.401s] INFO:colcon.colcon_cmake.task.cmake.build:Building CMake package in '/home/zhr/robot_arm/src/arm_controller'
[0.402s] INFO:colcon.colcon_core.plugin_system:Skipping extension 'colcon_core.shell.bat': Not used on non-Windows systems
[0.402s] INFO:colcon.colcon_core.shell:Skip shell extension 'powershell' for command environment: Not usable outside of PowerShell
[0.402s] DEBUG:colcon.colcon_core.shell:Skip shell extension 'dsv' for command environment
[0.406s] INFO:colcon.colcon_ros.task.ament_python.build:Building ROS package in '/home/zhr/robot_arm/src/real_motor_controller' with build type 'ament_python'
[0.406s] Level 1:colcon.colcon_core.shell:create_environment_hook('real_motor_controller', 'ament_prefix_path')
[0.406s] INFO:colcon.colcon_core.shell:Creating environment hook '/home/zhr/robot_arm/install/real_motor_controller/share/real_motor_controller/hook/ament_prefix_path.ps1'
[0.407s] INFO:colcon.colcon_core.shell:Creating environment descriptor '/home/zhr/robot_arm/install/real_motor_controller/share/real_motor_controller/hook/ament_prefix_path.dsv'
[0.407s] INFO:colcon.colcon_core.shell:Creating environment hook '/home/zhr/robot_arm/install/real_motor_controller/share/real_motor_controller/hook/ament_prefix_path.sh'
[0.408s] INFO:colcon.colcon_core.shell:Skip shell extension 'powershell' for command environment: Not usable outside of PowerShell
[0.408s] DEBUG:colcon.colcon_core.shell:Skip shell extension 'dsv' for command environment
[0.411s] INFO:colcon.colcon_ros.task.ament_python.build:Building ROS package in '/home/zhr/robot_arm/src/sim_motor_controller' with build type 'ament_python'
[0.411s] Level 1:colcon.colcon_core.shell:create_environment_hook('sim_motor_controller', 'ament_prefix_path')
[0.411s] INFO:colcon.colcon_core.shell:Creating environment hook '/home/zhr/robot_arm/install/sim_motor_controller/share/sim_motor_controller/hook/ament_prefix_path.ps1'
[0.412s] INFO:colcon.colcon_core.shell:Creating environment descriptor '/home/zhr/robot_arm/install/sim_motor_controller/share/sim_motor_controller/hook/ament_prefix_path.dsv'
[0.412s] INFO:colcon.colcon_core.shell:Creating environment hook '/home/zhr/robot_arm/install/sim_motor_controller/share/sim_motor_controller/hook/ament_prefix_path.sh'
[0.413s] INFO:colcon.colcon_core.shell:Skip shell extension 'powershell' for command environment: Not usable outside of PowerShell
[0.413s] DEBUG:colcon.colcon_core.shell:Skip shell extension 'dsv' for command environment
[0.421s] DEBUG:colcon.colcon_core.event_handler.log_command:Invoking command in '/home/zhr/robot_arm/build/arm_controller': CMAKE_PREFIX_PATH=${CMAKE_PREFIX_PATH}:/home/zhr/robot_arm/install/sim_motor_controller:/home/zhr/robot_arm/install/real_motor_controller:/opt/ros/humble /opt/st/stm32cubeclt_1.17.0/CMake/bin/cmake /home/zhr/robot_arm/src/arm_controller -DCMAKE_INSTALL_PREFIX=/home/zhr/robot_arm/install/arm_controller
[0.680s] INFO:colcon.colcon_core.task.python.build:Building Python package in '/home/zhr/robot_arm/src/real_motor_controller'
[0.681s] INFO:colcon.colcon_core.shell:Skip shell extension 'powershell' for command environment: Not usable outside of PowerShell
[0.681s] DEBUG:colcon.colcon_core.shell:Skip shell extension 'dsv' for command environment
[0.940s] INFO:colcon.colcon_core.task.python.build:Building Python package in '/home/zhr/robot_arm/src/sim_motor_controller'
[0.940s] INFO:colcon.colcon_core.shell:Skip shell extension 'powershell' for command environment: Not usable outside of PowerShell
[0.940s] DEBUG:colcon.colcon_core.shell:Skip shell extension 'dsv' for command environment
[1.053s] DEBUG:colcon.colcon_core.event_handler.log_command:Invoked command in '/home/zhr/robot_arm/build/arm_controller' returned '0': CMAKE_PREFIX_PATH=${CMAKE_PREFIX_PATH}:/home/zhr/robot_arm/install/sim_motor_controller:/home/zhr/robot_arm/install/real_motor_controller:/opt/ros/humble /opt/st/stm32cubeclt_1.17.0/CMake/bin/cmake /home/zhr/robot_arm/src/arm_controller -DCMAKE_INSTALL_PREFIX=/home/zhr/robot_arm/install/arm_controller
[1.054s] DEBUG:colcon.colcon_core.event_handler.log_command:Invoking command in '/home/zhr/robot_arm/build/arm_controller': CMAKE_PREFIX_PATH=${CMAKE_PREFIX_PATH}:/home/zhr/robot_arm/install/sim_motor_controller:/home/zhr/robot_arm/install/real_motor_controller:/opt/ros/humble /opt/st/stm32cubeclt_1.17.0/CMake/bin/cmake --build /home/zhr/robot_arm/build/arm_controller -- -j8 -l8
[1.086s] DEBUG:colcon.colcon_core.event_handler.log_command:Invoked command in '/home/zhr/robot_arm/build/arm_controller' returned '0': CMAKE_PREFIX_PATH=${CMAKE_PREFIX_PATH}:/home/zhr/robot_arm/install/sim_motor_controller:/home/zhr/robot_arm/install/real_motor_controller:/opt/ros/humble /opt/st/stm32cubeclt_1.17.0/CMake/bin/cmake --build /home/zhr/robot_arm/build/arm_controller -- -j8 -l8
[1.089s] DEBUG:colcon.colcon_core.event_handler.log_command:Invoking command in '/home/zhr/robot_arm/build/arm_controller': CMAKE_PREFIX_PATH=${CMAKE_PREFIX_PATH}:/home/zhr/robot_arm/install/sim_motor_controller:/home/zhr/robot_arm/install/real_motor_controller:/opt/ros/humble /opt/st/stm32cubeclt_1.17.0/CMake/bin/cmake --install /home/zhr/robot_arm/build/arm_controller
[1.097s] Level 1:colcon.colcon_core.environment:create_environment_scripts_only(arm_controller)
[1.098s] DEBUG:colcon.colcon_core.event_handler.log_command:Invoked command in '/home/zhr/robot_arm/build/arm_controller' returned '0': CMAKE_PREFIX_PATH=${CMAKE_PREFIX_PATH}:/home/zhr/robot_arm/install/sim_motor_controller:/home/zhr/robot_arm/install/real_motor_controller:/opt/ros/humble /opt/st/stm32cubeclt_1.17.0/CMake/bin/cmake --install /home/zhr/robot_arm/build/arm_controller
[1.100s] Level 1:colcon.colcon_core.environment:checking '/home/zhr/robot_arm/install/arm_controller' for CMake module files
[1.101s] Level 1:colcon.colcon_core.environment:checking '/home/zhr/robot_arm/install/arm_controller' for CMake config files
[1.101s] Level 1:colcon.colcon_core.shell:create_environment_hook('arm_controller', 'cmake_prefix_path')
[1.102s] INFO:colcon.colcon_core.shell:Creating environment hook '/home/zhr/robot_arm/install/arm_controller/share/arm_controller/hook/cmake_prefix_path.ps1'
[1.102s] INFO:colcon.colcon_core.shell:Creating environment descriptor '/home/zhr/robot_arm/install/arm_controller/share/arm_controller/hook/cmake_prefix_path.dsv'
[1.103s] INFO:colcon.colcon_core.shell:Creating environment hook '/home/zhr/robot_arm/install/arm_controller/share/arm_controller/hook/cmake_prefix_path.sh'
[1.103s] Level 1:colcon.colcon_core.environment:checking '/home/zhr/robot_arm/install/arm_controller/lib'
[1.104s] Level 1:colcon.colcon_core.environment:checking '/home/zhr/robot_arm/install/arm_controller/bin'
[1.104s] Level 1:colcon.colcon_core.environment:checking '/home/zhr/robot_arm/install/arm_controller/lib/pkgconfig/arm_controller.pc'
[1.104s] Level 1:colcon.colcon_core.environment:checking '/home/zhr/robot_arm/install/arm_controller/lib/python3.10/site-packages'
[1.104s] Level 1:colcon.colcon_core.environment:checking '/home/zhr/robot_arm/install/arm_controller/bin'
[1.105s] INFO:colcon.colcon_core.shell:Creating package script '/home/zhr/robot_arm/install/arm_controller/share/arm_controller/package.ps1'
[1.106s] INFO:colcon.colcon_core.shell:Creating package descriptor '/home/zhr/robot_arm/install/arm_controller/share/arm_controller/package.dsv'
[1.106s] INFO:colcon.colcon_core.shell:Creating package script '/home/zhr/robot_arm/install/arm_controller/share/arm_controller/package.sh'
[1.107s] INFO:colcon.colcon_core.shell:Creating package script '/home/zhr/robot_arm/install/arm_controller/share/arm_controller/package.bash'
[1.109s] INFO:colcon.colcon_core.shell:Creating package script '/home/zhr/robot_arm/install/arm_controller/share/arm_controller/package.zsh'
[1.111s] Level 1:colcon.colcon_core.environment:create_file_with_runtime_dependencies(/home/zhr/robot_arm/install/arm_controller/share/colcon-core/packages/arm_controller)
[1.112s] Level 1:colcon.colcon_core.environment:create_environment_scripts_only(arm_controller)
[1.112s] Level 1:colcon.colcon_core.environment:checking '/home/zhr/robot_arm/install/arm_controller' for CMake module files
[1.113s] Level 1:colcon.colcon_core.environment:checking '/home/zhr/robot_arm/install/arm_controller' for CMake config files
[1.113s] Level 1:colcon.colcon_core.shell:create_environment_hook('arm_controller', 'cmake_prefix_path')
[1.114s] INFO:colcon.colcon_core.shell:Creating environment hook '/home/zhr/robot_arm/install/arm_controller/share/arm_controller/hook/cmake_prefix_path.ps1'
[1.115s] INFO:colcon.colcon_core.shell:Creating environment descriptor '/home/zhr/robot_arm/install/arm_controller/share/arm_controller/hook/cmake_prefix_path.dsv'
[1.116s] INFO:colcon.colcon_core.shell:Creating environment hook '/home/zhr/robot_arm/install/arm_controller/share/arm_controller/hook/cmake_prefix_path.sh'
[1.116s] Level 1:colcon.colcon_core.environment:checking '/home/zhr/robot_arm/install/arm_controller/lib'
[1.116s] Level 1:colcon.colcon_core.environment:checking '/home/zhr/robot_arm/install/arm_controller/bin'
[1.116s] Level 1:colcon.colcon_core.environment:checking '/home/zhr/robot_arm/install/arm_controller/lib/pkgconfig/arm_controller.pc'
[1.117s] Level 1:colcon.colcon_core.environment:checking '/home/zhr/robot_arm/install/arm_controller/lib/python3.10/site-packages'
[1.117s] Level 1:colcon.colcon_core.environment:checking '/home/zhr/robot_arm/install/arm_controller/bin'
[1.118s] INFO:colcon.colcon_core.shell:Creating package script '/home/zhr/robot_arm/install/arm_controller/share/arm_controller/package.ps1'
[1.118s] INFO:colcon.colcon_core.shell:Creating package descriptor '/home/zhr/robot_arm/install/arm_controller/share/arm_controller/package.dsv'
[1.119s] INFO:colcon.colcon_core.shell:Creating package script '/home/zhr/robot_arm/install/arm_controller/share/arm_controller/package.sh'
[1.119s] INFO:colcon.colcon_core.shell:Creating package script '/home/zhr/robot_arm/install/arm_controller/share/arm_controller/package.bash'
[1.120s] INFO:colcon.colcon_core.shell:Creating package script '/home/zhr/robot_arm/install/arm_controller/share/arm_controller/package.zsh'
[1.120s] Level 1:colcon.colcon_core.environment:create_file_with_runtime_dependencies(/home/zhr/robot_arm/install/arm_controller/share/colcon-core/packages/arm_controller)
[1.395s] DEBUG:colcon.colcon_core.event_handler.log_command:Invoking command in '/home/zhr/robot_arm/src/sim_motor_controller': PYTHONPATH=/home/zhr/robot_arm/build/sim_motor_controller/prefix_override:/usr/lib/python3/dist-packages/colcon_core/task/python/colcon_distutils_commands:/home/zhr/robot_arm/install/sim_motor_controller/lib/python3.10/site-packages:${PYTHONPATH} /usr/bin/python3 -W ignore:setup.py install is deprecated -W ignore:easy_install command is deprecated setup.py egg_info --egg-base ../../build/sim_motor_controller build --build-base /home/zhr/robot_arm/build/sim_motor_controller/build install --record /home/zhr/robot_arm/build/sim_motor_controller/install.log --single-version-externally-managed install_data
[1.396s] DEBUG:colcon.colcon_core.event_handler.log_command:Invoking command in '/home/zhr/robot_arm/src/real_motor_controller': PYTHONPATH=/home/zhr/robot_arm/build/real_motor_controller/prefix_override:/usr/lib/python3/dist-packages/colcon_core/task/python/colcon_distutils_commands:/home/zhr/robot_arm/install/real_motor_controller/lib/python3.10/site-packages:${PYTHONPATH} /usr/bin/python3 -W ignore:setup.py install is deprecated -W ignore:easy_install command is deprecated setup.py egg_info --egg-base ../../build/real_motor_controller build --build-base /home/zhr/robot_arm/build/real_motor_controller/build install --record /home/zhr/robot_arm/build/real_motor_controller/install.log --single-version-externally-managed install_data
[1.686s] Level 1:colcon.colcon_core.environment:checking '/home/zhr/robot_arm/install/sim_motor_controller' for CMake module files
[1.686s] DEBUG:colcon.colcon_core.event_handler.log_command:Invoked command in '/home/zhr/robot_arm/src/sim_motor_controller' returned '0': PYTHONPATH=/home/zhr/robot_arm/build/sim_motor_controller/prefix_override:/usr/lib/python3/dist-packages/colcon_core/task/python/colcon_distutils_commands:/home/zhr/robot_arm/install/sim_motor_controller/lib/python3.10/site-packages:${PYTHONPATH} /usr/bin/python3 -W ignore:setup.py install is deprecated -W ignore:easy_install command is deprecated setup.py egg_info --egg-base ../../build/sim_motor_controller build --build-base /home/zhr/robot_arm/build/sim_motor_controller/build install --record /home/zhr/robot_arm/build/sim_motor_controller/install.log --single-version-externally-managed install_data
[1.687s] Level 1:colcon.colcon_core.environment:checking '/home/zhr/robot_arm/install/sim_motor_controller' for CMake config files
[1.687s] Level 1:colcon.colcon_core.environment:checking '/home/zhr/robot_arm/install/sim_motor_controller/lib'
[1.687s] Level 1:colcon.colcon_core.environment:checking '/home/zhr/robot_arm/install/sim_motor_controller/bin'
[1.687s] Level 1:colcon.colcon_core.environment:checking '/home/zhr/robot_arm/install/sim_motor_controller/lib/pkgconfig/sim_motor_controller.pc'
[1.687s] Level 1:colcon.colcon_core.environment:checking '/home/zhr/robot_arm/install/sim_motor_controller/lib/python3.10/site-packages'
[1.687s] Level 1:colcon.colcon_core.shell:create_environment_hook('sim_motor_controller', 'pythonpath')
[1.688s] INFO:colcon.colcon_core.shell:Creating environment hook '/home/zhr/robot_arm/install/sim_motor_controller/share/sim_motor_controller/hook/pythonpath.ps1'
[1.688s] INFO:colcon.colcon_core.shell:Creating environment descriptor '/home/zhr/robot_arm/install/sim_motor_controller/share/sim_motor_controller/hook/pythonpath.dsv'
[1.688s] INFO:colcon.colcon_core.shell:Creating environment hook '/home/zhr/robot_arm/install/sim_motor_controller/share/sim_motor_controller/hook/pythonpath.sh'
[1.689s] Level 1:colcon.colcon_core.environment:checking '/home/zhr/robot_arm/install/sim_motor_controller/bin'
[1.689s] Level 1:colcon.colcon_core.environment:create_environment_scripts_only(sim_motor_controller)
[1.689s] INFO:colcon.colcon_core.shell:Creating package script '/home/zhr/robot_arm/install/sim_motor_controller/share/sim_motor_controller/package.ps1'
[1.690s] INFO:colcon.colcon_core.shell:Creating package descriptor '/home/zhr/robot_arm/install/sim_motor_controller/share/sim_motor_controller/package.dsv'
[1.690s] INFO:colcon.colcon_core.shell:Creating package script '/home/zhr/robot_arm/install/sim_motor_controller/share/sim_motor_controller/package.sh'
[1.691s] INFO:colcon.colcon_core.shell:Creating package script '/home/zhr/robot_arm/install/sim_motor_controller/share/sim_motor_controller/package.bash'
[1.691s] INFO:colcon.colcon_core.shell:Creating package script '/home/zhr/robot_arm/install/sim_motor_controller/share/sim_motor_controller/package.zsh'
[1.691s] Level 1:colcon.colcon_core.environment:create_file_with_runtime_dependencies(/home/zhr/robot_arm/install/sim_motor_controller/share/colcon-core/packages/sim_motor_controller)
[1.692s] Level 1:colcon.colcon_core.environment:checking '/home/zhr/robot_arm/install/real_motor_controller' for CMake module files
[1.693s] DEBUG:colcon.colcon_core.event_handler.log_command:Invoked command in '/home/zhr/robot_arm/src/real_motor_controller' returned '0': PYTHONPATH=/home/zhr/robot_arm/build/real_motor_controller/prefix_override:/usr/lib/python3/dist-packages/colcon_core/task/python/colcon_distutils_commands:/home/zhr/robot_arm/install/real_motor_controller/lib/python3.10/site-packages:${PYTHONPATH} /usr/bin/python3 -W ignore:setup.py install is deprecated -W ignore:easy_install command is deprecated setup.py egg_info --egg-base ../../build/real_motor_controller build --build-base /home/zhr/robot_arm/build/real_motor_controller/build install --record /home/zhr/robot_arm/build/real_motor_controller/install.log --single-version-externally-managed install_data
[1.693s] Level 1:colcon.colcon_core.environment:checking '/home/zhr/robot_arm/install/real_motor_controller' for CMake config files
[1.693s] Level 1:colcon.colcon_core.environment:checking '/home/zhr/robot_arm/install/real_motor_controller/lib'
[1.693s] Level 1:colcon.colcon_core.environment:checking '/home/zhr/robot_arm/install/real_motor_controller/bin'
[1.693s] Level 1:colcon.colcon_core.environment:checking '/home/zhr/robot_arm/install/real_motor_controller/lib/pkgconfig/real_motor_controller.pc'
[1.694s] Level 1:colcon.colcon_core.environment:checking '/home/zhr/robot_arm/install/real_motor_controller/lib/python3.10/site-packages'
[1.694s] Level 1:colcon.colcon_core.shell:create_environment_hook('real_motor_controller', 'pythonpath')
[1.694s] INFO:colcon.colcon_core.shell:Creating environment hook '/home/zhr/robot_arm/install/real_motor_controller/share/real_motor_controller/hook/pythonpath.ps1'
[1.694s] INFO:colcon.colcon_core.shell:Creating environment descriptor '/home/zhr/robot_arm/install/real_motor_controller/share/real_motor_controller/hook/pythonpath.dsv'
[1.694s] INFO:colcon.colcon_core.shell:Creating environment hook '/home/zhr/robot_arm/install/real_motor_controller/share/real_motor_controller/hook/pythonpath.sh'
[1.695s] Level 1:colcon.colcon_core.environment:checking '/home/zhr/robot_arm/install/real_motor_controller/bin'
[1.695s] Level 1:colcon.colcon_core.environment:create_environment_scripts_only(real_motor_controller)
[1.695s] INFO:colcon.colcon_core.shell:Creating package script '/home/zhr/robot_arm/install/real_motor_controller/share/real_motor_controller/package.ps1'
[1.696s] INFO:colcon.colcon_core.shell:Creating package descriptor '/home/zhr/robot_arm/install/real_motor_controller/share/real_motor_controller/package.dsv'
[1.696s] INFO:colcon.colcon_core.shell:Creating package script '/home/zhr/robot_arm/install/real_motor_controller/share/real_motor_controller/package.sh'
[1.696s] INFO:colcon.colcon_core.shell:Creating package script '/home/zhr/robot_arm/install/real_motor_controller/share/real_motor_controller/package.bash'
[1.696s] INFO:colcon.colcon_core.shell:Creating package script '/home/zhr/robot_arm/install/real_motor_controller/share/real_motor_controller/package.zsh'
[1.697s] Level 1:colcon.colcon_core.environment:create_file_with_runtime_dependencies(/home/zhr/robot_arm/install/real_motor_controller/share/colcon-core/packages/real_motor_controller)
[1.697s] INFO:colcon.colcon_ros.task.ament_cmake.build:Building ROS package in '/home/zhr/robot_arm/src/arm_bringup' with build type 'ament_cmake'
[1.697s] INFO:colcon.colcon_cmake.task.cmake.build:Building CMake package in '/home/zhr/robot_arm/src/arm_bringup'
[1.697s] INFO:colcon.colcon_core.shell:Skip shell extension 'powershell' for command environment: Not usable outside of PowerShell
[1.698s] DEBUG:colcon.colcon_core.shell:Skip shell extension 'dsv' for command environment
[1.711s] DEBUG:colcon.colcon_core.event_handler.log_command:Invoking command in '/home/zhr/robot_arm/build/arm_bringup': AMENT_PREFIX_PATH=/home/zhr/robot_arm/install/sim_motor_controller:/home/zhr/robot_arm/install/real_motor_controller:/home/zhr/robot_arm/install/arm_bringup:/home/zhr/robot_arm/install/arm_controller:/opt/ros/humble CMAKE_PREFIX_PATH=/home/zhr/robot_arm/install/arm_controller:/home/zhr/robot_arm/install/arm_bringup:/home/zhr/robot_arm/install/sim_motor_controller:/home/zhr/robot_arm/install/real_motor_controller:/opt/ros/humble PYTHONPATH=/home/zhr/robot_arm/install/sim_motor_controller/lib/python3.10/site-packages:/home/zhr/robot_arm/install/real_motor_controller/lib/python3.10/site-packages:/home/zhr/robot_arm/build/sim_motor_controller/src:/home/zhr/robot_arm/build/real_motor_controller/src:/opt/ros/humble/lib/python3.10/site-packages:/opt/ros/humble/local/lib/python3.10/dist-packages /opt/st/stm32cubeclt_1.17.0/CMake/bin/cmake /home/zhr/robot_arm/src/arm_bringup -DCMAKE_INSTALL_PREFIX=/home/zhr/robot_arm/install/arm_bringup
[1.973s] DEBUG:colcon.colcon_core.event_handler.log_command:Invoked command in '/home/zhr/robot_arm/build/arm_bringup' returned '0': AMENT_PREFIX_PATH=/home/zhr/robot_arm/install/sim_motor_controller:/home/zhr/robot_arm/install/real_motor_controller:/home/zhr/robot_arm/install/arm_bringup:/home/zhr/robot_arm/install/arm_controller:/opt/ros/humble CMAKE_PREFIX_PATH=/home/zhr/robot_arm/install/arm_controller:/home/zhr/robot_arm/install/arm_bringup:/home/zhr/robot_arm/install/sim_motor_controller:/home/zhr/robot_arm/install/real_motor_controller:/opt/ros/humble PYTHONPATH=/home/zhr/robot_arm/install/sim_motor_controller/lib/python3.10/site-packages:/home/zhr/robot_arm/install/real_motor_controller/lib/python3.10/site-packages:/home/zhr/robot_arm/build/sim_motor_controller/src:/home/zhr/robot_arm/build/real_motor_controller/src:/opt/ros/humble/lib/python3.10/site-packages:/opt/ros/humble/local/lib/python3.10/dist-packages /opt/st/stm32cubeclt_1.17.0/CMake/bin/cmake /home/zhr/robot_arm/src/arm_bringup -DCMAKE_INSTALL_PREFIX=/home/zhr/robot_arm/install/arm_bringup
[1.974s] DEBUG:colcon.colcon_core.event_handler.log_command:Invoking command in '/home/zhr/robot_arm/build/arm_bringup': AMENT_PREFIX_PATH=/home/zhr/robot_arm/install/sim_motor_controller:/home/zhr/robot_arm/install/real_motor_controller:/home/zhr/robot_arm/install/arm_bringup:/home/zhr/robot_arm/install/arm_controller:/opt/ros/humble CMAKE_PREFIX_PATH=/home/zhr/robot_arm/install/arm_controller:/home/zhr/robot_arm/install/arm_bringup:/home/zhr/robot_arm/install/sim_motor_controller:/home/zhr/robot_arm/install/real_motor_controller:/opt/ros/humble PYTHONPATH=/home/zhr/robot_arm/install/sim_motor_controller/lib/python3.10/site-packages:/home/zhr/robot_arm/install/real_motor_controller/lib/python3.10/site-packages:/home/zhr/robot_arm/build/sim_motor_controller/src:/home/zhr/robot_arm/build/real_motor_controller/src:/opt/ros/humble/lib/python3.10/site-packages:/opt/ros/humble/local/lib/python3.10/dist-packages /opt/st/stm32cubeclt_1.17.0/CMake/bin/cmake --build /home/zhr/robot_arm/build/arm_bringup -- -j8 -l8
[1.984s] DEBUG:colcon.colcon_core.event_handler.log_command:Invoked command in '/home/zhr/robot_arm/build/arm_bringup' returned '0': AMENT_PREFIX_PATH=/home/zhr/robot_arm/install/sim_motor_controller:/home/zhr/robot_arm/install/real_motor_controller:/home/zhr/robot_arm/install/arm_bringup:/home/zhr/robot_arm/install/arm_controller:/opt/ros/humble CMAKE_PREFIX_PATH=/home/zhr/robot_arm/install/arm_controller:/home/zhr/robot_arm/install/arm_bringup:/home/zhr/robot_arm/install/sim_motor_controller:/home/zhr/robot_arm/install/real_motor_controller:/opt/ros/humble PYTHONPATH=/home/zhr/robot_arm/install/sim_motor_controller/lib/python3.10/site-packages:/home/zhr/robot_arm/install/real_motor_controller/lib/python3.10/site-packages:/home/zhr/robot_arm/build/sim_motor_controller/src:/home/zhr/robot_arm/build/real_motor_controller/src:/opt/ros/humble/lib/python3.10/site-packages:/opt/ros/humble/local/lib/python3.10/dist-packages /opt/st/stm32cubeclt_1.17.0/CMake/bin/cmake --build /home/zhr/robot_arm/build/arm_bringup -- -j8 -l8
[1.986s] DEBUG:colcon.colcon_core.event_handler.log_command:Invoking command in '/home/zhr/robot_arm/build/arm_bringup': AMENT_PREFIX_PATH=/home/zhr/robot_arm/install/sim_motor_controller:/home/zhr/robot_arm/install/real_motor_controller:/home/zhr/robot_arm/install/arm_bringup:/home/zhr/robot_arm/install/arm_controller:/opt/ros/humble CMAKE_PREFIX_PATH=/home/zhr/robot_arm/install/arm_controller:/home/zhr/robot_arm/install/arm_bringup:/home/zhr/robot_arm/install/sim_motor_controller:/home/zhr/robot_arm/install/real_motor_controller:/opt/ros/humble PYTHONPATH=/home/zhr/robot_arm/install/sim_motor_controller/lib/python3.10/site-packages:/home/zhr/robot_arm/install/real_motor_controller/lib/python3.10/site-packages:/home/zhr/robot_arm/build/sim_motor_controller/src:/home/zhr/robot_arm/build/real_motor_controller/src:/opt/ros/humble/lib/python3.10/site-packages:/opt/ros/humble/local/lib/python3.10/dist-packages /opt/st/stm32cubeclt_1.17.0/CMake/bin/cmake --install /home/zhr/robot_arm/build/arm_bringup
[1.999s] Level 1:colcon.colcon_core.environment:create_environment_scripts_only(arm_bringup)
[1.999s] Level 1:colcon.colcon_core.environment:checking '/home/zhr/robot_arm/install/arm_bringup' for CMake module files
[1.999s] DEBUG:colcon.colcon_core.event_handler.log_command:Invoked command in '/home/zhr/robot_arm/build/arm_bringup' returned '0': AMENT_PREFIX_PATH=/home/zhr/robot_arm/install/sim_motor_controller:/home/zhr/robot_arm/install/real_motor_controller:/home/zhr/robot_arm/install/arm_bringup:/home/zhr/robot_arm/install/arm_controller:/opt/ros/humble CMAKE_PREFIX_PATH=/home/zhr/robot_arm/install/arm_controller:/home/zhr/robot_arm/install/arm_bringup:/home/zhr/robot_arm/install/sim_motor_controller:/home/zhr/robot_arm/install/real_motor_controller:/opt/ros/humble PYTHONPATH=/home/zhr/robot_arm/install/sim_motor_controller/lib/python3.10/site-packages:/home/zhr/robot_arm/install/real_motor_controller/lib/python3.10/site-packages:/home/zhr/robot_arm/build/sim_motor_controller/src:/home/zhr/robot_arm/build/real_motor_controller/src:/opt/ros/humble/lib/python3.10/site-packages:/opt/ros/humble/local/lib/python3.10/dist-packages /opt/st/stm32cubeclt_1.17.0/CMake/bin/cmake --install /home/zhr/robot_arm/build/arm_bringup
[2.000s] Level 1:colcon.colcon_core.environment:checking '/home/zhr/robot_arm/install/arm_bringup' for CMake config files
[2.000s] Level 1:colcon.colcon_core.shell:create_environment_hook('arm_bringup', 'cmake_prefix_path')
[2.000s] INFO:colcon.colcon_core.shell:Creating environment hook '/home/zhr/robot_arm/install/arm_bringup/share/arm_bringup/hook/cmake_prefix_path.ps1'
[2.001s] INFO:colcon.colcon_core.shell:Creating environment descriptor '/home/zhr/robot_arm/install/arm_bringup/share/arm_bringup/hook/cmake_prefix_path.dsv'
[2.001s] INFO:colcon.colcon_core.shell:Creating environment hook '/home/zhr/robot_arm/install/arm_bringup/share/arm_bringup/hook/cmake_prefix_path.sh'
[2.001s] Level 1:colcon.colcon_core.environment:checking '/home/zhr/robot_arm/install/arm_bringup/bin'
[2.001s] Level 1:colcon.colcon_core.environment:checking '/home/zhr/robot_arm/install/arm_bringup/lib/pkgconfig/arm_bringup.pc'
[2.002s] Level 1:colcon.colcon_core.environment:checking '/home/zhr/robot_arm/install/arm_bringup/lib/python3.10/site-packages'
[2.002s] Level 1:colcon.colcon_core.environment:checking '/home/zhr/robot_arm/install/arm_bringup/bin'
[2.002s] INFO:colcon.colcon_core.shell:Creating package script '/home/zhr/robot_arm/install/arm_bringup/share/arm_bringup/package.ps1'
[2.002s] INFO:colcon.colcon_core.shell:Creating package descriptor '/home/zhr/robot_arm/install/arm_bringup/share/arm_bringup/package.dsv'
[2.003s] INFO:colcon.colcon_core.shell:Creating package script '/home/zhr/robot_arm/install/arm_bringup/share/arm_bringup/package.sh'
[2.003s] INFO:colcon.colcon_core.shell:Creating package script '/home/zhr/robot_arm/install/arm_bringup/share/arm_bringup/package.bash'
[2.003s] INFO:colcon.colcon_core.shell:Creating package script '/home/zhr/robot_arm/install/arm_bringup/share/arm_bringup/package.zsh'
[2.004s] Level 1:colcon.colcon_core.environment:create_file_with_runtime_dependencies(/home/zhr/robot_arm/install/arm_bringup/share/colcon-core/packages/arm_bringup)
[2.004s] Level 1:colcon.colcon_core.environment:create_environment_scripts_only(arm_bringup)
[2.004s] Level 1:colcon.colcon_core.environment:checking '/home/zhr/robot_arm/install/arm_bringup' for CMake module files
[2.005s] Level 1:colcon.colcon_core.environment:checking '/home/zhr/robot_arm/install/arm_bringup' for CMake config files
[2.005s] Level 1:colcon.colcon_core.shell:create_environment_hook('arm_bringup', 'cmake_prefix_path')
[2.005s] INFO:colcon.colcon_core.shell:Creating environment hook '/home/zhr/robot_arm/install/arm_bringup/share/arm_bringup/hook/cmake_prefix_path.ps1'
[2.006s] INFO:colcon.colcon_core.shell:Creating environment descriptor '/home/zhr/robot_arm/install/arm_bringup/share/arm_bringup/hook/cmake_prefix_path.dsv'
[2.006s] INFO:colcon.colcon_core.shell:Creating environment hook '/home/zhr/robot_arm/install/arm_bringup/share/arm_bringup/hook/cmake_prefix_path.sh'
[2.006s] Level 1:colcon.colcon_core.environment:checking '/home/zhr/robot_arm/install/arm_bringup/bin'
[2.006s] Level 1:colcon.colcon_core.environment:checking '/home/zhr/robot_arm/install/arm_bringup/lib/pkgconfig/arm_bringup.pc'
[2.007s] Level 1:colcon.colcon_core.environment:checking '/home/zhr/robot_arm/install/arm_bringup/lib/python3.10/site-packages'
[2.007s] Level 1:colcon.colcon_core.environment:checking '/home/zhr/robot_arm/install/arm_bringup/bin'
[2.007s] INFO:colcon.colcon_core.shell:Creating package script '/home/zhr/robot_arm/install/arm_bringup/share/arm_bringup/package.ps1'
[2.008s] INFO:colcon.colcon_core.shell:Creating package descriptor '/home/zhr/robot_arm/install/arm_bringup/share/arm_bringup/package.dsv'
[2.008s] INFO:colcon.colcon_core.shell:Creating package script '/home/zhr/robot_arm/install/arm_bringup/share/arm_bringup/package.sh'
[2.008s] INFO:colcon.colcon_core.shell:Creating package script '/home/zhr/robot_arm/install/arm_bringup/share/arm_bringup/package.bash'
[2.009s] INFO:colcon.colcon_core.shell:Creating package script '/home/zhr/robot_arm/install/arm_bringup/share/arm_bringup/package.zsh'
[2.009s] Level 1:colcon.colcon_core.environment:create_file_with_runtime_dependencies(/home/zhr/robot_arm/install/arm_bringup/share/colcon-core/packages/arm_bringup)
[2.009s] DEBUG:colcon.colcon_parallel_executor.executor.parallel:closing loop
[2.010s] DEBUG:colcon.colcon_parallel_executor.executor.parallel:loop closed
[2.010s] DEBUG:colcon.colcon_parallel_executor.executor.parallel:run_until_complete finished with '0'
[2.010s] DEBUG:colcon.colcon_core.event_reactor:joining thread
[2.017s] INFO:colcon.colcon_core.plugin_system:Skipping extension 'colcon_notification.desktop_notification.terminal_notifier': Not used on non-Darwin systems
[2.017s] INFO:colcon.colcon_core.plugin_system:Skipping extension 'colcon_notification.desktop_notification.win32': Not used on non-Windows systems
[2.017s] INFO:colcon.colcon_notification.desktop_notification:Sending desktop notification using 'notify2'
[2.026s] DEBUG:colcon.colcon_core.event_reactor:joined thread
[2.026s] INFO:colcon.colcon_core.shell:Creating prefix script '/home/zhr/robot_arm/install/local_setup.ps1'
[2.027s] INFO:colcon.colcon_core.shell:Creating prefix util module '/home/zhr/robot_arm/install/_local_setup_util_ps1.py'
[2.029s] INFO:colcon.colcon_core.shell:Creating prefix chain script '/home/zhr/robot_arm/install/setup.ps1'
[2.030s] INFO:colcon.colcon_core.shell:Creating prefix script '/home/zhr/robot_arm/install/local_setup.sh'
[2.031s] INFO:colcon.colcon_core.shell:Creating prefix util module '/home/zhr/robot_arm/install/_local_setup_util_sh.py'
[2.031s] INFO:colcon.colcon_core.shell:Creating prefix chain script '/home/zhr/robot_arm/install/setup.sh'
[2.032s] INFO:colcon.colcon_core.shell:Creating prefix script '/home/zhr/robot_arm/install/local_setup.bash'
[2.033s] INFO:colcon.colcon_core.shell:Creating prefix chain script '/home/zhr/robot_arm/install/setup.bash'
[2.034s] INFO:colcon.colcon_core.shell:Creating prefix script '/home/zhr/robot_arm/install/local_setup.zsh'
[2.035s] INFO:colcon.colcon_core.shell:Creating prefix chain script '/home/zhr/robot_arm/install/setup.zsh'
