[0.018s] Invoking command in '/home/zhr/robot_arm/build/arm_controller': CMAKE_PREFIX_PATH=/opt/ros/humble /opt/st/stm32cubeclt_1.17.0/CMake/bin/cmake --build /home/zhr/robot_arm/build/arm_controller -- -j8 -l8
[0.081s] [ 25%] Building CXX object CMakeFiles/arm_controller_node.dir/src/arm_controller_node.cpp.o
[25.513s] [ 50%] Linking CXX executable arm_controller_node
[27.215s] [100%] Built target arm_controller_node
[27.228s] Invoked command in '/home/zhr/robot_arm/build/arm_controller' returned '0': CMAKE_PREFIX_PATH=/opt/ros/humble /opt/st/stm32cubeclt_1.17.0/CMake/bin/cmake --build /home/zhr/robot_arm/build/arm_controller -- -j8 -l8
[27.232s] Invoking command in '/home/zhr/robot_arm/build/arm_controller': CMAKE_PREFIX_PATH=/opt/ros/humble /opt/st/stm32cubeclt_1.17.0/CMake/bin/cmake --install /home/zhr/robot_arm/build/arm_controller
[27.234s] -- Install configuration: ""
[27.235s] -- Execute custom install script
[27.235s] -- Up-to-date symlink: /home/zhr/robot_arm/install/arm_controller/lib/arm_controller/arm_controller_node
[27.235s] -- Up-to-date symlink: /home/zhr/robot_arm/install/arm_controller/share/arm_controller/config/arm_controller.yaml
[27.236s] -- Up-to-date symlink: /home/zhr/robot_arm/install/arm_controller/share/ament_index/resource_index/package_run_dependencies/arm_controller
[27.236s] -- Up-to-date symlink: /home/zhr/robot_arm/install/arm_controller/share/ament_index/resource_index/parent_prefix_path/arm_controller
[27.236s] -- Up-to-date symlink: /home/zhr/robot_arm/install/arm_controller/share/arm_controller/environment/ament_prefix_path.sh
[27.236s] -- Up-to-date symlink: /home/zhr/robot_arm/install/arm_controller/share/arm_controller/environment/ament_prefix_path.dsv
[27.237s] -- Up-to-date symlink: /home/zhr/robot_arm/install/arm_controller/share/arm_controller/environment/path.sh
[27.237s] -- Up-to-date symlink: /home/zhr/robot_arm/install/arm_controller/share/arm_controller/environment/path.dsv
[27.237s] -- Up-to-date symlink: /home/zhr/robot_arm/install/arm_controller/share/arm_controller/local_setup.bash
[27.237s] -- Up-to-date symlink: /home/zhr/robot_arm/install/arm_controller/share/arm_controller/local_setup.sh
[27.238s] -- Up-to-date symlink: /home/zhr/robot_arm/install/arm_controller/share/arm_controller/local_setup.zsh
[27.242s] -- Up-to-date symlink: /home/zhr/robot_arm/install/arm_controller/share/arm_controller/local_setup.dsv
[27.242s] -- Symlinking: /home/zhr/robot_arm/install/arm_controller/share/arm_controller/package.dsv
[27.245s] -- Up-to-date symlink: /home/zhr/robot_arm/install/arm_controller/share/ament_index/resource_index/packages/arm_controller
[27.245s] -- Up-to-date symlink: /home/zhr/robot_arm/install/arm_controller/share/arm_controller/cmake/arm_controllerConfig.cmake
[27.246s] -- Up-to-date symlink: /home/zhr/robot_arm/install/arm_controller/share/arm_controller/cmake/arm_controllerConfig-version.cmake
[27.246s] -- Up-to-date symlink: /home/zhr/robot_arm/install/arm_controller/share/arm_controller/package.xml
[27.247s] Invoked command in '/home/zhr/robot_arm/build/arm_controller' returned '0': CMAKE_PREFIX_PATH=/opt/ros/humble /opt/st/stm32cubeclt_1.17.0/CMake/bin/cmake --install /home/zhr/robot_arm/build/arm_controller
