running egg_info
creating ../../build/real_motor_controller/real_motor_controller.egg-info
writing ../../build/real_motor_controller/real_motor_controller.egg-info/PKG-INFO
writing dependency_links to ../../build/real_motor_controller/real_motor_controller.egg-info/dependency_links.txt
writing entry points to ../../build/real_motor_controller/real_motor_controller.egg-info/entry_points.txt
writing requirements to ../../build/real_motor_controller/real_motor_controller.egg-info/requires.txt
writing top-level names to ../../build/real_motor_controller/real_motor_controller.egg-info/top_level.txt
writing manifest file '../../build/real_motor_controller/real_motor_controller.egg-info/SOURCES.txt'
reading manifest file '../../build/real_motor_controller/real_motor_controller.egg-info/SOURCES.txt'
writing manifest file '../../build/real_motor_controller/real_motor_controller.egg-info/SOURCES.txt'
running build
running build_py
creating /home/zhr/robot_arm/build/real_motor_controller/build
creating /home/zhr/robot_arm/build/real_motor_controller/build/lib
creating /home/zhr/robot_arm/build/real_motor_controller/build/lib/real_motor_controller
copying src/real_motor_controller/start_motor_node.py -> /home/zhr/robot_arm/build/real_motor_controller/build/lib/real_motor_controller
copying src/real_motor_controller/ros_params.py -> /home/zhr/robot_arm/build/real_motor_controller/build/lib/real_motor_controller
copying src/real_motor_controller/query_motor_node.py -> /home/zhr/robot_arm/build/real_motor_controller/build/lib/real_motor_controller
copying src/real_motor_controller/__init__.py -> /home/zhr/robot_arm/build/real_motor_controller/build/lib/real_motor_controller
copying src/real_motor_controller/dm_protocol.py -> /home/zhr/robot_arm/build/real_motor_controller/build/lib/real_motor_controller
copying src/real_motor_controller/usbcan_serial.py -> /home/zhr/robot_arm/build/real_motor_controller/build/lib/real_motor_controller
running install
running install_lib
creating /home/zhr/robot_arm/install/real_motor_controller/lib/python3.10/site-packages/real_motor_controller
copying /home/zhr/robot_arm/build/real_motor_controller/build/lib/real_motor_controller/start_motor_node.py -> /home/zhr/robot_arm/install/real_motor_controller/lib/python3.10/site-packages/real_motor_controller
copying /home/zhr/robot_arm/build/real_motor_controller/build/lib/real_motor_controller/ros_params.py -> /home/zhr/robot_arm/install/real_motor_controller/lib/python3.10/site-packages/real_motor_controller
copying /home/zhr/robot_arm/build/real_motor_controller/build/lib/real_motor_controller/query_motor_node.py -> /home/zhr/robot_arm/install/real_motor_controller/lib/python3.10/site-packages/real_motor_controller
copying /home/zhr/robot_arm/build/real_motor_controller/build/lib/real_motor_controller/__init__.py -> /home/zhr/robot_arm/install/real_motor_controller/lib/python3.10/site-packages/real_motor_controller
copying /home/zhr/robot_arm/build/real_motor_controller/build/lib/real_motor_controller/dm_protocol.py -> /home/zhr/robot_arm/install/real_motor_controller/lib/python3.10/site-packages/real_motor_controller
copying /home/zhr/robot_arm/build/real_motor_controller/build/lib/real_motor_controller/usbcan_serial.py -> /home/zhr/robot_arm/install/real_motor_controller/lib/python3.10/site-packages/real_motor_controller
byte-compiling /home/zhr/robot_arm/install/real_motor_controller/lib/python3.10/site-packages/real_motor_controller/start_motor_node.py to start_motor_node.cpython-310.pyc
byte-compiling /home/zhr/robot_arm/install/real_motor_controller/lib/python3.10/site-packages/real_motor_controller/ros_params.py to ros_params.cpython-310.pyc
byte-compiling /home/zhr/robot_arm/install/real_motor_controller/lib/python3.10/site-packages/real_motor_controller/query_motor_node.py to query_motor_node.cpython-310.pyc
byte-compiling /home/zhr/robot_arm/install/real_motor_controller/lib/python3.10/site-packages/real_motor_controller/__init__.py to __init__.cpython-310.pyc
byte-compiling /home/zhr/robot_arm/install/real_motor_controller/lib/python3.10/site-packages/real_motor_controller/dm_protocol.py to dm_protocol.cpython-310.pyc
byte-compiling /home/zhr/robot_arm/install/real_motor_controller/lib/python3.10/site-packages/real_motor_controller/usbcan_serial.py to usbcan_serial.cpython-310.pyc
running install_data
running install_egg_info
Copying ../../build/real_motor_controller/real_motor_controller.egg-info to /home/zhr/robot_arm/install/real_motor_controller/lib/python3.10/site-packages/real_motor_controller-0.1.0-py3.10.egg-info
running install_scripts
Installing real_motor_controller_node script to /home/zhr/robot_arm/install/real_motor_controller/lib/real_motor_controller
Installing real_query_motor_node script to /home/zhr/robot_arm/install/real_motor_controller/lib/real_motor_controller
writing list of installed files to '/home/zhr/robot_arm/build/real_motor_controller/install.log'
