[0.091s] DEBUG:colcon:Command line arguments: ['/usr/bin/colcon', 'build', '--packages-select', 'arm_controller', 'arm_bringup', '--symlink-install']
[0.091s] DEBUG:colcon:Parsed command line arguments: Namespace(log_base=None, log_level=None, verb_name='build', build_base='build', install_base='install', merge_install=False, symlink_install=True, test_result_base=None, continue_on_error=False, executor='parallel', parallel_workers=8, event_handlers=None, ignore_user_meta=False, metas=['./colcon.meta'], base_paths=['.'], packages_ignore=None, packages_ignore_regex=None, paths=None, packages_up_to=None, packages_up_to_regex=None, packages_above=None, packages_above_and_dependencies=None, packages_above_depth=None, packages_select_by_dep=None, packages_skip_by_dep=None, packages_skip_up_to=None, packages_select_build_failed=False, packages_skip_build_finished=False, packages_select_test_failures=False, packages_skip_test_passed=False, packages_select=['arm_controller', 'arm_bringup'], packages_skip=None, packages_select_regex=None, packages_skip_regex=None, packages_start=None, packages_end=None, allow_overriding=[], cmake_args=None, cmake_target=None, cmake_target_skip_unavailable=False, cmake_clean_cache=False, cmake_clean_first=False, cmake_force_configure=False, ament_cmake_args=None, catkin_cmake_args=None, catkin_skip_building_tests=False, verb_parser=<colcon_defaults.argument_parser.defaults.DefaultArgumentsDecorator object at 0x78c07c311630>, verb_extension=<colcon_core.verb.build.BuildVerb object at 0x78c07c3111b0>, main=<bound method BuildVerb.main of <colcon_core.verb.build.BuildVerb object at 0x78c07c3111b0>>)
[0.266s] Level 1:colcon.colcon_core.package_discovery:discover_packages(colcon_meta) check parameters
[0.266s] Level 1:colcon.colcon_core.package_discovery:discover_packages(recursive) check parameters
[0.266s] Level 1:colcon.colcon_core.package_discovery:discover_packages(ignore) check parameters
[0.266s] Level 1:colcon.colcon_core.package_discovery:discover_packages(path) check parameters
[0.266s] Level 1:colcon.colcon_core.package_discovery:discover_packages(colcon_meta) discover
[0.266s] Level 1:colcon.colcon_core.package_discovery:discover_packages(recursive) discover
[0.266s] INFO:colcon.colcon_core.package_discovery:Crawling recursively for packages in '/home/zhr/robot_arm'
[0.266s] Level 1:colcon.colcon_core.package_identification:_identify(.) by extensions ['ignore', 'ignore_ament_install']
[0.266s] Level 1:colcon.colcon_core.package_identification:_identify(.) by extension 'ignore'
[0.266s] Level 1:colcon.colcon_core.package_identification:_identify(.) by extension 'ignore_ament_install'
[0.266s] Level 1:colcon.colcon_core.package_identification:_identify(.) by extensions ['colcon_pkg']
[0.266s] Level 1:colcon.colcon_core.package_identification:_identify(.) by extension 'colcon_pkg'
[0.266s] Level 1:colcon.colcon_core.package_identification:_identify(.) by extensions ['colcon_meta']
[0.267s] Level 1:colcon.colcon_core.package_identification:_identify(.) by extension 'colcon_meta'
[0.267s] Level 1:colcon.colcon_core.package_identification:_identify(.) by extensions ['ros']
[0.267s] Level 1:colcon.colcon_core.package_identification:_identify(.) by extension 'ros'
[0.277s] Level 1:colcon.colcon_core.package_identification:_identify(.) by extensions ['cmake', 'python']
[0.277s] Level 1:colcon.colcon_core.package_identification:_identify(.) by extension 'cmake'
[0.277s] Level 1:colcon.colcon_core.package_identification:_identify(.) by extension 'python'
[0.277s] Level 1:colcon.colcon_core.package_identification:_identify(.) by extensions ['python_setup_py']
[0.277s] Level 1:colcon.colcon_core.package_identification:_identify(.) by extension 'python_setup_py'
[0.278s] Level 1:colcon.colcon_core.package_identification:_identify(build) by extensions ['ignore', 'ignore_ament_install']
[0.278s] Level 1:colcon.colcon_core.package_identification:_identify(build) by extension 'ignore'
[0.278s] Level 1:colcon.colcon_core.package_identification:_identify(build) ignored
[0.278s] Level 1:colcon.colcon_core.package_identification:_identify(install) by extensions ['ignore', 'ignore_ament_install']
[0.278s] Level 1:colcon.colcon_core.package_identification:_identify(install) by extension 'ignore'
[0.278s] Level 1:colcon.colcon_core.package_identification:_identify(install) ignored
[0.278s] Level 1:colcon.colcon_core.package_identification:_identify(log) by extensions ['ignore', 'ignore_ament_install']
[0.278s] Level 1:colcon.colcon_core.package_identification:_identify(log) by extension 'ignore'
[0.278s] Level 1:colcon.colcon_core.package_identification:_identify(log) ignored
[0.278s] Level 1:colcon.colcon_core.package_identification:_identify(src) by extensions ['ignore', 'ignore_ament_install']
[0.278s] Level 1:colcon.colcon_core.package_identification:_identify(src) by extension 'ignore'
[0.278s] Level 1:colcon.colcon_core.package_identification:_identify(src) by extension 'ignore_ament_install'
[0.278s] Level 1:colcon.colcon_core.package_identification:_identify(src) by extensions ['colcon_pkg']
[0.278s] Level 1:colcon.colcon_core.package_identification:_identify(src) by extension 'colcon_pkg'
[0.278s] Level 1:colcon.colcon_core.package_identification:_identify(src) by extensions ['colcon_meta']
[0.278s] Level 1:colcon.colcon_core.package_identification:_identify(src) by extension 'colcon_meta'
[0.278s] Level 1:colcon.colcon_core.package_identification:_identify(src) by extensions ['ros']
[0.278s] Level 1:colcon.colcon_core.package_identification:_identify(src) by extension 'ros'
[0.279s] Level 1:colcon.colcon_core.package_identification:_identify(src) by extensions ['cmake', 'python']
[0.279s] Level 1:colcon.colcon_core.package_identification:_identify(src) by extension 'cmake'
[0.279s] Level 1:colcon.colcon_core.package_identification:_identify(src) by extension 'python'
[0.279s] Level 1:colcon.colcon_core.package_identification:_identify(src) by extensions ['python_setup_py']
[0.279s] Level 1:colcon.colcon_core.package_identification:_identify(src) by extension 'python_setup_py'
[0.279s] Level 1:colcon.colcon_core.package_identification:_identify(src/arm_bringup) by extensions ['ignore', 'ignore_ament_install']
[0.279s] Level 1:colcon.colcon_core.package_identification:_identify(src/arm_bringup) by extension 'ignore'
[0.279s] Level 1:colcon.colcon_core.package_identification:_identify(src/arm_bringup) by extension 'ignore_ament_install'
[0.279s] Level 1:colcon.colcon_core.package_identification:_identify(src/arm_bringup) by extensions ['colcon_pkg']
[0.279s] Level 1:colcon.colcon_core.package_identification:_identify(src/arm_bringup) by extension 'colcon_pkg'
[0.279s] Level 1:colcon.colcon_core.package_identification:_identify(src/arm_bringup) by extensions ['colcon_meta']
[0.279s] Level 1:colcon.colcon_core.package_identification:_identify(src/arm_bringup) by extension 'colcon_meta'
[0.279s] Level 1:colcon.colcon_core.package_identification:_identify(src/arm_bringup) by extensions ['ros']
[0.279s] Level 1:colcon.colcon_core.package_identification:_identify(src/arm_bringup) by extension 'ros'
[0.281s] DEBUG:colcon.colcon_core.package_identification:Package 'src/arm_bringup' with type 'ros.ament_cmake' and name 'arm_bringup'
[0.281s] Level 1:colcon.colcon_core.package_identification:_identify(src/arm_controller) by extensions ['ignore', 'ignore_ament_install']
[0.281s] Level 1:colcon.colcon_core.package_identification:_identify(src/arm_controller) by extension 'ignore'
[0.281s] Level 1:colcon.colcon_core.package_identification:_identify(src/arm_controller) by extension 'ignore_ament_install'
[0.281s] Level 1:colcon.colcon_core.package_identification:_identify(src/arm_controller) by extensions ['colcon_pkg']
[0.281s] Level 1:colcon.colcon_core.package_identification:_identify(src/arm_controller) by extension 'colcon_pkg'
[0.281s] Level 1:colcon.colcon_core.package_identification:_identify(src/arm_controller) by extensions ['colcon_meta']
[0.281s] Level 1:colcon.colcon_core.package_identification:_identify(src/arm_controller) by extension 'colcon_meta'
[0.281s] Level 1:colcon.colcon_core.package_identification:_identify(src/arm_controller) by extensions ['ros']
[0.282s] Level 1:colcon.colcon_core.package_identification:_identify(src/arm_controller) by extension 'ros'
[0.282s] DEBUG:colcon.colcon_core.package_identification:Package 'src/arm_controller' with type 'ros.ament_cmake' and name 'arm_controller'
[0.282s] Level 1:colcon.colcon_core.package_identification:_identify(src/real_motor_controller) by extensions ['ignore', 'ignore_ament_install']
[0.282s] Level 1:colcon.colcon_core.package_identification:_identify(src/real_motor_controller) by extension 'ignore'
[0.282s] Level 1:colcon.colcon_core.package_identification:_identify(src/real_motor_controller) by extension 'ignore_ament_install'
[0.282s] Level 1:colcon.colcon_core.package_identification:_identify(src/real_motor_controller) by extensions ['colcon_pkg']
[0.283s] Level 1:colcon.colcon_core.package_identification:_identify(src/real_motor_controller) by extension 'colcon_pkg'
[0.283s] Level 1:colcon.colcon_core.package_identification:_identify(src/real_motor_controller) by extensions ['colcon_meta']
[0.283s] Level 1:colcon.colcon_core.package_identification:_identify(src/real_motor_controller) by extension 'colcon_meta'
[0.283s] Level 1:colcon.colcon_core.package_identification:_identify(src/real_motor_controller) by extensions ['ros']
[0.283s] Level 1:colcon.colcon_core.package_identification:_identify(src/real_motor_controller) by extension 'ros'
[0.283s] DEBUG:colcon.colcon_core.package_identification:Package 'src/real_motor_controller' with type 'ros.ament_python' and name 'real_motor_controller'
[0.283s] Level 1:colcon.colcon_core.package_identification:_identify(src/sim_motor_controller) by extensions ['ignore', 'ignore_ament_install']
[0.283s] Level 1:colcon.colcon_core.package_identification:_identify(src/sim_motor_controller) by extension 'ignore'
[0.283s] Level 1:colcon.colcon_core.package_identification:_identify(src/sim_motor_controller) by extension 'ignore_ament_install'
[0.283s] Level 1:colcon.colcon_core.package_identification:_identify(src/sim_motor_controller) by extensions ['colcon_pkg']
[0.283s] Level 1:colcon.colcon_core.package_identification:_identify(src/sim_motor_controller) by extension 'colcon_pkg'
[0.283s] Level 1:colcon.colcon_core.package_identification:_identify(src/sim_motor_controller) by extensions ['colcon_meta']
[0.283s] Level 1:colcon.colcon_core.package_identification:_identify(src/sim_motor_controller) by extension 'colcon_meta'
[0.283s] Level 1:colcon.colcon_core.package_identification:_identify(src/sim_motor_controller) by extensions ['ros']
[0.283s] Level 1:colcon.colcon_core.package_identification:_identify(src/sim_motor_controller) by extension 'ros'
[0.284s] DEBUG:colcon.colcon_core.package_identification:Package 'src/sim_motor_controller' with type 'ros.ament_python' and name 'sim_motor_controller'
[0.284s] Level 1:colcon.colcon_core.package_discovery:discover_packages(recursive) using defaults
[0.284s] Level 1:colcon.colcon_core.package_discovery:discover_packages(ignore) discover
[0.284s] Level 1:colcon.colcon_core.package_discovery:discover_packages(ignore) using defaults
[0.284s] Level 1:colcon.colcon_core.package_discovery:discover_packages(path) discover
[0.284s] Level 1:colcon.colcon_core.package_discovery:discover_packages(path) using defaults
[0.309s] INFO:colcon.colcon_core.package_selection:Skipping not selected package 'real_motor_controller' in 'src/real_motor_controller'
[0.310s] INFO:colcon.colcon_core.package_selection:Skipping not selected package 'sim_motor_controller' in 'src/sim_motor_controller'
[0.310s] Level 1:colcon.colcon_core.package_discovery:discover_packages(prefix_path) check parameters
[0.310s] Level 1:colcon.colcon_core.package_discovery:discover_packages(prefix_path) discover
[0.312s] DEBUG:colcon.colcon_installed_package_information.package_discovery:Found 432 installed packages in /opt/ros/humble
[0.314s] Level 1:colcon.colcon_core.package_discovery:discover_packages(prefix_path) using defaults
[0.357s] Level 5:colcon.colcon_core.verb:set package 'arm_controller' build argument 'cmake_args' from command line to 'None'
[0.357s] Level 5:colcon.colcon_core.verb:set package 'arm_controller' build argument 'cmake_target' from command line to 'None'
[0.357s] Level 5:colcon.colcon_core.verb:set package 'arm_controller' build argument 'cmake_target_skip_unavailable' from command line to 'False'
[0.357s] Level 5:colcon.colcon_core.verb:set package 'arm_controller' build argument 'cmake_clean_cache' from command line to 'False'
[0.357s] Level 5:colcon.colcon_core.verb:set package 'arm_controller' build argument 'cmake_clean_first' from command line to 'False'
[0.357s] Level 5:colcon.colcon_core.verb:set package 'arm_controller' build argument 'cmake_force_configure' from command line to 'False'
[0.357s] Level 5:colcon.colcon_core.verb:set package 'arm_controller' build argument 'ament_cmake_args' from command line to 'None'
[0.357s] Level 5:colcon.colcon_core.verb:set package 'arm_controller' build argument 'catkin_cmake_args' from command line to 'None'
[0.357s] Level 5:colcon.colcon_core.verb:set package 'arm_controller' build argument 'catkin_skip_building_tests' from command line to 'False'
[0.357s] DEBUG:colcon.colcon_core.verb:Building package 'arm_controller' with the following arguments: {'ament_cmake_args': None, 'build_base': '/home/zhr/robot_arm/build/arm_controller', 'catkin_cmake_args': None, 'catkin_skip_building_tests': False, 'cmake_args': None, 'cmake_clean_cache': False, 'cmake_clean_first': False, 'cmake_force_configure': False, 'cmake_target': None, 'cmake_target_skip_unavailable': False, 'install_base': '/home/zhr/robot_arm/install/arm_controller', 'merge_install': False, 'path': '/home/zhr/robot_arm/src/arm_controller', 'symlink_install': True, 'test_result_base': None}
[0.357s] Level 5:colcon.colcon_core.verb:set package 'arm_bringup' build argument 'cmake_args' from command line to 'None'
[0.357s] Level 5:colcon.colcon_core.verb:set package 'arm_bringup' build argument 'cmake_target' from command line to 'None'
[0.357s] Level 5:colcon.colcon_core.verb:set package 'arm_bringup' build argument 'cmake_target_skip_unavailable' from command line to 'False'
[0.357s] Level 5:colcon.colcon_core.verb:set package 'arm_bringup' build argument 'cmake_clean_cache' from command line to 'False'
[0.357s] Level 5:colcon.colcon_core.verb:set package 'arm_bringup' build argument 'cmake_clean_first' from command line to 'False'
[0.357s] Level 5:colcon.colcon_core.verb:set package 'arm_bringup' build argument 'cmake_force_configure' from command line to 'False'
[0.357s] Level 5:colcon.colcon_core.verb:set package 'arm_bringup' build argument 'ament_cmake_args' from command line to 'None'
[0.357s] Level 5:colcon.colcon_core.verb:set package 'arm_bringup' build argument 'catkin_cmake_args' from command line to 'None'
[0.358s] Level 5:colcon.colcon_core.verb:set package 'arm_bringup' build argument 'catkin_skip_building_tests' from command line to 'False'
[0.358s] DEBUG:colcon.colcon_core.verb:Building package 'arm_bringup' with the following arguments: {'ament_cmake_args': None, 'build_base': '/home/zhr/robot_arm/build/arm_bringup', 'catkin_cmake_args': None, 'catkin_skip_building_tests': False, 'cmake_args': None, 'cmake_clean_cache': False, 'cmake_clean_first': False, 'cmake_force_configure': False, 'cmake_target': None, 'cmake_target_skip_unavailable': False, 'install_base': '/home/zhr/robot_arm/install/arm_bringup', 'merge_install': False, 'path': '/home/zhr/robot_arm/src/arm_bringup', 'symlink_install': True, 'test_result_base': None}
[0.358s] INFO:colcon.colcon_core.executor:Executing jobs using 'parallel' executor
[0.358s] DEBUG:colcon.colcon_parallel_executor.executor.parallel:run_until_complete
[0.359s] INFO:colcon.colcon_ros.task.ament_cmake.build:Building ROS package in '/home/zhr/robot_arm/src/arm_controller' with build type 'ament_cmake'
[0.359s] INFO:colcon.colcon_cmake.task.cmake.build:Building CMake package in '/home/zhr/robot_arm/src/arm_controller'
[0.360s] INFO:colcon.colcon_core.plugin_system:Skipping extension 'colcon_core.shell.bat': Not used on non-Windows systems
[0.360s] INFO:colcon.colcon_core.shell:Skip shell extension 'powershell' for command environment: Not usable outside of PowerShell
[0.360s] DEBUG:colcon.colcon_core.shell:Skip shell extension 'dsv' for command environment
[0.367s] DEBUG:colcon.colcon_core.event_handler.log_command:Invoking command in '/home/zhr/robot_arm/build/arm_controller': CMAKE_PREFIX_PATH=/opt/ros/humble /opt/st/stm32cubeclt_1.17.0/CMake/bin/cmake --build /home/zhr/robot_arm/build/arm_controller -- -j8 -l8
[14.161s] DEBUG:colcon.colcon_core.event_handler.log_command:Invoked command in '/home/zhr/robot_arm/build/arm_controller' returned '0': CMAKE_PREFIX_PATH=/opt/ros/humble /opt/st/stm32cubeclt_1.17.0/CMake/bin/cmake --build /home/zhr/robot_arm/build/arm_controller -- -j8 -l8
[14.164s] DEBUG:colcon.colcon_core.event_handler.log_command:Invoking command in '/home/zhr/robot_arm/build/arm_controller': CMAKE_PREFIX_PATH=/opt/ros/humble /opt/st/stm32cubeclt_1.17.0/CMake/bin/cmake --install /home/zhr/robot_arm/build/arm_controller
[14.171s] Level 1:colcon.colcon_core.environment:create_environment_scripts_only(arm_controller)
[14.171s] DEBUG:colcon.colcon_core.event_handler.log_command:Invoked command in '/home/zhr/robot_arm/build/arm_controller' returned '0': CMAKE_PREFIX_PATH=/opt/ros/humble /opt/st/stm32cubeclt_1.17.0/CMake/bin/cmake --install /home/zhr/robot_arm/build/arm_controller
[14.173s] Level 1:colcon.colcon_core.environment:checking '/home/zhr/robot_arm/install/arm_controller' for CMake module files
[14.173s] Level 1:colcon.colcon_core.environment:checking '/home/zhr/robot_arm/install/arm_controller' for CMake config files
[14.173s] Level 1:colcon.colcon_core.shell:create_environment_hook('arm_controller', 'cmake_prefix_path')
[14.174s] INFO:colcon.colcon_core.shell:Creating environment hook '/home/zhr/robot_arm/install/arm_controller/share/arm_controller/hook/cmake_prefix_path.ps1'
[14.174s] INFO:colcon.colcon_core.shell:Creating environment descriptor '/home/zhr/robot_arm/install/arm_controller/share/arm_controller/hook/cmake_prefix_path.dsv'
[14.175s] INFO:colcon.colcon_core.shell:Creating environment hook '/home/zhr/robot_arm/install/arm_controller/share/arm_controller/hook/cmake_prefix_path.sh'
[14.175s] Level 1:colcon.colcon_core.environment:checking '/home/zhr/robot_arm/install/arm_controller/lib'
[14.175s] Level 1:colcon.colcon_core.environment:checking '/home/zhr/robot_arm/install/arm_controller/bin'
[14.175s] Level 1:colcon.colcon_core.environment:checking '/home/zhr/robot_arm/install/arm_controller/lib/pkgconfig/arm_controller.pc'
[14.176s] Level 1:colcon.colcon_core.environment:checking '/home/zhr/robot_arm/install/arm_controller/lib/python3.10/site-packages'
[14.176s] Level 1:colcon.colcon_core.environment:checking '/home/zhr/robot_arm/install/arm_controller/bin'
[14.176s] INFO:colcon.colcon_core.shell:Creating package script '/home/zhr/robot_arm/install/arm_controller/share/arm_controller/package.ps1'
[14.177s] INFO:colcon.colcon_core.shell:Creating package descriptor '/home/zhr/robot_arm/install/arm_controller/share/arm_controller/package.dsv'
[14.177s] INFO:colcon.colcon_core.shell:Creating package script '/home/zhr/robot_arm/install/arm_controller/share/arm_controller/package.sh'
[14.178s] INFO:colcon.colcon_core.shell:Creating package script '/home/zhr/robot_arm/install/arm_controller/share/arm_controller/package.bash'
[14.178s] INFO:colcon.colcon_core.shell:Creating package script '/home/zhr/robot_arm/install/arm_controller/share/arm_controller/package.zsh'
[14.179s] Level 1:colcon.colcon_core.environment:create_file_with_runtime_dependencies(/home/zhr/robot_arm/install/arm_controller/share/colcon-core/packages/arm_controller)
[14.179s] Level 1:colcon.colcon_core.environment:create_environment_scripts_only(arm_controller)
[14.179s] Level 1:colcon.colcon_core.environment:checking '/home/zhr/robot_arm/install/arm_controller' for CMake module files
[14.180s] Level 1:colcon.colcon_core.environment:checking '/home/zhr/robot_arm/install/arm_controller' for CMake config files
[14.180s] Level 1:colcon.colcon_core.shell:create_environment_hook('arm_controller', 'cmake_prefix_path')
[14.180s] INFO:colcon.colcon_core.shell:Creating environment hook '/home/zhr/robot_arm/install/arm_controller/share/arm_controller/hook/cmake_prefix_path.ps1'
[14.180s] INFO:colcon.colcon_core.shell:Creating environment descriptor '/home/zhr/robot_arm/install/arm_controller/share/arm_controller/hook/cmake_prefix_path.dsv'
[14.181s] INFO:colcon.colcon_core.shell:Creating environment hook '/home/zhr/robot_arm/install/arm_controller/share/arm_controller/hook/cmake_prefix_path.sh'
[14.181s] Level 1:colcon.colcon_core.environment:checking '/home/zhr/robot_arm/install/arm_controller/lib'
[14.181s] Level 1:colcon.colcon_core.environment:checking '/home/zhr/robot_arm/install/arm_controller/bin'
[14.181s] Level 1:colcon.colcon_core.environment:checking '/home/zhr/robot_arm/install/arm_controller/lib/pkgconfig/arm_controller.pc'
[14.181s] Level 1:colcon.colcon_core.environment:checking '/home/zhr/robot_arm/install/arm_controller/lib/python3.10/site-packages'
[14.182s] Level 1:colcon.colcon_core.environment:checking '/home/zhr/robot_arm/install/arm_controller/bin'
[14.182s] INFO:colcon.colcon_core.shell:Creating package script '/home/zhr/robot_arm/install/arm_controller/share/arm_controller/package.ps1'
[14.182s] INFO:colcon.colcon_core.shell:Creating package descriptor '/home/zhr/robot_arm/install/arm_controller/share/arm_controller/package.dsv'
[14.182s] INFO:colcon.colcon_core.shell:Creating package script '/home/zhr/robot_arm/install/arm_controller/share/arm_controller/package.sh'
[14.183s] INFO:colcon.colcon_core.shell:Creating package script '/home/zhr/robot_arm/install/arm_controller/share/arm_controller/package.bash'
[14.183s] INFO:colcon.colcon_core.shell:Creating package script '/home/zhr/robot_arm/install/arm_controller/share/arm_controller/package.zsh'
[14.183s] Level 1:colcon.colcon_core.environment:create_file_with_runtime_dependencies(/home/zhr/robot_arm/install/arm_controller/share/colcon-core/packages/arm_controller)
[14.184s] INFO:colcon.colcon_ros.task.ament_cmake.build:Building ROS package in '/home/zhr/robot_arm/src/arm_bringup' with build type 'ament_cmake'
[14.184s] INFO:colcon.colcon_cmake.task.cmake.build:Building CMake package in '/home/zhr/robot_arm/src/arm_bringup'
[14.184s] INFO:colcon.colcon_core.shell:Skip shell extension 'powershell' for command environment: Not usable outside of PowerShell
[14.184s] DEBUG:colcon.colcon_core.shell:Skip shell extension 'dsv' for command environment
[14.192s] DEBUG:colcon.colcon_core.event_handler.log_command:Invoking command in '/home/zhr/robot_arm/build/arm_bringup': AMENT_PREFIX_PATH=/home/zhr/robot_arm/install/sim_motor_controller:/home/zhr/robot_arm/install/real_motor_controller:/home/zhr/robot_arm/install/arm_controller:${AMENT_PREFIX_PATH} CMAKE_PREFIX_PATH=/home/zhr/robot_arm/install/arm_controller:/opt/ros/humble PYTHONPATH=/home/zhr/robot_arm/install/sim_motor_controller/lib/python3.10/site-packages:/home/zhr/robot_arm/install/real_motor_controller/lib/python3.10/site-packages:${PYTHONPATH} /opt/st/stm32cubeclt_1.17.0/CMake/bin/cmake --build /home/zhr/robot_arm/build/arm_bringup -- -j8 -l8
[14.201s] DEBUG:colcon.colcon_core.event_handler.log_command:Invoked command in '/home/zhr/robot_arm/build/arm_bringup' returned '0': AMENT_PREFIX_PATH=/home/zhr/robot_arm/install/sim_motor_controller:/home/zhr/robot_arm/install/real_motor_controller:/home/zhr/robot_arm/install/arm_controller:${AMENT_PREFIX_PATH} CMAKE_PREFIX_PATH=/home/zhr/robot_arm/install/arm_controller:/opt/ros/humble PYTHONPATH=/home/zhr/robot_arm/install/sim_motor_controller/lib/python3.10/site-packages:/home/zhr/robot_arm/install/real_motor_controller/lib/python3.10/site-packages:${PYTHONPATH} /opt/st/stm32cubeclt_1.17.0/CMake/bin/cmake --build /home/zhr/robot_arm/build/arm_bringup -- -j8 -l8
[14.203s] DEBUG:colcon.colcon_core.event_handler.log_command:Invoking command in '/home/zhr/robot_arm/build/arm_bringup': AMENT_PREFIX_PATH=/home/zhr/robot_arm/install/sim_motor_controller:/home/zhr/robot_arm/install/real_motor_controller:/home/zhr/robot_arm/install/arm_controller:${AMENT_PREFIX_PATH} CMAKE_PREFIX_PATH=/home/zhr/robot_arm/install/arm_controller:/opt/ros/humble PYTHONPATH=/home/zhr/robot_arm/install/sim_motor_controller/lib/python3.10/site-packages:/home/zhr/robot_arm/install/real_motor_controller/lib/python3.10/site-packages:${PYTHONPATH} /opt/st/stm32cubeclt_1.17.0/CMake/bin/cmake --install /home/zhr/robot_arm/build/arm_bringup
[14.213s] Level 1:colcon.colcon_core.environment:create_environment_scripts_only(arm_bringup)
[14.214s] Level 1:colcon.colcon_core.environment:checking '/home/zhr/robot_arm/install/arm_bringup' for CMake module files
[14.214s] DEBUG:colcon.colcon_core.event_handler.log_command:Invoked command in '/home/zhr/robot_arm/build/arm_bringup' returned '0': AMENT_PREFIX_PATH=/home/zhr/robot_arm/install/sim_motor_controller:/home/zhr/robot_arm/install/real_motor_controller:/home/zhr/robot_arm/install/arm_controller:${AMENT_PREFIX_PATH} CMAKE_PREFIX_PATH=/home/zhr/robot_arm/install/arm_controller:/opt/ros/humble PYTHONPATH=/home/zhr/robot_arm/install/sim_motor_controller/lib/python3.10/site-packages:/home/zhr/robot_arm/install/real_motor_controller/lib/python3.10/site-packages:${PYTHONPATH} /opt/st/stm32cubeclt_1.17.0/CMake/bin/cmake --install /home/zhr/robot_arm/build/arm_bringup
[14.214s] Level 1:colcon.colcon_core.environment:checking '/home/zhr/robot_arm/install/arm_bringup' for CMake config files
[14.215s] Level 1:colcon.colcon_core.shell:create_environment_hook('arm_bringup', 'cmake_prefix_path')
[14.215s] INFO:colcon.colcon_core.shell:Creating environment hook '/home/zhr/robot_arm/install/arm_bringup/share/arm_bringup/hook/cmake_prefix_path.ps1'
[14.215s] INFO:colcon.colcon_core.shell:Creating environment descriptor '/home/zhr/robot_arm/install/arm_bringup/share/arm_bringup/hook/cmake_prefix_path.dsv'
[14.215s] INFO:colcon.colcon_core.shell:Creating environment hook '/home/zhr/robot_arm/install/arm_bringup/share/arm_bringup/hook/cmake_prefix_path.sh'
[14.216s] Level 1:colcon.colcon_core.environment:checking '/home/zhr/robot_arm/install/arm_bringup/bin'
[14.216s] Level 1:colcon.colcon_core.environment:checking '/home/zhr/robot_arm/install/arm_bringup/lib/pkgconfig/arm_bringup.pc'
[14.216s] Level 1:colcon.colcon_core.environment:checking '/home/zhr/robot_arm/install/arm_bringup/lib/python3.10/site-packages'
[14.216s] Level 1:colcon.colcon_core.environment:checking '/home/zhr/robot_arm/install/arm_bringup/bin'
[14.217s] INFO:colcon.colcon_core.shell:Creating package script '/home/zhr/robot_arm/install/arm_bringup/share/arm_bringup/package.ps1'
[14.217s] INFO:colcon.colcon_core.shell:Creating package descriptor '/home/zhr/robot_arm/install/arm_bringup/share/arm_bringup/package.dsv'
[14.217s] INFO:colcon.colcon_core.shell:Creating package script '/home/zhr/robot_arm/install/arm_bringup/share/arm_bringup/package.sh'
[14.218s] INFO:colcon.colcon_core.shell:Creating package script '/home/zhr/robot_arm/install/arm_bringup/share/arm_bringup/package.bash'
[14.218s] INFO:colcon.colcon_core.shell:Creating package script '/home/zhr/robot_arm/install/arm_bringup/share/arm_bringup/package.zsh'
[14.218s] Level 1:colcon.colcon_core.environment:create_file_with_runtime_dependencies(/home/zhr/robot_arm/install/arm_bringup/share/colcon-core/packages/arm_bringup)
[14.219s] Level 1:colcon.colcon_core.environment:create_environment_scripts_only(arm_bringup)
[14.219s] Level 1:colcon.colcon_core.environment:checking '/home/zhr/robot_arm/install/arm_bringup' for CMake module files
[14.219s] Level 1:colcon.colcon_core.environment:checking '/home/zhr/robot_arm/install/arm_bringup' for CMake config files
[14.220s] Level 1:colcon.colcon_core.shell:create_environment_hook('arm_bringup', 'cmake_prefix_path')
[14.220s] INFO:colcon.colcon_core.shell:Creating environment hook '/home/zhr/robot_arm/install/arm_bringup/share/arm_bringup/hook/cmake_prefix_path.ps1'
[14.220s] INFO:colcon.colcon_core.shell:Creating environment descriptor '/home/zhr/robot_arm/install/arm_bringup/share/arm_bringup/hook/cmake_prefix_path.dsv'
[14.221s] INFO:colcon.colcon_core.shell:Creating environment hook '/home/zhr/robot_arm/install/arm_bringup/share/arm_bringup/hook/cmake_prefix_path.sh'
[14.221s] Level 1:colcon.colcon_core.environment:checking '/home/zhr/robot_arm/install/arm_bringup/bin'
[14.221s] Level 1:colcon.colcon_core.environment:checking '/home/zhr/robot_arm/install/arm_bringup/lib/pkgconfig/arm_bringup.pc'
[14.221s] Level 1:colcon.colcon_core.environment:checking '/home/zhr/robot_arm/install/arm_bringup/lib/python3.10/site-packages'
[14.222s] Level 1:colcon.colcon_core.environment:checking '/home/zhr/robot_arm/install/arm_bringup/bin'
[14.222s] INFO:colcon.colcon_core.shell:Creating package script '/home/zhr/robot_arm/install/arm_bringup/share/arm_bringup/package.ps1'
[14.222s] INFO:colcon.colcon_core.shell:Creating package descriptor '/home/zhr/robot_arm/install/arm_bringup/share/arm_bringup/package.dsv'
[14.223s] INFO:colcon.colcon_core.shell:Creating package script '/home/zhr/robot_arm/install/arm_bringup/share/arm_bringup/package.sh'
[14.223s] INFO:colcon.colcon_core.shell:Creating package script '/home/zhr/robot_arm/install/arm_bringup/share/arm_bringup/package.bash'
[14.223s] INFO:colcon.colcon_core.shell:Creating package script '/home/zhr/robot_arm/install/arm_bringup/share/arm_bringup/package.zsh'
[14.224s] Level 1:colcon.colcon_core.environment:create_file_with_runtime_dependencies(/home/zhr/robot_arm/install/arm_bringup/share/colcon-core/packages/arm_bringup)
[14.224s] DEBUG:colcon.colcon_parallel_executor.executor.parallel:closing loop
[14.224s] DEBUG:colcon.colcon_parallel_executor.executor.parallel:loop closed
[14.224s] DEBUG:colcon.colcon_parallel_executor.executor.parallel:run_until_complete finished with '0'
[14.224s] DEBUG:colcon.colcon_core.event_reactor:joining thread
[14.228s] INFO:colcon.colcon_core.plugin_system:Skipping extension 'colcon_notification.desktop_notification.terminal_notifier': Not used on non-Darwin systems
[14.228s] INFO:colcon.colcon_core.plugin_system:Skipping extension 'colcon_notification.desktop_notification.win32': Not used on non-Windows systems
[14.228s] INFO:colcon.colcon_notification.desktop_notification:Sending desktop notification using 'notify2'
[14.237s] DEBUG:colcon.colcon_core.event_reactor:joined thread
[14.238s] INFO:colcon.colcon_core.shell:Creating prefix script '/home/zhr/robot_arm/install/local_setup.ps1'
[14.238s] INFO:colcon.colcon_core.shell:Creating prefix util module '/home/zhr/robot_arm/install/_local_setup_util_ps1.py'
[14.240s] INFO:colcon.colcon_core.shell:Creating prefix chain script '/home/zhr/robot_arm/install/setup.ps1'
[14.240s] INFO:colcon.colcon_core.shell:Creating prefix script '/home/zhr/robot_arm/install/local_setup.sh'
[14.241s] INFO:colcon.colcon_core.shell:Creating prefix util module '/home/zhr/robot_arm/install/_local_setup_util_sh.py'
[14.242s] INFO:colcon.colcon_core.shell:Creating prefix chain script '/home/zhr/robot_arm/install/setup.sh'
[14.243s] INFO:colcon.colcon_core.shell:Creating prefix script '/home/zhr/robot_arm/install/local_setup.bash'
[14.243s] INFO:colcon.colcon_core.shell:Creating prefix chain script '/home/zhr/robot_arm/install/setup.bash'
[14.244s] INFO:colcon.colcon_core.shell:Creating prefix script '/home/zhr/robot_arm/install/local_setup.zsh'
[14.245s] INFO:colcon.colcon_core.shell:Creating prefix chain script '/home/zhr/robot_arm/install/setup.zsh'
